[0.012s] Invoking command in '/home/fzq614/My_ROS_Robot/ROS-WorkSpace/ROS2-Robot-WS/build/serial_test': CMAKE_PREFIX_PATH=${CMAKE_PREFIX_PATH}:/opt/ros/galactic /usr/bin/cmake --build /home/fzq614/My_ROS_Robot/ROS-WorkSpace/ROS2-Robot-WS/build/serial_test -- -j4 -l4
[0.053s] [35m[1mScanning dependencies of target serial_test[0m
[0.077s] [ 33%] [32mBuilding CXX object CMakeFiles/serial_test.dir/src/serial_linux.cpp.o[0m
[1.611s] [01m[K/home/fzq614/My_ROS_Robot/ROS-WorkSpace/ROS2-Robot-WS/src/serial_test/src/serial_linux.cpp:[m[K In member function â€˜[01m[Kvoid Serial::write_to_serial(std::__cxx11::string)[m[Kâ€™:
[1.611s] [01m[K/home/fzq614/My_ROS_Robot/ROS-WorkSpace/ROS2-Robot-WS/src/serial_test/src/serial_linux.cpp:37:12:[m[K [01;35m[Kwarning: [m[Kvariable â€˜[01m[Klen[m[Kâ€™ set but not used [[01;35m[K-Wunused-but-set-variable[m[K]
[1.611s]      size_t [01;35m[Klen[m[K;
[1.611s]             [01;35m[K^~~[m[K
[1.836s] In file included from [01m[K/usr/include/boost/asio/read.hpp:1243[m[K,
[1.836s]                  from [01m[K/usr/include/boost/asio.hpp:112[m[K,
[1.836s]                  from [01m[K/home/fzq614/My_ROS_Robot/ROS-WorkSpace/ROS2-Robot-WS/src/serial_test/src/serial_linux.hpp:5[m[K,
[1.836s]                  from [01m[K/home/fzq614/My_ROS_Robot/ROS-WorkSpace/ROS2-Robot-WS/src/serial_test/src/serial_linux.cpp:1[m[K:
[1.836s] /usr/include/boost/asio/impl/read.hpp: In instantiation of â€˜[01m[Kstd::size_t boost::asio::detail::read_buffer_sequence(SyncReadStream&, const MutableBufferSequence&, const MutableBufferIterator&, CompletionCondition, boost::system::error_code&) [with SyncReadStream = boost::asio::basic_serial_port<>*; MutableBufferSequence = boost::asio::mutable_buffers_1; MutableBufferIterator = const boost::asio::mutable_buffer*; CompletionCondition = boost::asio::detail::transfer_all_t; std::size_t = long unsigned int][m[Kâ€™:
[1.836s] [01m[K/usr/include/boost/asio/impl/read.hpp:72:38:[m[K   required from â€˜[01m[Kstd::size_t boost::asio::read(SyncReadStream&, const MutableBufferSequence&, CompletionCondition, boost::system::error_code&, typename std::enable_if<boost::asio::is_mutable_buffer_sequence<MutableBufferSequence>::value>::type*) [with SyncReadStream = boost::asio::basic_serial_port<>*; MutableBufferSequence = boost::asio::mutable_buffers_1; CompletionCondition = boost::asio::detail::transfer_all_t; std::size_t = long unsigned int; typename std::enable_if<boost::asio::is_mutable_buffer_sequence<MutableBufferSequence>::value>::type = void][m[Kâ€™
[1.836s] [01m[K/usr/include/boost/asio/impl/read.hpp:84:39:[m[K   required from â€˜[01m[Kstd::size_t boost::asio::read(SyncReadStream&, const MutableBufferSequence&, typename std::enable_if<boost::asio::is_mutable_buffer_sequence<MutableBufferSequence>::value>::type*) [with SyncReadStream = boost::asio::basic_serial_port<>*; MutableBufferSequence = boost::asio::mutable_buffers_1; std::size_t = long unsigned int; typename std::enable_if<boost::asio::is_mutable_buffer_sequence<MutableBufferSequence>::value>::type = void][m[Kâ€™
[1.836s] [01m[K/home/fzq614/My_ROS_Robot/ROS-WorkSpace/ROS2-Robot-WS/src/serial_test/src/serial_linux.cpp:45:61:[m[K   required from here
[1.836s] [01m[K/usr/include/boost/asio/impl/read.hpp:56:23:[m[K [01;31m[Kerror: [m[Krequest for member â€˜[01m[Kread_some[m[Kâ€™ in â€˜[01m[Ks[m[Kâ€™, which is of pointer type â€˜[01m[Kboost::asio::basic_serial_port<>*[m[Kâ€™ (maybe you meant to use â€˜[01m[K->[m[Kâ€™ ?)
[1.836s]          tmp.consume([01;31m[Ks.read_some[m[K(tmp.prepare(max_size), ec));
[1.836s]                      [01;31m[K~~^~~~~~~~~[m[K
[2.049s] make[2]: *** [CMakeFiles/serial_test.dir/build.make:76: CMakeFiles/serial_test.dir/src/serial_linux.cpp.o] Error 1
[2.049s] make[1]: *** [CMakeFiles/Makefile2:78: CMakeFiles/serial_test.dir/all] Error 2
[2.049s] make: *** [Makefile:141: all] Error 2
[2.053s] Invoked command in '/home/fzq614/My_ROS_Robot/ROS-WorkSpace/ROS2-Robot-WS/build/serial_test' returned '2': CMAKE_PREFIX_PATH=${CMAKE_PREFIX_PATH}:/opt/ros/galactic /usr/bin/cmake --build /home/fzq614/My_ROS_Robot/ROS-WorkSpace/ROS2-Robot-WS/build/serial_test -- -j4 -l4
