[01m[K/home/fzq614/My_ROS_Robot/ROS-WorkSpace/ROS2-Robot-WS/src/serial_test/src/serial_linux.cpp:[m[K In member function â€˜[01m[Kvoid Serial::SerialInit(std::__cxx11::string&)[m[Kâ€™:
[01m[K/home/fzq614/My_ROS_Robot/ROS-WorkSpace/ROS2-Robot-WS/src/serial_test/src/serial_linux.cpp:25:24:[m[K [01;31m[Kerror: [m[Kâ€˜[01m[Ksp[m[Kâ€™ was not declared in this scope
     boost::asio::write([01;31m[Ksp[m[K, boost::asio::buffer("Hello world", 12));
                        [01;31m[K^~[m[K
[01m[K/home/fzq614/My_ROS_Robot/ROS-WorkSpace/ROS2-Robot-WS/src/serial_test/src/serial_linux.cpp:[m[K In member function â€˜[01m[Kvoid Serial::SerialWrite(double*, unsigned char, unsigned char)[m[Kâ€™:
[01m[K/home/fzq614/My_ROS_Robot/ROS-WorkSpace/ROS2-Robot-WS/src/serial_test/src/serial_linux.cpp:114:25:[m[K [01;31m[Kerror: [m[Kâ€˜[01m[Kserial_port_[m[Kâ€™ was not declared in this scope
     boost::asio::write(*[01;31m[Kserial_port_[m[K.get(), boost::asio::buffer(SendBuf, (unsigned int)SendLength), error_code_);
                         [01;31m[K^~~~~~~~~~~~[m[K
[01m[K/home/fzq614/My_ROS_Robot/ROS-WorkSpace/ROS2-Robot-WS/src/serial_test/src/serial_linux.cpp:114:25:[m[K [01;36m[Knote: [m[Ksuggested alternative: â€˜[01m[KSerialInit[m[Kâ€™
     boost::asio::write(*[01;36m[Kserial_port_[m[K.get(), boost::asio::buffer(SendBuf, (unsigned int)SendLength), error_code_);
                         [01;36m[K^~~~~~~~~~~~[m[K
                         [32m[KSerialInit[m[K
[01m[K/home/fzq614/My_ROS_Robot/ROS-WorkSpace/ROS2-Robot-WS/src/serial_test/src/serial_linux.cpp:[m[K In member function â€˜[01m[Kbool Serial::SerialRead(double*, unsigned char*)[m[Kâ€™:
[01m[K/home/fzq614/My_ROS_Robot/ROS-WorkSpace/ROS2-Robot-WS/src/serial_test/src/serial_linux.cpp:135:34:[m[K [01;31m[Kerror: [m[Kâ€˜[01m[Kserial_port_[m[Kâ€™ was not declared in this scope
         boost::asio::read_until(*[01;31m[Kserial_port_[m[K.get(), response, "\r\n", error_code_);
                                  [01;31m[K^~~~~~~~~~~~[m[K
[01m[K/home/fzq614/My_ROS_Robot/ROS-WorkSpace/ROS2-Robot-WS/src/serial_test/src/serial_linux.cpp:135:34:[m[K [01;36m[Knote: [m[Ksuggested alternative: â€˜[01m[KSerialInit[m[Kâ€™
         boost::asio::read_until(*[01;36m[Kserial_port_[m[K.get(), response, "\r\n", error_code_);
                                  [01;36m[K^~~~~~~~~~~~[m[K
                                  [32m[KSerialInit[m[K
make[2]: *** [CMakeFiles/serial_test.dir/build.make:76: CMakeFiles/serial_test.dir/src/serial_linux.cpp.o] Error 1
make[1]: *** [CMakeFiles/Makefile2:78: CMakeFiles/serial_test.dir/all] Error 2
make: *** [Makefile:141: all] Error 2
