[0.014s] Invoking command in '/home/fzq614/My_ROS_Robot/ROS-WorkSpace/ROS2-Robot-WS/build/serial_test': CMAKE_PREFIX_PATH=${CMAKE_PREFIX_PATH}:/opt/ros/galactic /usr/bin/cmake --build /home/fzq614/My_ROS_Robot/ROS-WorkSpace/ROS2-Robot-WS/build/serial_test -- -j4 -l4
[0.053s] [35m[1mScanning dependencies of target serial_test[0m
[0.079s] [ 33%] [32mBuilding CXX object CMakeFiles/serial_test.dir/src/serial_linux.cpp.o[0m
[1.601s] [01m[K/home/fzq614/My_ROS_Robot/ROS-WorkSpace/ROS2-Robot-WS/src/serial_test/src/serial_linux.cpp:[m[K In member function â€˜[01m[Kvoid Serial::SerialInit(std::__cxx11::string&)[m[Kâ€™:
[1.601s] [01m[K/home/fzq614/My_ROS_Robot/ROS-WorkSpace/ROS2-Robot-WS/src/serial_test/src/serial_linux.cpp:25:24:[m[K [01;31m[Kerror: [m[Kâ€˜[01m[Ksp[m[Kâ€™ was not declared in this scope
[1.601s]      boost::asio::write([01;31m[Ksp[m[K, boost::asio::buffer("Hello world", 12));
[1.601s]                         [01;31m[K^~[m[K
[1.605s] [01m[K/home/fzq614/My_ROS_Robot/ROS-WorkSpace/ROS2-Robot-WS/src/serial_test/src/serial_linux.cpp:[m[K In member function â€˜[01m[Kvoid Serial::SerialWrite(double*, unsigned char, unsigned char)[m[Kâ€™:
[1.605s] [01m[K/home/fzq614/My_ROS_Robot/ROS-WorkSpace/ROS2-Robot-WS/src/serial_test/src/serial_linux.cpp:114:25:[m[K [01;31m[Kerror: [m[Kâ€˜[01m[Kserial_port_[m[Kâ€™ was not declared in this scope
[1.605s]      boost::asio::write(*[01;31m[Kserial_port_[m[K.get(), boost::asio::buffer(SendBuf, (unsigned int)SendLength), error_code_);
[1.605s]                          [01;31m[K^~~~~~~~~~~~[m[K
[1.608s] [01m[K/home/fzq614/My_ROS_Robot/ROS-WorkSpace/ROS2-Robot-WS/src/serial_test/src/serial_linux.cpp:114:25:[m[K [01;36m[Knote: [m[Ksuggested alternative: â€˜[01m[KSerialInit[m[Kâ€™
[1.608s]      boost::asio::write(*[01;36m[Kserial_port_[m[K.get(), boost::asio::buffer(SendBuf, (unsigned int)SendLength), error_code_);
[1.608s]                          [01;36m[K^~~~~~~~~~~~[m[K
[1.608s]                          [32m[KSerialInit[m[K
[1.608s] [01m[K/home/fzq614/My_ROS_Robot/ROS-WorkSpace/ROS2-Robot-WS/src/serial_test/src/serial_linux.cpp:[m[K In member function â€˜[01m[Kbool Serial::SerialRead(double*, unsigned char*)[m[Kâ€™:
[1.608s] [01m[K/home/fzq614/My_ROS_Robot/ROS-WorkSpace/ROS2-Robot-WS/src/serial_test/src/serial_linux.cpp:135:34:[m[K [01;31m[Kerror: [m[Kâ€˜[01m[Kserial_port_[m[Kâ€™ was not declared in this scope
[1.608s]          boost::asio::read_until(*[01;31m[Kserial_port_[m[K.get(), response, "\r\n", error_code_);
[1.608s]                                   [01;31m[K^~~~~~~~~~~~[m[K
[1.611s] [01m[K/home/fzq614/My_ROS_Robot/ROS-WorkSpace/ROS2-Robot-WS/src/serial_test/src/serial_linux.cpp:135:34:[m[K [01;36m[Knote: [m[Ksuggested alternative: â€˜[01m[KSerialInit[m[Kâ€™
[1.611s]          boost::asio::read_until(*[01;36m[Kserial_port_[m[K.get(), response, "\r\n", error_code_);
[1.611s]                                   [01;36m[K^~~~~~~~~~~~[m[K
[1.611s]                                   [32m[KSerialInit[m[K
[2.024s] make[2]: *** [CMakeFiles/serial_test.dir/build.make:76: CMakeFiles/serial_test.dir/src/serial_linux.cpp.o] Error 1
[2.024s] make[1]: *** [CMakeFiles/Makefile2:78: CMakeFiles/serial_test.dir/all] Error 2
[2.025s] make: *** [Makefile:141: all] Error 2
[2.028s] Invoked command in '/home/fzq614/My_ROS_Robot/ROS-WorkSpace/ROS2-Robot-WS/build/serial_test' returned '2': CMAKE_PREFIX_PATH=${CMAKE_PREFIX_PATH}:/opt/ros/galactic /usr/bin/cmake --build /home/fzq614/My_ROS_Robot/ROS-WorkSpace/ROS2-Robot-WS/build/serial_test -- -j4 -l4
