[0.010s] Invoking command in '/home/fzq614/My_ROS_Robot/ROS-WorkSpace/ROS2-Robot-WS/build/serial_test': CMAKE_PREFIX_PATH=${CMAKE_PREFIX_PATH}:/opt/ros/galactic /usr/bin/cmake --build /home/fzq614/My_ROS_Robot/ROS-WorkSpace/ROS2-Robot-WS/build/serial_test -- -j4 -l4
[0.051s] [35m[1mScanning dependencies of target serial_test[0m
[0.076s] [ 66%] [32mBuilding CXX object CMakeFiles/serial_test.dir/src/serial_test.cpp.o[0m
[0.076s] [ 66%] [32mBuilding CXX object CMakeFiles/serial_test.dir/src/serial_linux.cpp.o[0m
[1.628s] [01m[K/home/fzq614/My_ROS_Robot/ROS-WorkSpace/ROS2-Robot-WS/src/serial_test/src/serial_linux.cpp:[m[K In constructor â€˜[01m[KSerial::Serial(const string&)[m[Kâ€™:
[1.628s] [01m[K/home/fzq614/My_ROS_Robot/ROS-WorkSpace/ROS2-Robot-WS/src/serial_test/src/serial_linux.cpp:19:20:[m[K [01;31m[Kerror: [m[Kbinding reference of type â€˜[01m[Kstd::__cxx11::string&[m[Kâ€™ {aka â€˜[01m[Kstd::__cxx11::basic_string<char>&[m[Kâ€™} to â€˜[01m[Kconst string[m[Kâ€™ {aka â€˜[01m[Kconst std::__cxx11::basic_string<char>[m[Kâ€™} discards qualifiers
[1.628s]          SerialInit([01;31m[Kport_name_[m[K);
[1.628s]                     [01;31m[K^~~~~~~~~~[m[K
[1.628s] In file included from [01m[K/home/fzq614/My_ROS_Robot/ROS-WorkSpace/ROS2-Robot-WS/src/serial_test/src/serial_linux.cpp:1[m[K:
[1.628s] [01m[K/home/fzq614/My_ROS_Robot/ROS-WorkSpace/ROS2-Robot-WS/src/serial_test/src/serial_linux.hpp:22:10:[m[K [01;36m[Knote: [m[K  initializing argument 1 of â€˜[01m[Kvoid Serial::SerialInit(std::__cxx11::string&)[m[Kâ€™
[1.628s]      void [01;36m[KSerialInit[m[K(std::string &port_name_);
[1.628s]           [01;36m[K^~~~~~~~~~[m[K
[2.091s] make[2]: *** [CMakeFiles/serial_test.dir/build.make:76: CMakeFiles/serial_test.dir/src/serial_linux.cpp.o] Error 1
[2.091s] make[2]: *** Waiting for unfinished jobs....
[2.573s] make[1]: *** [CMakeFiles/Makefile2:78: CMakeFiles/serial_test.dir/all] Error 2
[2.573s] make: *** [Makefile:141: all] Error 2
[2.577s] Invoked command in '/home/fzq614/My_ROS_Robot/ROS-WorkSpace/ROS2-Robot-WS/build/serial_test' returned '2': CMAKE_PREFIX_PATH=${CMAKE_PREFIX_PATH}:/opt/ros/galactic /usr/bin/cmake --build /home/fzq614/My_ROS_Robot/ROS-WorkSpace/ROS2-Robot-WS/build/serial_test -- -j4 -l4
