[01m[K/home/fzq614/My_ROS_Robot/ROS-WorkSpace/ROS2-Robot-WS/src/serial_test/src/serial_linux.cpp:15:37:[m[K [01;31m[Kerror: [m[Kâ€˜[01m[Kany_type[m[Kâ€™ does not name a type; did you mean â€˜[01m[Kisfdtype[m[Kâ€™?
 void Serial::write_to_serial( const [01;31m[Kany_type[m[K data )
                                     [01;31m[K^~~~~~~~[m[K
                                     [32m[Kisfdtype[m[K
[01m[K/home/fzq614/My_ROS_Robot/ROS-WorkSpace/ROS2-Robot-WS/src/serial_test/src/serial_linux.cpp:15:6:[m[K [01;31m[Kerror: [m[Kno declaration matches â€˜[01m[Kvoid Serial::write_to_serial(int)[m[Kâ€™
 void [01;31m[KSerial[m[K::write_to_serial( const any_type data )
      [01;31m[K^~~~~~[m[K
[01m[K/home/fzq614/My_ROS_Robot/ROS-WorkSpace/ROS2-Robot-WS/src/serial_test/src/serial_linux.cpp:15:6:[m[K [01;36m[Knote: [m[Kno functions named â€˜[01m[Kvoid Serial::write_to_serial(int)[m[Kâ€™
In file included from [01m[K/home/fzq614/My_ROS_Robot/ROS-WorkSpace/ROS2-Robot-WS/src/serial_test/src/serial_linux.cpp:1[m[K:
[01m[K/home/fzq614/My_ROS_Robot/ROS-WorkSpace/ROS2-Robot-WS/src/serial_test/src/serial_linux.hpp:14:7:[m[K [01;36m[Knote: [m[Kâ€˜[01m[Kclass Serial[m[Kâ€™ defined here
 class [01;36m[KSerial[m[K
       [01;36m[K^~~~~~[m[K
[01m[K/home/fzq614/My_ROS_Robot/ROS-WorkSpace/ROS2-Robot-WS/src/serial_test/src/serial_linux.cpp:[m[K In member function â€˜[01m[Kvoid Serial::SerialInit(std::__cxx11::string&)[m[Kâ€™:
[01m[K/home/fzq614/My_ROS_Robot/ROS-WorkSpace/ROS2-Robot-WS/src/serial_test/src/serial_linux.cpp:38:9:[m[K [01;31m[Kerror: [m[Kâ€˜[01m[Kwrite_to_serial[m[Kâ€™ was not declared in this scope
         [01;31m[Kwrite_to_serial[m[K("Hello world" );
         [01;31m[K^~~~~~~~~~~~~~~[m[K
make[2]: *** [CMakeFiles/serial_test.dir/build.make:76: CMakeFiles/serial_test.dir/src/serial_linux.cpp.o] Error 1
make[1]: *** [CMakeFiles/Makefile2:78: CMakeFiles/serial_test.dir/all] Error 2
make: *** [Makefile:141: all] Error 2
