[35m[1mScanning dependencies of target serial_test[0m
[ 33%] [32mBuilding CXX object CMakeFiles/serial_test.dir/src/serial_linux.cpp.o[0m
[01m[K/home/fzq614/My_ROS_Robot/ROS-WorkSpace/ROS2-Robot-WS/src/serial_test/src/serial_linux.cpp:[m[K In member function â€˜[01m[Kvoid Serial::write_to_serial(std::__cxx11::string)[m[Kâ€™:
[01m[K/home/fzq614/My_ROS_Robot/ROS-WorkSpace/ROS2-Robot-WS/src/serial_test/src/serial_linux.cpp:37:12:[m[K [01;35m[Kwarning: [m[Kvariable â€˜[01m[Klen[m[Kâ€™ set but not used [[01;35m[K-Wunused-but-set-variable[m[K]
     size_t [01;35m[Klen[m[K;
            [01;35m[K^~~[m[K
[01m[K/home/fzq614/My_ROS_Robot/ROS-WorkSpace/ROS2-Robot-WS/src/serial_test/src/serial_linux.cpp:[m[K At global scope:
[01m[K/home/fzq614/My_ROS_Robot/ROS-WorkSpace/ROS2-Robot-WS/src/serial_test/src/serial_linux.cpp:42:6:[m[K [01;31m[Kerror: [m[Kno declaration matches â€˜[01m[Kvoid Serial::handle_read(char*, boost::system::error_code, std::size_t)[m[Kâ€™
 void [01;31m[KSerial[m[K::handle_read(char buf[], boost::system::error_code ec, std::size_t bytes_transferred)
      [01;31m[K^~~~~~[m[K
[01m[K/home/fzq614/My_ROS_Robot/ROS-WorkSpace/ROS2-Robot-WS/src/serial_test/src/serial_linux.cpp:42:6:[m[K [01;36m[Knote: [m[Kno functions named â€˜[01m[Kvoid Serial::handle_read(char*, boost::system::error_code, std::size_t)[m[Kâ€™
In file included from [01m[K/home/fzq614/My_ROS_Robot/ROS-WorkSpace/ROS2-Robot-WS/src/serial_test/src/serial_linux.cpp:1[m[K:
[01m[K/home/fzq614/My_ROS_Robot/ROS-WorkSpace/ROS2-Robot-WS/src/serial_test/src/serial_linux.hpp:16:7:[m[K [01;36m[Knote: [m[Kâ€˜[01m[Kclass Serial[m[Kâ€™ defined here
 class [01;36m[KSerial[m[K
       [01;36m[K^~~~~~[m[K
[01m[K/home/fzq614/My_ROS_Robot/ROS-WorkSpace/ROS2-Robot-WS/src/serial_test/src/serial_linux.cpp:49:6:[m[K [01;31m[Kerror: [m[Kno declaration matches â€˜[01m[Kvoid Serial::read_from_serial()[m[Kâ€™
 void [01;31m[KSerial[m[K::read_from_serial()
      [01;31m[K^~~~~~[m[K
[01m[K/home/fzq614/My_ROS_Robot/ROS-WorkSpace/ROS2-Robot-WS/src/serial_test/src/serial_linux.cpp:49:6:[m[K [01;36m[Knote: [m[Kno functions named â€˜[01m[Kvoid Serial::read_from_serial()[m[Kâ€™
In file included from [01m[K/home/fzq614/My_ROS_Robot/ROS-WorkSpace/ROS2-Robot-WS/src/serial_test/src/serial_linux.cpp:1[m[K:
[01m[K/home/fzq614/My_ROS_Robot/ROS-WorkSpace/ROS2-Robot-WS/src/serial_test/src/serial_linux.hpp:16:7:[m[K [01;36m[Knote: [m[Kâ€˜[01m[Kclass Serial[m[Kâ€™ defined here
 class [01;36m[KSerial[m[K
       [01;36m[K^~~~~~[m[K
make[2]: *** [CMakeFiles/serial_test.dir/build.make:76: CMakeFiles/serial_test.dir/src/serial_linux.cpp.o] Error 1
make[1]: *** [CMakeFiles/Makefile2:78: CMakeFiles/serial_test.dir/all] Error 2
make: *** [Makefile:141: all] Error 2
