[0.000000] (-) TimerEvent: {}
[0.000334] (-) JobUnselected: {'identifier': 'astra_camera'}
[0.000379] (-) JobUnselected: {'identifier': 'robot'}
[0.000421] (-) JobUnselected: {'identifier': 'robot_sim'}
[0.000434] (-) JobUnselected: {'identifier': 'robot_sim_2'}
[0.000480] (-) JobUnselected: {'identifier': 'rplidar_ros2'}
[0.000502] (-) JobUnselected: {'identifier': 'teleop_twist_keyboard'}
[0.001145] (serial_test) JobQueued: {'identifier': 'serial_test', 'dependencies': OrderedDict()}
[0.001183] (serial_test) JobStarted: {'identifier': 'serial_test'}
[0.011324] (serial_test) JobProgress: {'identifier': 'serial_test', 'progress': 'cmake'}
[0.012478] (serial_test) JobProgress: {'identifier': 'serial_test', 'progress': 'build'}
[0.012560] (serial_test) Command: {'cmd': ['/usr/bin/cmake', '--build', '/home/fzq614/My_ROS_Robot/ROS-WorkSpace/ROS2-Robot-WS/build/serial_test', '--', '-j4', '-l4'], 'cwd': '/home/fzq614/My_ROS_Robot/ROS-WorkSpace/ROS2-Robot-WS/build/serial_test', 'env': OrderedDict([('GJS_DEBUG_TOPICS', 'JS ERROR;JS LOG'), ('LESSOPEN', '| /usr/bin/lesspipe %s'), ('USER', 'fzq614'), ('SSH_AGENT_PID', '1672'), ('XDG_SESSION_TYPE', 'x11'), ('SHLVL', '1'), ('LD_LIBRARY_PATH', '/home/fzq614/My_ROS_Robot/ROS-WorkSpace/ROS2-Robot-WS/install/lib:/opt/ros/galactic/opt/yaml_cpp_vendor/lib:/opt/ros/galactic/opt/rviz_ogre_vendor/lib:/opt/ros/galactic/lib/x86_64-linux-gnu:/opt/ros/galactic/lib'), ('HOME', '/home/fzq614'), ('OLDPWD', '/home/fzq614'), ('DESKTOP_SESSION', 'ubuntu'), ('ROS_PYTHON_VERSION', '3'), ('GNOME_SHELL_SESSION_MODE', 'ubuntu'), ('GTK_MODULES', 'gail:atk-bridge'), ('MANAGERPID', '1500'), ('DBUS_SESSION_BUS_ADDRESS', 'unix:path=/run/user/1000/bus'), ('COLORTERM', 'truecolor'), ('IM_CONFIG_PHASE', '1'), ('COLCON_PREFIX_PATH', '/home/fzq614/My_ROS_Robot/ROS-WorkSpace/ROS2-Robot-WS/install'), ('ROS_DISTRO', 'galactic'), ('LOGNAME', 'fzq614'), ('JOURNAL_STREAM', '8:58135'), ('_', '/usr/bin/colcon'), ('ROS_VERSION', '2'), ('XDG_SESSION_CLASS', 'user'), ('USERNAME', 'fzq614'), ('TERM', 'xterm-256color'), ('GNOME_DESKTOP_SESSION_ID', 'this-is-deprecated'), ('ROS_LOCALHOST_ONLY', '0'), ('WINDOWPATH', '2'), ('PATH', '/opt/ros/galactic/bin:/usr/local/sbin:/usr/local/bin:/usr/sbin:/usr/bin:/sbin:/bin:/usr/games:/usr/local/games:/snap/bin'), ('SESSION_MANAGER', 'local/ubuntu:@/tmp/.ICE-unix/1707,unix/ubuntu:/tmp/.ICE-unix/1707'), ('INVOCATION_ID', '082eb5c616bc4b0cb35bf0b2c2453f6c'), ('XDG_MENU_PREFIX', 'gnome-'), ('GNOME_TERMINAL_SCREEN', '/org/gnome/Terminal/screen/084a1afb_2a9e_46b7_bbf1_1988db2c29e6'), ('XDG_RUNTIME_DIR', '/run/user/1000'), ('DISPLAY', ':0'), ('LANG', 'en_US.UTF-8'), ('XDG_CURRENT_DESKTOP', 'ubuntu:GNOME'), ('XMODIFIERS', '@im=ibus'), ('XDG_SESSION_DESKTOP', 'ubuntu'), ('XAUTHORITY', '/run/user/1000/gdm/Xauthority'), ('LS_COLORS', 'rs=0:di=01;34:ln=01;36:mh=00:pi=40;33:so=01;35:do=01;35:bd=40;33;01:cd=40;33;01:or=40;31;01:mi=00:su=37;41:sg=30;43:ca=30;41:tw=30;42:ow=34;42:st=37;44:ex=01;32:*.tar=01;31:*.tgz=01;31:*.arc=01;31:*.arj=01;31:*.taz=01;31:*.lha=01;31:*.lz4=01;31:*.lzh=01;31:*.lzma=01;31:*.tlz=01;31:*.txz=01;31:*.tzo=01;31:*.t7z=01;31:*.zip=01;31:*.z=01;31:*.dz=01;31:*.gz=01;31:*.lrz=01;31:*.lz=01;31:*.lzo=01;31:*.xz=01;31:*.zst=01;31:*.tzst=01;31:*.bz2=01;31:*.bz=01;31:*.tbz=01;31:*.tbz2=01;31:*.tz=01;31:*.deb=01;31:*.rpm=01;31:*.jar=01;31:*.war=01;31:*.ear=01;31:*.sar=01;31:*.rar=01;31:*.alz=01;31:*.ace=01;31:*.zoo=01;31:*.cpio=01;31:*.7z=01;31:*.rz=01;31:*.cab=01;31:*.wim=01;31:*.swm=01;31:*.dwm=01;31:*.esd=01;31:*.jpg=01;35:*.jpeg=01;35:*.mjpg=01;35:*.mjpeg=01;35:*.gif=01;35:*.bmp=01;35:*.pbm=01;35:*.pgm=01;35:*.ppm=01;35:*.tga=01;35:*.xbm=01;35:*.xpm=01;35:*.tif=01;35:*.tiff=01;35:*.png=01;35:*.svg=01;35:*.svgz=01;35:*.mng=01;35:*.pcx=01;35:*.mov=01;35:*.mpg=01;35:*.mpeg=01;35:*.m2v=01;35:*.mkv=01;35:*.webm=01;35:*.ogm=01;35:*.mp4=01;35:*.m4v=01;35:*.mp4v=01;35:*.vob=01;35:*.qt=01;35:*.nuv=01;35:*.wmv=01;35:*.asf=01;35:*.rm=01;35:*.rmvb=01;35:*.flc=01;35:*.avi=01;35:*.fli=01;35:*.flv=01;35:*.gl=01;35:*.dl=01;35:*.xcf=01;35:*.xwd=01;35:*.yuv=01;35:*.cgm=01;35:*.emf=01;35:*.ogv=01;35:*.ogx=01;35:*.aac=00;36:*.au=00;36:*.flac=00;36:*.m4a=00;36:*.mid=00;36:*.midi=00;36:*.mka=00;36:*.mp3=00;36:*.mpc=00;36:*.ogg=00;36:*.ra=00;36:*.wav=00;36:*.oga=00;36:*.opus=00;36:*.spx=00;36:*.xspf=00;36:'), ('GNOME_TERMINAL_SERVICE', ':1.106'), ('SSH_AUTH_SOCK', '/run/user/1000/keyring/ssh'), ('AMENT_PREFIX_PATH', '/home/fzq614/My_ROS_Robot/ROS-WorkSpace/ROS2-Robot-WS/install:/opt/ros/galactic'), ('SHELL', '/bin/bash'), ('QT_ACCESSIBILITY', '1'), ('GDMSESSION', 'ubuntu'), ('LESSCLOSE', '/usr/bin/lesspipe %s %s'), ('GPG_AGENT_INFO', '/run/user/1000/gnupg/S.gpg-agent:0:1'), ('GJS_DEBUG_OUTPUT', 'stderr'), ('QT_IM_MODULE', 'ibus'), ('PWD', '/home/fzq614/My_ROS_Robot/ROS-WorkSpace/ROS2-Robot-WS/build/serial_test'), ('XDG_CONFIG_DIRS', '/etc/xdg/xdg-ubuntu:/etc/xdg'), ('XDG_DATA_DIRS', '/usr/share/ubuntu:/usr/local/share/:/usr/share/:/var/lib/snapd/desktop'), ('PYTHONPATH', '/home/fzq614/My_ROS_Robot/ROS-WorkSpace/ROS2-Robot-WS/build/teleop_twist_keyboard:/home/fzq614/My_ROS_Robot/ROS-WorkSpace/ROS2-Robot-WS/install/lib/python3.8/site-packages:/opt/ros/galactic/lib/python3.8/site-packages'), ('COLCON', '1'), ('VTE_VERSION', '6003'), ('CMAKE_PREFIX_PATH', '/home/fzq614/My_ROS_Robot/ROS-WorkSpace/ROS2-Robot-WS/install:/opt/ros/galactic')]), 'shell': False}
[0.054395] (serial_test) StdoutLine: {'line': b'\x1b[35m\x1b[1mScanning dependencies of target serial_test\x1b[0m\n'}
[0.079776] (serial_test) StdoutLine: {'line': b'[ 33%] \x1b[32mBuilding CXX object CMakeFiles/serial_test.dir/src/serial_linux.cpp.o\x1b[0m\n'}
[0.100091] (-) TimerEvent: {}
[0.200695] (-) TimerEvent: {}
[0.301227] (-) TimerEvent: {}
[0.401775] (-) TimerEvent: {}
[0.502345] (-) TimerEvent: {}
[0.602892] (-) TimerEvent: {}
[0.703486] (-) TimerEvent: {}
[0.804202] (-) TimerEvent: {}
[0.904579] (-) TimerEvent: {}
[1.005140] (-) TimerEvent: {}
[1.105726] (-) TimerEvent: {}
[1.206183] (-) TimerEvent: {}
[1.306738] (-) TimerEvent: {}
[1.407336] (-) TimerEvent: {}
[1.507933] (-) TimerEvent: {}
[1.601954] (serial_test) StderrLine: {'line': b'\x1b[01m\x1b[K/home/fzq614/My_ROS_Robot/ROS-WorkSpace/ROS2-Robot-WS/src/serial_test/src/serial_linux.cpp:\x1b[m\x1b[K In member function \xe2\x80\x98\x1b[01m\x1b[Kvoid Serial::SerialInit(std::__cxx11::string&)\x1b[m\x1b[K\xe2\x80\x99:\n'}
[1.602164] (serial_test) StderrLine: {'line': b'\x1b[01m\x1b[K/home/fzq614/My_ROS_Robot/ROS-WorkSpace/ROS2-Robot-WS/src/serial_test/src/serial_linux.cpp:25:24:\x1b[m\x1b[K \x1b[01;31m\x1b[Kerror: \x1b[m\x1b[K\xe2\x80\x98\x1b[01m\x1b[Ksp\x1b[m\x1b[K\xe2\x80\x99 was not declared in this scope\n'}
[1.602218] (serial_test) StderrLine: {'line': b'     boost::asio::write(\x1b[01;31m\x1b[Ksp\x1b[m\x1b[K, boost::asio::buffer("Hello world", 12));\n'}
[1.602260] (serial_test) StderrLine: {'line': b'                        \x1b[01;31m\x1b[K^~\x1b[m\x1b[K\n'}
[1.605756] (serial_test) StderrLine: {'line': b'\x1b[01m\x1b[K/home/fzq614/My_ROS_Robot/ROS-WorkSpace/ROS2-Robot-WS/src/serial_test/src/serial_linux.cpp:\x1b[m\x1b[K In member function \xe2\x80\x98\x1b[01m\x1b[Kvoid Serial::SerialWrite(double*, unsigned char, unsigned char)\x1b[m\x1b[K\xe2\x80\x99:\n'}
[1.605871] (serial_test) StderrLine: {'line': b'\x1b[01m\x1b[K/home/fzq614/My_ROS_Robot/ROS-WorkSpace/ROS2-Robot-WS/src/serial_test/src/serial_linux.cpp:114:25:\x1b[m\x1b[K \x1b[01;31m\x1b[Kerror: \x1b[m\x1b[K\xe2\x80\x98\x1b[01m\x1b[Kserial_port_\x1b[m\x1b[K\xe2\x80\x99 was not declared in this scope\n'}
[1.605918] (serial_test) StderrLine: {'line': b'     boost::asio::write(*\x1b[01;31m\x1b[Kserial_port_\x1b[m\x1b[K.get(), boost::asio::buffer(SendBuf, (unsigned int)SendLength), error_code_);\n'}
[1.605959] (serial_test) StderrLine: {'line': b'                         \x1b[01;31m\x1b[K^~~~~~~~~~~~\x1b[m\x1b[K\n'}
[1.608407] (-) TimerEvent: {}
[1.608786] (serial_test) StderrLine: {'line': b'\x1b[01m\x1b[K/home/fzq614/My_ROS_Robot/ROS-WorkSpace/ROS2-Robot-WS/src/serial_test/src/serial_linux.cpp:114:25:\x1b[m\x1b[K \x1b[01;36m\x1b[Knote: \x1b[m\x1b[Ksuggested alternative: \xe2\x80\x98\x1b[01m\x1b[KSerialInit\x1b[m\x1b[K\xe2\x80\x99\n'}
[1.608912] (serial_test) StderrLine: {'line': b'     boost::asio::write(*\x1b[01;36m\x1b[Kserial_port_\x1b[m\x1b[K.get(), boost::asio::buffer(SendBuf, (unsigned int)SendLength), error_code_);\n'}
[1.608969] (serial_test) StderrLine: {'line': b'                         \x1b[01;36m\x1b[K^~~~~~~~~~~~\x1b[m\x1b[K\n'}
[1.609009] (serial_test) StderrLine: {'line': b'                         \x1b[32m\x1b[KSerialInit\x1b[m\x1b[K\n'}
[1.609274] (serial_test) StderrLine: {'line': b'\x1b[01m\x1b[K/home/fzq614/My_ROS_Robot/ROS-WorkSpace/ROS2-Robot-WS/src/serial_test/src/serial_linux.cpp:\x1b[m\x1b[K In member function \xe2\x80\x98\x1b[01m\x1b[Kbool Serial::SerialRead(double*, unsigned char*)\x1b[m\x1b[K\xe2\x80\x99:\n'}
[1.609344] (serial_test) StderrLine: {'line': b'\x1b[01m\x1b[K/home/fzq614/My_ROS_Robot/ROS-WorkSpace/ROS2-Robot-WS/src/serial_test/src/serial_linux.cpp:135:34:\x1b[m\x1b[K \x1b[01;31m\x1b[Kerror: \x1b[m\x1b[K\xe2\x80\x98\x1b[01m\x1b[Kserial_port_\x1b[m\x1b[K\xe2\x80\x99 was not declared in this scope\n'}
[1.609400] (serial_test) StderrLine: {'line': b'         boost::asio::read_until(*\x1b[01;31m\x1b[Kserial_port_\x1b[m\x1b[K.get(), response, "\\r\\n", error_code_);\n'}
[1.609441] (serial_test) StderrLine: {'line': b'                                  \x1b[01;31m\x1b[K^~~~~~~~~~~~\x1b[m\x1b[K\n'}
[1.612069] (serial_test) StderrLine: {'line': b'\x1b[01m\x1b[K/home/fzq614/My_ROS_Robot/ROS-WorkSpace/ROS2-Robot-WS/src/serial_test/src/serial_linux.cpp:135:34:\x1b[m\x1b[K \x1b[01;36m\x1b[Knote: \x1b[m\x1b[Ksuggested alternative: \xe2\x80\x98\x1b[01m\x1b[KSerialInit\x1b[m\x1b[K\xe2\x80\x99\n'}
[1.612127] (serial_test) StderrLine: {'line': b'         boost::asio::read_until(*\x1b[01;36m\x1b[Kserial_port_\x1b[m\x1b[K.get(), response, "\\r\\n", error_code_);\n'}
[1.612167] (serial_test) StderrLine: {'line': b'                                  \x1b[01;36m\x1b[K^~~~~~~~~~~~\x1b[m\x1b[K\n'}
[1.612205] (serial_test) StderrLine: {'line': b'                                  \x1b[32m\x1b[KSerialInit\x1b[m\x1b[K\n'}
[1.709098] (-) TimerEvent: {}
[1.809604] (-) TimerEvent: {}
[1.910236] (-) TimerEvent: {}
[2.010792] (-) TimerEvent: {}
[2.024981] (serial_test) StderrLine: {'line': b'make[2]: *** [CMakeFiles/serial_test.dir/build.make:76: CMakeFiles/serial_test.dir/src/serial_linux.cpp.o] Error 1\n'}
[2.025322] (serial_test) StderrLine: {'line': b'make[1]: *** [CMakeFiles/Makefile2:78: CMakeFiles/serial_test.dir/all] Error 2\n'}
[2.025719] (serial_test) StderrLine: {'line': b'make: *** [Makefile:141: all] Error 2\n'}
[2.029101] (serial_test) CommandEnded: {'returncode': 2}
[2.075385] (serial_test) JobEnded: {'identifier': 'serial_test', 'rc': 2}
[2.086630] (-) EventReactorShutdown: {}
