[35m[1mScanning dependencies of target serial_test[0m
[ 33%] [32mBuilding CXX object CMakeFiles/serial_test.dir/src/serial_test.cpp.o[0m
[01m[K/home/fzq614/My_ROS_Robot/ROS-WorkSpace/ROS2-Robot-WS/src/serial_test/src/serial_test.cpp:[m[K In member function â€˜[01m[Kvoid SerialNode::timer_callback()[m[Kâ€™:
[01m[K/home/fzq614/My_ROS_Robot/ROS-WorkSpace/ROS2-Robot-WS/src/serial_test/src/serial_test.cpp:44:56:[m[K [01;31m[Kerror: [m[Kno matching function for call to â€˜[01m[KSerial::SerialWrite(short int [4], int, unsigned char&)[m[Kâ€™
         my_serial.SerialWrite(SendTest, 4, SendCodeTest[01;31m[K)[m[K;
                                                        [01;31m[K^[m[K
In file included from [01m[K/home/fzq614/My_ROS_Robot/ROS-WorkSpace/ROS2-Robot-WS/src/serial_test/src/serial_test.cpp:2[m[K:
[01m[K/home/fzq614/My_ROS_Robot/ROS-WorkSpace/ROS2-Robot-WS/src/serial_test/src/serial_linux.hpp:23:10:[m[K [01;36m[Knote: [m[Kcandidate: â€˜[01m[Kvoid Serial::SerialWrite(double*, unsigned char, unsigned char)[m[Kâ€™
     void [01;36m[KSerialWrite[m[K(double * WriteData, unsigned char MessageLenth, unsigned char MessageCode);
          [01;36m[K^~~~~~~~~~~[m[K
[01m[K/home/fzq614/My_ROS_Robot/ROS-WorkSpace/ROS2-Robot-WS/src/serial_test/src/serial_linux.hpp:23:10:[m[K [01;36m[Knote: [m[K  no known conversion for argument 1 from â€˜[01m[Kshort int [4][m[Kâ€™ to â€˜[01m[Kdouble*[m[Kâ€™
In file included from [01m[K/opt/ros/galactic/include/rclcpp/client.hpp:40[m[K,
                 from [01m[K/opt/ros/galactic/include/rclcpp/callback_group.hpp:23[m[K,
                 from [01m[K/opt/ros/galactic/include/rclcpp/any_executable.hpp:20[m[K,
                 from [01m[K/opt/ros/galactic/include/rclcpp/memory_strategy.hpp:25[m[K,
                 from [01m[K/opt/ros/galactic/include/rclcpp/memory_strategies.hpp:18[m[K,
                 from [01m[K/opt/ros/galactic/include/rclcpp/executor_options.hpp:20[m[K,
                 from [01m[K/opt/ros/galactic/include/rclcpp/executor.hpp:36[m[K,
                 from [01m[K/opt/ros/galactic/include/rclcpp/executors/multi_threaded_executor.hpp:26[m[K,
                 from [01m[K/opt/ros/galactic/include/rclcpp/executors.hpp:21[m[K,
                 from [01m[K/opt/ros/galactic/include/rclcpp/rclcpp.hpp:156[m[K,
                 from [01m[K/home/fzq614/My_ROS_Robot/ROS-WorkSpace/ROS2-Robot-WS/src/serial_test/src/serial_test.cpp:1[m[K:
[01m[K/home/fzq614/My_ROS_Robot/ROS-WorkSpace/ROS2-Robot-WS/src/serial_test/src/serial_test.cpp:50:41:[m[K [01;35m[Kwarning: [m[Kformat â€˜[01m[K%d[m[Kâ€™ expects argument of type â€˜[01m[Kint[m[Kâ€™, but argument 5 has type â€˜[01m[Kdouble[m[Kâ€™ [[01;35m[K-Wformat=[m[K]
         RCLCPP_INFO(this->get_logger(), [01;35m[K"ReceiveTest[0] = %d, ReceiveTest[1] = %d, ReceiveTest[2] = %d, ReceiveTest[3] = %d, ReceiveCodeTest = %x\r\n"[m[K, [32m[KReceiveTest[0][m[K, ReceiveTest[1], ReceiveTest[2], ReceiveTest[3], ReceiveCodeTest);
                                         [01;35m[K^~~~~~~~~~~~~~~~~~~~~~~~~~~~~~~~~~~~~~~~~~~~~~~~~~~~~~~~~~~~~~~~~~~~~~~~~~~~~~~~~~~~~~~~~~~~~~~~~~~~~~~~~~~~~~[m[K  [32m[K~~~~~~~~~~~~~~[m[K
[01m[K/home/fzq614/My_ROS_Robot/ROS-WorkSpace/ROS2-Robot-WS/src/serial_test/src/serial_test.cpp:50:41:[m[K [01;35m[Kwarning: [m[Kformat â€˜[01m[K%d[m[Kâ€™ expects argument of type â€˜[01m[Kint[m[Kâ€™, but argument 6 has type â€˜[01m[Kdouble[m[Kâ€™ [[01;35m[K-Wformat=[m[K]
[01m[K/home/fzq614/My_ROS_Robot/ROS-WorkSpace/ROS2-Robot-WS/src/serial_test/src/serial_test.cpp:50:41:[m[K [01;35m[Kwarning: [m[Kformat â€˜[01m[K%d[m[Kâ€™ expects argument of type â€˜[01m[Kint[m[Kâ€™, but argument 7 has type â€˜[01m[Kdouble[m[Kâ€™ [[01;35m[K-Wformat=[m[K]
[01m[K/home/fzq614/My_ROS_Robot/ROS-WorkSpace/ROS2-Robot-WS/src/serial_test/src/serial_test.cpp:50:41:[m[K [01;35m[Kwarning: [m[Kformat â€˜[01m[K%d[m[Kâ€™ expects argument of type â€˜[01m[Kint[m[Kâ€™, but argument 8 has type â€˜[01m[Kdouble[m[Kâ€™ [[01;35m[K-Wformat=[m[K]
make[2]: *** [CMakeFiles/serial_test.dir/build.make:63: CMakeFiles/serial_test.dir/src/serial_test.cpp.o] Error 1
make[1]: *** [CMakeFiles/Makefile2:78: CMakeFiles/serial_test.dir/all] Error 2
make: *** [Makefile:141: all] Error 2
