[01m[K/home/fzq614/My_ROS_Robot/ROS-WorkSpace/ROS2-Robot-WS/src/serial_test/src/serial_linux.cpp:[m[K In member function â€˜[01m[Kvoid Serial::write_to_serial()[m[Kâ€™:
[01m[K/home/fzq614/My_ROS_Robot/ROS-WorkSpace/ROS2-Robot-WS/src/serial_test/src/serial_linux.cpp:17:81:[m[K [01;31m[Kerror: [m[Kâ€˜[01m[Kport_name_[m[Kâ€™ was not declared in this scope
 serial_port_ = std::make_shared<boost::asio::serial_port>(io_service_, [01;31m[Kport_name_[m[K);
                                                                        [01;31m[K^~~~~~~~~~[m[K

[01m[K/home/fzq614/My_ROS_Robot/ROS-WorkSpace/ROS2-Robot-WS/src/serial_test/src/serial_linux.cpp:17:81:[m[K [01;36m[Knote: [m[Ksuggested alternative: â€˜[01m[Kptsname_r[m[Kâ€™
 serial_port_ = std::make_shared<boost::asio::serial_port>(io_service_, [01;36m[Kport_name_[m[K);
                                                                        [01;36m[K^~~~~~~~~~[m[K
                                                                        [32m[Kptsname_r[m[K
make[2]: *** [CMakeFiles/serial_test.dir/build.make:76: CMakeFiles/serial_test.dir/src/serial_linux.cpp.o] Error 1
make[1]: *** [CMakeFiles/Makefile2:78: CMakeFiles/serial_test.dir/all] Error 2
make: *** [Makefile:141: all] Error 2
