[0.050s] Invoking command in '/home/fzq614/My_ROS_Robot/ROS-WorkSpace/ROS2-Robot-WS/build/serial_test': CMAKE_PREFIX_PATH=${CMAKE_PREFIX_PATH}:/opt/ros/galactic /usr/bin/cmake --build /home/fzq614/My_ROS_Robot/ROS-WorkSpace/ROS2-Robot-WS/build/serial_test -- -j4 -l4
[0.267s] [35m[1mScanning dependencies of target serial_test[0m
[0.389s] [ 33%] [32mBuilding CXX object CMakeFiles/serial_test.dir/src/serial_test.cpp.o[0m
[0.392s] [ 66%] [32mBuilding CXX object CMakeFiles/serial_test.dir/src/serial_linux.cpp.o[0m
[7.808s] [01m[K/home/fzq614/My_ROS_Robot/ROS-WorkSpace/ROS2-Robot-WS/src/third_pkg/Serial_Linux/src/serial_linux.cpp:[m[K In static member function â€˜[01m[Kstatic void Serial::readHandler(const boost::system::error_code&, std::size_t)[m[Kâ€™:
[7.809s] [01m[K/home/fzq614/My_ROS_Robot/ROS-WorkSpace/ROS2-Robot-WS/src/third_pkg/Serial_Linux/src/serial_linux.cpp:93:59:[m[K [01;35m[Kwarning: [m[Kunused parameter â€˜[01m[Kerror[m[Kâ€™ [[01;35m[K-Wunused-parameter[m[K]
[7.809s]  void Serial::readHandler([01;35m[Kconst boost::system::error_code& error[m[K,std::size_t bytes_transferred)
[7.809s]                           [01;35m[K~~~~~~~~~~~~~~~~~~~~~~~~~~~~~~~~~^~~~~[m[K
[7.809s] [01m[K/home/fzq614/My_ROS_Robot/ROS-WorkSpace/ROS2-Robot-WS/src/third_pkg/Serial_Linux/src/serial_linux.cpp:93:77:[m[K [01;35m[Kwarning: [m[Kunused parameter â€˜[01m[Kbytes_transferred[m[Kâ€™ [[01;35m[K-Wunused-parameter[m[K]
[7.810s]  void Serial::readHandler(const boost::system::error_code& error,[01;35m[Kstd::size_t bytes_transferred[m[K)
[7.810s]                                                                  [01;35m[K~~~~~~~~~~~~^~~~~~~~~~~~~~~~~[m[K
[9.149s] In file included from [01m[K/usr/include/boost/asio/impl/execution_context.hpp:18[m[K,
[9.149s]                  from [01m[K/usr/include/boost/asio/execution_context.hpp:409[m[K,
[9.149s]                  from [01m[K/usr/include/boost/asio/detail/scheduler.hpp:21[m[K,
[9.150s]                  from [01m[K/usr/include/boost/asio/system_context.hpp:19[m[K,
[9.151s]                  from [01m[K/usr/include/boost/asio/impl/system_executor.hpp:22[m[K,
[9.151s]                  from [01m[K/usr/include/boost/asio/system_executor.hpp:129[m[K,
[9.151s]                  from [01m[K/usr/include/boost/asio/associated_executor.hpp:21[m[K,
[9.151s]                  from [01m[K/usr/include/boost/asio.hpp:21[m[K,
[9.152s]                  from [01m[K/home/fzq614/My_ROS_Robot/ROS-WorkSpace/ROS2-Robot-WS/src/third_pkg/Serial_Linux/src/serial_linux.hpp:5[m[K,
[9.152s]                  from [01m[K/home/fzq614/My_ROS_Robot/ROS-WorkSpace/ROS2-Robot-WS/src/third_pkg/Serial_Linux/src/serial_linux.cpp:1[m[K:
[9.152s] /usr/include/boost/asio/impl/read_until.hpp: In instantiation of â€˜[01m[Kvoid boost::asio::detail::initiate_async_read_until_delim_string_v1::operator()(ReadHandler&&, AsyncReadStream*, DynamicBuffer_v1&&, const string&) const [with ReadHandler = std::_Bind<void (*(boost::arg<1> (*)(), boost::arg<2> (*)()))(const boost::system::error_code&, long unsigned int)>; AsyncReadStream = boost::asio::basic_serial_port<>; DynamicBuffer_v1 = boost::asio::basic_streambuf_ref<std::allocator<char> >; std::__cxx11::string = std::__cxx11::basic_string<char>][m[Kâ€™:
[9.152s] [01m[K/usr/include/boost/asio/async_result.hpp:82:49:[m[K   required from â€˜[01m[Kstatic boost::asio::async_result<CompletionToken, Signature>::return_type boost::asio::async_result<CompletionToken, Signature>::initiate(Initiation&&, RawCompletionToken&&, Args&& ...) [with Initiation = boost::asio::detail::initiate_async_read_until_delim_string_v1; RawCompletionToken = std::_Bind<void (*(boost::arg<1> (*)(), boost::arg<2> (*)()))(const boost::system::error_code&, long unsigned int)>; Args = {boost::asio::basic_serial_port<boost::asio::executor>*, boost::asio::basic_streambuf_ref<std::allocator<char> >, std::__cxx11::basic_string<char, std::char_traits<char>, std::allocator<char> >}; CompletionToken = std::_Bind<void (*(boost::arg<1> (*)(), boost::arg<2> (*)()))(const boost::system::error_code&, long unsigned int)>; Signature = void(boost::system::error_code, long unsigned int); boost::asio::async_result<CompletionToken, Signature>::return_type = void][m[Kâ€™
[9.153s] [01m[K/usr/include/boost/asio/async_result.hpp:257:25:[m[K   required from â€˜[01m[Ktypename std::enable_if<boost::asio::detail::async_result_has_initiate_memfn<CompletionToken, Signature>::value, typename boost::asio::async_result<typename std::decay<_Tp>::type, Signature>::return_type>::type boost::asio::async_initiate(Initiation&&, CompletionToken&, Args&& ...) [with CompletionToken = std::_Bind<void (*(boost::arg<1> (*)(), boost::arg<2> (*)()))(const boost::system::error_code&, long unsigned int)>; Signature = void(boost::system::error_code, long unsigned int); Initiation = boost::asio::detail::initiate_async_read_until_delim_string_v1; Args = {boost::asio::basic_serial_port<boost::asio::executor>*, boost::asio::basic_streambuf_ref<std::allocator<char> >, std::__cxx11::basic_string<char, std::char_traits<char>, std::allocator<char> >}; typename std::enable_if<boost::asio::detail::async_result_has_initiate_memfn<CompletionToken, Signature>::value, typename boost::asio::async_result<typename std::decay<_Tp>::type, Signature>::return_type>::type = void][m[Kâ€™
[9.153s] [01m[K/usr/include/boost/asio/impl/read_until.hpp:1298:51:[m[K   required from â€˜[01m[Ktypename boost::asio::async_result<typename std::decay<WriteHandler>::type, void(boost::system::error_code, long unsigned int)>::return_type boost::asio::async_read_until(AsyncReadStream&, DynamicBuffer_v1&&, std::string_view, ReadHandler&&, typename std::enable_if<(boost::asio::is_dynamic_buffer_v1<typename std::decay<_Arg>::type>::value && (! boost::asio::is_dynamic_buffer_v2<typename std::decay<_Arg>::type>::value))>::type*) [with AsyncReadStream = boost::asio::basic_serial_port<>; DynamicBuffer_v1 = boost::asio::basic_streambuf_ref<std::allocator<char> >; ReadHandler = std::_Bind<void (*(boost::arg<1> (*)(), boost::arg<2> (*)()))(const boost::system::error_code&, long unsigned int)>; typename boost::asio::async_result<typename std::decay<WriteHandler>::type, void(boost::system::error_code, long unsigned int)>::return_type = void; std::string_view = std::basic_string_view<char>; typename std::enable_if<(boost::asio::is_dynamic_buffer_v1<typename std::decay<_Arg>::type>::value && (! boost::asio::is_dynamic_buffer_v2<typename std::decay<_Arg>::type>::value))>::type = void][m[Kâ€™
[9.153s] [01m[K/usr/include/boost/asio/impl/read_until.hpp:1870:26:[m[K   required from â€˜[01m[Ktypename boost::asio::async_result<typename std::decay<WriteHandler>::type, void(boost::system::error_code, long unsigned int)>::return_type boost::asio::async_read_until(AsyncReadStream&, boost::asio::basic_streambuf<Allocator>&, std::string_view, ReadHandler&&) [with AsyncReadStream = boost::asio::basic_serial_port<>; Allocator = std::allocator<char>; ReadHandler = std::_Bind<void (*(boost::arg<1> (*)(), boost::arg<2> (*)()))(const boost::system::error_code&, long unsigned int)>; typename boost::asio::async_result<typename std::decay<WriteHandler>::type, void(boost::system::error_code, long unsigned int)>::return_type = void; std::string_view = std::basic_string_view<char>][m[Kâ€™
[9.155s] [01m[K/home/fzq614/My_ROS_Robot/ROS-WorkSpace/ROS2-Robot-WS/src/third_pkg/Serial_Linux/src/serial_linux.cpp:77:70:[m[K   required from here
[9.155s] [01m[K/usr/include/boost/asio/impl/read_until.hpp:1232:7:[m[K [01;31m[Kerror: [m[Kstatic assertion failed: ReadHandler type requirements not met
[9.155s]        [01;31m[KBOOST_ASIO_READ_HANDLER_CHECK[m[K(ReadHandler, handler) type_check;
[9.156s]        [01;31m[K^~~~~~~~~~~~~~~~~~~~~~~~~~~~~[m[K
[9.156s] [01m[K/usr/include/boost/asio/impl/buffered_read_stream.hpp:151:7:[m[K [01;31m[Kerror: [m[Kno match for call to â€˜[01m[K(std::_Bind<void (*(boost::arg<1> (*)(), boost::arg<2> (*)()))(const boost::system::error_code&, long unsigned int)>) (const boost::system::error_code&, const long unsigned int&)[m[Kâ€™
[9.156s]        [01;31m[KBOOST_ASIO_READ_HANDLER_CHECK[m[K(ReadHandler, handler) type_check;
[9.156s]        [01;31m[K^~~~~~~~~~~~~~~~~~~~~~~~~~~~~[m[K
[9.156s] In file included from [01m[K/opt/ros/galactic/include/rclcpp/context.hpp:19[m[K,
[9.157s]                  from [01m[K/opt/ros/galactic/include/rclcpp/executor.hpp:33[m[K,
[9.157s]                  from [01m[K/opt/ros/galactic/include/rclcpp/executors/multi_threaded_executor.hpp:26[m[K,
[9.157s]                  from [01m[K/opt/ros/galactic/include/rclcpp/executors.hpp:21[m[K,
[9.157s]                  from [01m[K/opt/ros/galactic/include/rclcpp/rclcpp.hpp:156[m[K,
[9.157s]                  from [01m[K/home/fzq614/My_ROS_Robot/ROS-WorkSpace/ROS2-Robot-WS/src/third_pkg/Serial_Linux/src/serial_linux.hpp:4[m[K,
[9.158s]                  from [01m[K/home/fzq614/My_ROS_Robot/ROS-WorkSpace/ROS2-Robot-WS/src/third_pkg/Serial_Linux/src/serial_linux.cpp:1[m[K:
[9.158s] [01m[K/usr/include/c++/8/functional:480:2:[m[K [01;36m[Knote: [m[Kcandidate: â€˜[01m[Ktemplate<class ... _Args, class _Result> _Result std::_Bind<_Functor(_Bound_args ...)>::operator()(_Args&& ...) [with _Args = {_Args ...}; _Result = _Result; _Functor = void (*)(const boost::system::error_code&, long unsigned int); _Bound_args = {boost::arg<1> (*)(), boost::arg<2> (*)()}][m[Kâ€™
[9.158s]   [01;36m[Koperator[m[K()(_Args&&... __args)
[9.158s]   [01;36m[K^~~~~~~~[m[K
[9.158s] [01m[K/usr/include/c++/8/functional:480:2:[m[K [01;36m[Knote: [m[K  template argument deduction/substitution failed:
[9.159s] [01m[K/usr/include/c++/8/functional:491:2:[m[K [01;36m[Knote: [m[Kcandidate: â€˜[01m[Ktemplate<class ... _Args, class _Result> _Result std::_Bind<_Functor(_Bound_args ...)>::operator()(_Args&& ...) const [with _Args = {_Args ...}; _Result = _Result; _Functor = void (*)(const boost::system::error_code&, long unsigned int); _Bound_args = {boost::arg<1> (*)(), boost::arg<2> (*)()}][m[Kâ€™
[9.159s]   [01;36m[Koperator[m[K()(_Args&&... __args) const
[9.159s]   [01;36m[K^~~~~~~~[m[K
[9.160s] [01m[K/usr/include/c++/8/functional:491:2:[m[K [01;36m[Knote: [m[K  template argument deduction/substitution failed:
[9.160s] [01m[K/usr/include/c++/8/functional:509:2:[m[K [01;36m[Knote: [m[Kcandidate: â€˜[01m[Ktemplate<class ... _Args, class _Result> _Result std::_Bind<_Functor(_Bound_args ...)>::operator()(_Args&& ...) volatile [with _Args = {_Args ...}; _Result = _Result; _Functor = void (*)(const boost::system::error_code&, long unsigned int); _Bound_args = {boost::arg<1> (*)(), boost::arg<2> (*)()}][m[Kâ€™
[9.160s]   [01;36m[Koperator[m[K()(_Args&&... __args) volatile
[9.160s]   [01;36m[K^~~~~~~~[m[K
[9.160s] [01m[K/usr/include/c++/8/functional:509:2:[m[K [01;36m[Knote: [m[K  template argument deduction/substitution failed:
[9.161s] [01m[K/usr/include/c++/8/functional:521:2:[m[K [01;36m[Knote: [m[Kcandidate: â€˜[01m[Ktemplate<class ... _Args, class _Result> _Result std::_Bind<_Functor(_Bound_args ...)>::operator()(_Args&& ...) const volatile [with _Args = {_Args ...}; _Result = _Result; _Functor = void (*)(const boost::system::error_code&, long unsigned int); _Bound_args = {boost::arg<1> (*)(), boost::arg<2> (*)()}][m[Kâ€™
[9.161s]   [01;36m[Koperator[m[K()(_Args&&... __args) const volatile
[9.161s]   [01;36m[K^~~~~~~~[m[K
[9.161s] [01m[K/usr/include/c++/8/functional:521:2:[m[K [01;36m[Knote: [m[K  template argument deduction/substitution failed:
[9.834s] make[2]: *** [CMakeFiles/serial_test.dir/build.make:76: CMakeFiles/serial_test.dir/src/serial_linux.cpp.o] Error 1
[9.834s] make[2]: *** Waiting for unfinished jobs....
[10.790s] make[1]: *** [CMakeFiles/Makefile2:78: CMakeFiles/serial_test.dir/all] Error 2
[10.791s] make: *** [Makefile:141: all] Error 2
[10.797s] Invoked command in '/home/fzq614/My_ROS_Robot/ROS-WorkSpace/ROS2-Robot-WS/build/serial_test' returned '2': CMAKE_PREFIX_PATH=${CMAKE_PREFIX_PATH}:/opt/ros/galactic /usr/bin/cmake --build /home/fzq614/My_ROS_Robot/ROS-WorkSpace/ROS2-Robot-WS/build/serial_test -- -j4 -l4
