[0.014s] Invoking command in '/home/fzq614/My_ROS_Robot/ROS-WorkSpace/ROS2-Robot-WS/build/serial_test': CMAKE_PREFIX_PATH=${CMAKE_PREFIX_PATH}:/opt/ros/galactic /usr/bin/cmake --build /home/fzq614/My_ROS_Robot/ROS-WorkSpace/ROS2-Robot-WS/build/serial_test -- -j4 -l4
[0.051s] [35m[1mScanning dependencies of target serial_test[0m
[0.077s] [ 33%] [32mBuilding CXX object CMakeFiles/serial_test.dir/src/serial_linux.cpp.o[0m
[1.853s] In file included from [01m[K/usr/include/boost/asio/write.hpp:1217[m[K,
[1.854s]                  from [01m[K/usr/include/boost/asio/buffered_write_stream.hpp:28[m[K,
[1.854s]                  from [01m[K/usr/include/boost/asio/buffered_stream.hpp:22[m[K,
[1.854s]                  from [01m[K/usr/include/boost/asio.hpp:43[m[K,
[1.854s]                  from [01m[K/home/fzq614/My_ROS_Robot/ROS-WorkSpace/ROS2-Robot-WS/src/serial_test/src/serial_linux.hpp:5[m[K,
[1.854s]                  from [01m[K/home/fzq614/My_ROS_Robot/ROS-WorkSpace/ROS2-Robot-WS/src/serial_test/src/serial_linux.cpp:1[m[K:
[1.854s] /usr/include/boost/asio/impl/write.hpp: In instantiation of â€˜[01m[Kstd::size_t boost::asio::detail::write_buffer_sequence(SyncWriteStream&, const ConstBufferSequence&, const ConstBufferIterator&, CompletionCondition, boost::system::error_code&) [with SyncWriteStream = std::shared_ptr<boost::asio::basic_serial_port<> >; ConstBufferSequence = boost::asio::const_buffers_1; ConstBufferIterator = const boost::asio::const_buffer*; CompletionCondition = boost::asio::detail::transfer_all_t; std::size_t = long unsigned int][m[Kâ€™:
[1.854s] [01m[K/usr/include/boost/asio/impl/write.hpp:70:39:[m[K   required from â€˜[01m[Kstd::size_t boost::asio::write(SyncWriteStream&, const ConstBufferSequence&, CompletionCondition, boost::system::error_code&, typename std::enable_if<boost::asio::is_const_buffer_sequence<ConstBufferSequence>::value>::type*) [with SyncWriteStream = std::shared_ptr<boost::asio::basic_serial_port<> >; ConstBufferSequence = boost::asio::const_buffers_1; CompletionCondition = boost::asio::detail::transfer_all_t; std::size_t = long unsigned int; typename std::enable_if<boost::asio::is_const_buffer_sequence<ConstBufferSequence>::value>::type = void][m[Kâ€™
[1.854s] [01m[K/usr/include/boost/asio/impl/write.hpp:82:40:[m[K   required from â€˜[01m[Kstd::size_t boost::asio::write(SyncWriteStream&, const ConstBufferSequence&, typename std::enable_if<boost::asio::is_const_buffer_sequence<ConstBufferSequence>::value>::type*) [with SyncWriteStream = std::shared_ptr<boost::asio::basic_serial_port<> >; ConstBufferSequence = boost::asio::const_buffers_1; std::size_t = long unsigned int; typename std::enable_if<boost::asio::is_const_buffer_sequence<ConstBufferSequence>::value>::type = void][m[Kâ€™
[1.854s] [01m[K/home/fzq614/My_ROS_Robot/ROS-WorkSpace/ROS2-Robot-WS/src/serial_test/src/serial_linux.cpp:27:76:[m[K   required from here
[1.854s] [01m[K/usr/include/boost/asio/impl/write.hpp:54:23:[m[K [01;31m[Kerror: [m[Kâ€˜[01m[Kclass std::shared_ptr<boost::asio::basic_serial_port<> >[m[Kâ€™ has no member named â€˜[01m[Kwrite_some[m[Kâ€™
[1.854s]          tmp.consume([01;31m[Ks.write_some[m[K(tmp.prepare(max_size), ec));
[1.854s]                      [01;31m[K~~^~~~~~~~~~[m[K
[2.070s] make[2]: *** [CMakeFiles/serial_test.dir/build.make:76: CMakeFiles/serial_test.dir/src/serial_linux.cpp.o] Error 1
[2.070s] make[1]: *** [CMakeFiles/Makefile2:78: CMakeFiles/serial_test.dir/all] Error 2
[2.070s] make: *** [Makefile:141: all] Error 2
[2.074s] Invoked command in '/home/fzq614/My_ROS_Robot/ROS-WorkSpace/ROS2-Robot-WS/build/serial_test' returned '2': CMAKE_PREFIX_PATH=${CMAKE_PREFIX_PATH}:/opt/ros/galactic /usr/bin/cmake --build /home/fzq614/My_ROS_Robot/ROS-WorkSpace/ROS2-Robot-WS/build/serial_test -- -j4 -l4
