[01m[K/home/fzq614/My_ROS_Robot/ROS-WorkSpace/ROS2-Robot-WS/src/serial_test/src/serial_test.cpp:[m[K In member function â€˜[01m[Kvoid SerialNode::timer_callback()[m[Kâ€™:
[01m[K/home/fzq614/My_ROS_Robot/ROS-WorkSpace/ROS2-Robot-WS/src/serial_test/src/serial_test.cpp:37:29:[m[K [01;31m[Kerror: [m[Kâ€˜[01m[Kserial[m[Kâ€™ is not a class, namespace, or enumeration
         boost::asio::write(*[01;31m[Kserial[m[K::serial_port_.get(), boost::asio::buffer("Hello world", 12));
                             [01;31m[K^~~~~~[m[K
make[2]: *** [CMakeFiles/serial_test.dir/build.make:63: CMakeFiles/serial_test.dir/src/serial_test.cpp.o] Error 1
make[1]: *** [CMakeFiles/Makefile2:78: CMakeFiles/serial_test.dir/all] Error 2
make: *** [Makefile:141: all] Error 2
