[35m[1mScanning dependencies of target serial_test[0m
[ 66%] [32mBuilding CXX object CMakeFiles/serial_test.dir/src/serial_test.cpp.o[0m
[ 66%] [32mBuilding CXX object CMakeFiles/serial_test.dir/src/serial_linux.cpp.o[0m
[01m[K/home/fzq614/My_ROS_Robot/ROS-WorkSpace/ROS2-Robot-WS/src/serial_test/src/serial_linux.cpp:[m[K In member function â€˜[01m[Kvoid Serial::SerialInit(std::__cxx11::string&)[m[Kâ€™:
[01m[K/home/fzq614/My_ROS_Robot/ROS-WorkSpace/ROS2-Robot-WS/src/serial_test/src/serial_linux.cpp:22:18:[m[K [01;31m[Kerror: [m[Kâ€˜[01m[Kclass std::shared_ptr<boost::asio::basic_serial_port<> >[m[Kâ€™ has no member named â€˜[01m[Kset_option[m[Kâ€™
     serial_port_.[01;31m[Kset_option[m[K(boost::asio::serial_port::baud_rate(115200));
                  [01;31m[K^~~~~~~~~~[m[K
[01m[K/home/fzq614/My_ROS_Robot/ROS-WorkSpace/ROS2-Robot-WS/src/serial_test/src/serial_linux.cpp:23:18:[m[K [01;31m[Kerror: [m[Kâ€˜[01m[Kclass std::shared_ptr<boost::asio::basic_serial_port<> >[m[Kâ€™ has no member named â€˜[01m[Kset_option[m[Kâ€™
     serial_port_.[01;31m[Kset_option[m[K(boost::asio::serial_port::flow_control(boost::asio::serial_port::flow_control::none));
                  [01;31m[K^~~~~~~~~~[m[K
[01m[K/home/fzq614/My_ROS_Robot/ROS-WorkSpace/ROS2-Robot-WS/src/serial_test/src/serial_linux.cpp:24:18:[m[K [01;31m[Kerror: [m[Kâ€˜[01m[Kclass std::shared_ptr<boost::asio::basic_serial_port<> >[m[Kâ€™ has no member named â€˜[01m[Kset_option[m[Kâ€™
     serial_port_.[01;31m[Kset_option[m[K(boost::asio::serial_port::parity(boost::asio::serial_port::parity::none));
                  [01;31m[K^~~~~~~~~~[m[K
[01m[K/home/fzq614/My_ROS_Robot/ROS-WorkSpace/ROS2-Robot-WS/src/serial_test/src/serial_linux.cpp:25:18:[m[K [01;31m[Kerror: [m[Kâ€˜[01m[Kclass std::shared_ptr<boost::asio::basic_serial_port<> >[m[Kâ€™ has no member named â€˜[01m[Kset_option[m[Kâ€™
     serial_port_.[01;31m[Kset_option[m[K(boost::asio::serial_port::stop_bits(boost::asio::serial_port::stop_bits::one));
                  [01;31m[K^~~~~~~~~~[m[K
[01m[K/home/fzq614/My_ROS_Robot/ROS-WorkSpace/ROS2-Robot-WS/src/serial_test/src/serial_linux.cpp:26:18:[m[K [01;31m[Kerror: [m[Kâ€˜[01m[Kclass std::shared_ptr<boost::asio::basic_serial_port<> >[m[Kâ€™ has no member named â€˜[01m[Kset_option[m[Kâ€™
     serial_port_.[01;31m[Kset_option[m[K(boost::asio::serial_port::character_size(8));
                  [01;31m[K^~~~~~~~~~[m[K
In file included from [01m[K/usr/include/boost/asio/write.hpp:1217[m[K,
                 from [01m[K/usr/include/boost/asio/buffered_write_stream.hpp:28[m[K,
                 from [01m[K/usr/include/boost/asio/buffered_stream.hpp:22[m[K,
                 from [01m[K/usr/include/boost/asio.hpp:43[m[K,
                 from [01m[K/home/fzq614/My_ROS_Robot/ROS-WorkSpace/ROS2-Robot-WS/src/serial_test/src/serial_linux.hpp:5[m[K,
                 from [01m[K/home/fzq614/My_ROS_Robot/ROS-WorkSpace/ROS2-Robot-WS/src/serial_test/src/serial_linux.cpp:1[m[K:
/usr/include/boost/asio/impl/write.hpp: In instantiation of â€˜[01m[Kstd::size_t boost::asio::detail::write_buffer_sequence(SyncWriteStream&, const ConstBufferSequence&, const ConstBufferIterator&, CompletionCondition, boost::system::error_code&) [with SyncWriteStream = std::shared_ptr<boost::asio::basic_serial_port<> >; ConstBufferSequence = boost::asio::const_buffers_1; ConstBufferIterator = const boost::asio::const_buffer*; CompletionCondition = boost::asio::detail::transfer_all_t; std::size_t = long unsigned int][m[Kâ€™:
[01m[K/usr/include/boost/asio/impl/write.hpp:70:39:[m[K   required from â€˜[01m[Kstd::size_t boost::asio::write(SyncWriteStream&, const ConstBufferSequence&, CompletionCondition, boost::system::error_code&, typename std::enable_if<boost::asio::is_const_buffer_sequence<ConstBufferSequence>::value>::type*) [with SyncWriteStream = std::shared_ptr<boost::asio::basic_serial_port<> >; ConstBufferSequence = boost::asio::const_buffers_1; CompletionCondition = boost::asio::detail::transfer_all_t; std::size_t = long unsigned int; typename std::enable_if<boost::asio::is_const_buffer_sequence<ConstBufferSequence>::value>::type = void][m[Kâ€™
[01m[K/usr/include/boost/asio/impl/write.hpp:82:40:[m[K   required from â€˜[01m[Kstd::size_t boost::asio::write(SyncWriteStream&, const ConstBufferSequence&, typename std::enable_if<boost::asio::is_const_buffer_sequence<ConstBufferSequence>::value>::type*) [with SyncWriteStream = std::shared_ptr<boost::asio::basic_serial_port<> >; ConstBufferSequence = boost::asio::const_buffers_1; std::size_t = long unsigned int; typename std::enable_if<boost::asio::is_const_buffer_sequence<ConstBufferSequence>::value>::type = void][m[Kâ€™
[01m[K/home/fzq614/My_ROS_Robot/ROS-WorkSpace/ROS2-Robot-WS/src/serial_test/src/serial_linux.cpp:27:76:[m[K   required from here
[01m[K/usr/include/boost/asio/impl/write.hpp:54:23:[m[K [01;31m[Kerror: [m[Kâ€˜[01m[Kclass std::shared_ptr<boost::asio::basic_serial_port<> >[m[Kâ€™ has no member named â€˜[01m[Kwrite_some[m[Kâ€™
         tmp.consume([01;31m[Ks.write_some[m[K(tmp.prepare(max_size), ec));
                     [01;31m[K~~^~~~~~~~~~[m[K
make[2]: *** [CMakeFiles/serial_test.dir/build.make:76: CMakeFiles/serial_test.dir/src/serial_linux.cpp.o] Error 1
make[2]: *** Waiting for unfinished jobs....
make[1]: *** [CMakeFiles/Makefile2:78: CMakeFiles/serial_test.dir/all] Error 2
make: *** [Makefile:141: all] Error 2
