[0.036s] Invoking command in '/home/fzq614/My_ROS_Robot/ROS-WorkSpace/ROS2-Robot-WS/build/serial_test': CMAKE_PREFIX_PATH=${CMAKE_PREFIX_PATH}:/opt/ros/galactic /usr/bin/cmake --build /home/fzq614/My_ROS_Robot/ROS-WorkSpace/ROS2-Robot-WS/build/serial_test -- -j4 -l4
[0.209s] [35m[1mScanning dependencies of target serial_test[0m
[0.209s] [ 33%] [32mBuilding CXX object CMakeFiles/serial_test.dir/src/serial_linux.cpp.o[0m
[1.672s] [01m[K/home/fzq614/My_ROS_Robot/ROS-WorkSpace/ROS2-Robot-WS/src/third_pkg/Serial_Linux/src/serial_linux.cpp:[m[K In member function â€˜[01m[Kvoid Serial::read_from_serial()[m[Kâ€™:
[1.672s] [01m[K/home/fzq614/My_ROS_Robot/ROS-WorkSpace/ROS2-Robot-WS/src/third_pkg/Serial_Linux/src/serial_linux.cpp:82:17:[m[K [01;31m[Kerror: [m[Kâ€˜[01m[Kboost::asio::io_service[m[Kâ€™ {aka â€˜[01m[Kclass boost::asio::io_context[m[Kâ€™} has no member named â€˜[01m[Kopen[m[Kâ€™
[1.672s]      io_service_.[01;31m[Kopen[m[K();
[1.672s]                  [01;31m[K^~~~[m[K
[2.102s] make[2]: *** [CMakeFiles/serial_test.dir/build.make:76: CMakeFiles/serial_test.dir/src/serial_linux.cpp.o] Error 1
[2.106s] make[1]: *** [CMakeFiles/Makefile2:78: CMakeFiles/serial_test.dir/all] Error 2
[2.106s] make: *** [Makefile:141: all] Error 2
[2.107s] Invoked command in '/home/fzq614/My_ROS_Robot/ROS-WorkSpace/ROS2-Robot-WS/build/serial_test' returned '2': CMAKE_PREFIX_PATH=${CMAKE_PREFIX_PATH}:/opt/ros/galactic /usr/bin/cmake --build /home/fzq614/My_ROS_Robot/ROS-WorkSpace/ROS2-Robot-WS/build/serial_test -- -j4 -l4
