[0.014s] Invoking command in '/home/fzq614/My_ROS_Robot/ROS-WorkSpace/ROS2-Robot-WS/build/serial_test': CMAKE_PREFIX_PATH=${CMAKE_PREFIX_PATH}:/opt/ros/galactic /usr/bin/cmake --build /home/fzq614/My_ROS_Robot/ROS-WorkSpace/ROS2-Robot-WS/build/serial_test -- -j4 -l4
[0.055s] [35m[1mScanning dependencies of target serial_test[0m
[0.079s] [ 33%] [32mBuilding CXX object CMakeFiles/serial_test.dir/src/serial_linux.cpp.o[0m
[1.619s] [01m[K/home/fzq614/My_ROS_Robot/ROS-WorkSpace/ROS2-Robot-WS/src/serial_test/src/serial_linux.cpp:[m[K In member function â€˜[01m[Kbool Serial::SerialRead(double*, unsigned char*)[m[Kâ€™:
[1.619s] [01m[K/home/fzq614/My_ROS_Robot/ROS-WorkSpace/ROS2-Robot-WS/src/serial_test/src/serial_linux.cpp:204:31:[m[K [01;31m[Kerror: [m[Kexpected â€˜[01m[K;[m[Kâ€™ before â€˜[01m[Kfor[m[Kâ€™
[1.619s]      std::cout << "Read:(HEX) "
[1.619s]                                [01;31m[K^[m[K
[1.619s]                                [32m[K;[m[K
[1.620s]      [32m[Kfor[m[K(int i = 0; i < ReceiveLength; i++)
[1.620s]      [32m[K~~~[m[K                        
[1.620s] [01m[K/home/fzq614/My_ROS_Robot/ROS-WorkSpace/ROS2-Robot-WS/src/serial_test/src/serial_linux.cpp:205:20:[m[K [01;31m[Kerror: [m[Kâ€˜[01m[Ki[m[Kâ€™ was not declared in this scope
[1.620s]      for(int i = 0; [01;31m[Ki[m[K < ReceiveLength; i++)
[1.620s]                     [01;31m[K^[m[K
[1.621s] [01m[K/home/fzq614/My_ROS_Robot/ROS-WorkSpace/ROS2-Robot-WS/src/serial_test/src/serial_linux.cpp:165:34:[m[K [01;35m[Kwarning: [m[Kunused parameter â€˜[01m[KReceiveData[m[Kâ€™ [[01;35m[K-Wunused-parameter[m[K]
[1.621s]  bool Serial::SerialRead([01;35m[Kdouble * ReceiveData[m[K, unsigned char * ReceiveCode)
[1.621s]                          [01;35m[K~~~~~~~~~^~~~~~~~~~~[m[K
[2.043s] make[2]: *** [CMakeFiles/serial_test.dir/build.make:76: CMakeFiles/serial_test.dir/src/serial_linux.cpp.o] Error 1
[2.043s] make[1]: *** [CMakeFiles/Makefile2:78: CMakeFiles/serial_test.dir/all] Error 2
[2.043s] make: *** [Makefile:141: all] Error 2
[2.046s] Invoked command in '/home/fzq614/My_ROS_Robot/ROS-WorkSpace/ROS2-Robot-WS/build/serial_test' returned '2': CMAKE_PREFIX_PATH=${CMAKE_PREFIX_PATH}:/opt/ros/galactic /usr/bin/cmake --build /home/fzq614/My_ROS_Robot/ROS-WorkSpace/ROS2-Robot-WS/build/serial_test -- -j4 -l4
