[0.076s] Invoking command in '/home/fzq614/My_ROS_Robot/ROS-WorkSpace/ROS2-Robot-WS/build/serial_test': CMAKE_PREFIX_PATH=${CMAKE_PREFIX_PATH}:/opt/ros/galactic /usr/bin/cmake --build /home/fzq614/My_ROS_Robot/ROS-WorkSpace/ROS2-Robot-WS/build/serial_test -- -j4 -l4
[0.228s] [35m[1mScanning dependencies of target serial_test[0m
[0.333s] [ 33%] [32mBuilding CXX object CMakeFiles/serial_test.dir/src/serial_linux.cpp.o[0m
[7.249s] [01m[K/home/fzq614/My_ROS_Robot/ROS-WorkSpace/ROS2-Robot-WS/src/third_pkg/Serial_Linux/src/serial_linux.cpp:[m[K In static member function â€˜[01m[Kstatic void Serial::readHandler(const boost::system::error_code&, std::size_t)[m[Kâ€™:
[7.250s] [01m[K/home/fzq614/My_ROS_Robot/ROS-WorkSpace/ROS2-Robot-WS/src/third_pkg/Serial_Linux/src/serial_linux.cpp:94:22:[m[K [01;31m[Kerror: [m[Kcannot call member function â€˜[01m[Kvoid Serial::read_from_serial()[m[Kâ€™ without object
[7.250s]      read_from_serial([01;31m[K)[m[K;
[7.250s]                       [01;31m[K^[m[K
[7.251s] [01m[K/home/fzq614/My_ROS_Robot/ROS-WorkSpace/ROS2-Robot-WS/src/third_pkg/Serial_Linux/src/serial_linux.cpp:92:59:[m[K [01;35m[Kwarning: [m[Kunused parameter â€˜[01m[Kerror[m[Kâ€™ [[01;35m[K-Wunused-parameter[m[K]
[7.251s]  void Serial::readHandler([01;35m[Kconst boost::system::error_code& error[m[K,std::size_t bytes_transferred)
[7.252s]                           [01;35m[K~~~~~~~~~~~~~~~~~~~~~~~~~~~~~~~~~^~~~~[m[K
[7.252s] [01m[K/home/fzq614/My_ROS_Robot/ROS-WorkSpace/ROS2-Robot-WS/src/third_pkg/Serial_Linux/src/serial_linux.cpp:92:77:[m[K [01;35m[Kwarning: [m[Kunused parameter â€˜[01m[Kbytes_transferred[m[Kâ€™ [[01;35m[K-Wunused-parameter[m[K]
[7.252s]   Serial::readHandler(const boost::system::error_code& error,[01;35m[Kstd::size_t bytes_transferred[m[K)
[7.252s]                                                              [01;35m[K~~~~~~~~~~~~^~~~~~~~~~~~~~~~~[m[K
[7.252s] 
[9.213s] make[2]: *** [CMakeFiles/serial_test.dir/build.make:76: CMakeFiles/serial_test.dir/src/serial_linux.cpp.o] Error 1
[9.214s] make[1]: *** [CMakeFiles/Makefile2:78: CMakeFiles/serial_test.dir/all] Error 2
[9.215s] make: *** [Makefile:141: all] Error 2
[9.221s] Invoked command in '/home/fzq614/My_ROS_Robot/ROS-WorkSpace/ROS2-Robot-WS/build/serial_test' returned '2': CMAKE_PREFIX_PATH=${CMAKE_PREFIX_PATH}:/opt/ros/galactic /usr/bin/cmake --build /home/fzq614/My_ROS_Robot/ROS-WorkSpace/ROS2-Robot-WS/build/serial_test -- -j4 -l4
