[0.017s] Invoking command in '/home/fzq614/My_ROS_Robot/ROS-WorkSpace/ROS2-Robot-WS/build/serial_test': CMAKE_PREFIX_PATH=${CMAKE_PREFIX_PATH}:/opt/ros/galactic /usr/bin/cmake --build /home/fzq614/My_ROS_Robot/ROS-WorkSpace/ROS2-Robot-WS/build/serial_test -- -j4 -l4
[0.059s] [35m[1mScanning dependencies of target serial_test[0m
[0.085s] [ 33%] [32mBuilding CXX object CMakeFiles/serial_test.dir/src/serial_linux.cpp.o[0m
[1.720s] [01m[K/home/fzq614/My_ROS_Robot/ROS-WorkSpace/ROS2-Robot-WS/src/serial_test/src/serial_linux.cpp:[m[K In member function â€˜[01m[Kvoid Serial::write_to_serial(std::__cxx11::string)[m[Kâ€™:
[1.720s] [01m[K/home/fzq614/My_ROS_Robot/ROS-WorkSpace/ROS2-Robot-WS/src/serial_test/src/serial_linux.cpp:37:12:[m[K [01;35m[Kwarning: [m[Kvariable â€˜[01m[Klen[m[Kâ€™ set but not used [[01;35m[K-Wunused-but-set-variable[m[K]
[1.720s]      size_t [01;35m[Klen[m[K;
[1.720s]             [01;35m[K^~~[m[K
[1.720s] [01m[K/home/fzq614/My_ROS_Robot/ROS-WorkSpace/ROS2-Robot-WS/src/serial_test/src/serial_linux.cpp:[m[K In member function â€˜[01m[Kvoid Serial::SerialInit(const string&)[m[Kâ€™:
[1.720s] [01m[K/home/fzq614/My_ROS_Robot/ROS-WorkSpace/ROS2-Robot-WS/src/serial_test/src/serial_linux.cpp:67:117:[m[K [01;31m[Kerror: [m[Kâ€˜[01m[Kclass boost::system::system_error[m[Kâ€™ has no member named â€˜[01m[Kmessage[m[Kâ€™
[1.721s]  pen() failed. port_name=" << port_name_ << ", reason: " << error_code_.[01;31m[Kmessage[m[K().c_str() << std::endl;
[1.721s]                                                                         [01;31m[K^~~~~~~[m[K
[1.721s] 
[2.160s] make[2]: *** [CMakeFiles/serial_test.dir/build.make:76: CMakeFiles/serial_test.dir/src/serial_linux.cpp.o] Error 1
[2.160s] make[1]: *** [CMakeFiles/Makefile2:78: CMakeFiles/serial_test.dir/all] Error 2
[2.160s] make: *** [Makefile:141: all] Error 2
[2.162s] Invoked command in '/home/fzq614/My_ROS_Robot/ROS-WorkSpace/ROS2-Robot-WS/build/serial_test' returned '2': CMAKE_PREFIX_PATH=${CMAKE_PREFIX_PATH}:/opt/ros/galactic /usr/bin/cmake --build /home/fzq614/My_ROS_Robot/ROS-WorkSpace/ROS2-Robot-WS/build/serial_test -- -j4 -l4
