[35m[1mScanning dependencies of target serial_test[0m
[ 66%] [32mBuilding CXX object CMakeFiles/serial_test.dir/src/serial_linux.cpp.o[0m
[ 66%] [32mBuilding CXX object CMakeFiles/serial_test.dir/src/serial_test.cpp.o[0m
[01m[K/home/fzq614/My_ROS_Robot/ROS-WorkSpace/ROS2-Robot-WS/src/serial_test/src/serial_linux.cpp:[m[K In member function â€˜[01m[Kbool Serial::SerialRead(double*, unsigned char*)[m[Kâ€™:
[01m[K/home/fzq614/My_ROS_Robot/ROS-WorkSpace/ROS2-Robot-WS/src/serial_test/src/serial_linux.cpp:160:47:[m[K [01;31m[Kerror: [m[Krequest for member â€˜[01m[Kget[m[Kâ€™ in â€˜[01m[K((Serial*)this)->Serial::serial_port_[m[Kâ€™, which is of pointer type â€˜[01m[Kboost::asio::serial_port*[m[Kâ€™ {aka â€˜[01m[Kboost::asio::basic_serial_port<>*[m[Kâ€™} (maybe you meant to use â€˜[01m[K->[m[Kâ€™ ?)
         boost::asio::read_until(*serial_port_.[01;31m[Kget[m[K(), response, "\r\n", error_code_);
                                               [01;31m[K^~~[m[K
make[2]: *** [CMakeFiles/serial_test.dir/build.make:76: CMakeFiles/serial_test.dir/src/serial_linux.cpp.o] Error 1
make[2]: *** Waiting for unfinished jobs....
make[1]: *** [CMakeFiles/Makefile2:78: CMakeFiles/serial_test.dir/all] Error 2
make: *** [Makefile:141: all] Error 2
