[35m[1mScanning dependencies of target serial_test[0m
[ 33%] [32mBuilding CXX object CMakeFiles/serial_test.dir/src/serial_test.cpp.o[0m
[01m[K/home/fzq614/My_ROS_Robot/ROS-WorkSpace/ROS2-Robot-WS/src/serial_test/src/serial_test.cpp:[m[K In member function â€˜[01m[Kvoid SerialNode::timer_callback()[m[Kâ€™:
[01m[K/home/fzq614/My_ROS_Robot/ROS-WorkSpace/ROS2-Robot-WS/src/serial_test/src/serial_test.cpp:37:72:[m[K [01;31m[Kerror: [m[Kâ€˜[01m[Kio_service_[m[Kâ€™ was not declared in this scope
         auto serial_port_ = std::make_shared<boost::asio::serial_port>([01;31m[Kio_service_[m[K, "/dev/ttyUSB0");
                                                                        [01;31m[K^~~~~~~~~~~[m[K
[01m[K/home/fzq614/My_ROS_Robot/ROS-WorkSpace/ROS2-Robot-WS/src/serial_test/src/serial_test.cpp:37:72:[m[K [01;36m[Knote: [m[Ksuggested alternative: â€˜[01m[Knode_services_[m[Kâ€™
         auto serial_port_ = std::make_shared<boost::asio::serial_port>([01;36m[Kio_service_[m[K, "/dev/ttyUSB0");
                                                                        [01;36m[K^~~~~~~~~~~[m[K
                                                                        [32m[Knode_services_[m[K
make[2]: *** [CMakeFiles/serial_test.dir/build.make:63: CMakeFiles/serial_test.dir/src/serial_test.cpp.o] Error 1
make[1]: *** [CMakeFiles/Makefile2:78: CMakeFiles/serial_test.dir/all] Error 2
make: *** [Makefile:141: all] Error 2
