[0.012s] Invoking command in '/home/fzq614/My_ROS_Robot/ROS-WorkSpace/ROS2-Robot-WS/build/serial_test': CMAKE_PREFIX_PATH=${CMAKE_PREFIX_PATH}:/opt/ros/galactic /usr/bin/cmake --build /home/fzq614/My_ROS_Robot/ROS-WorkSpace/ROS2-Robot-WS/build/serial_test -- -j4 -l4
[0.055s] [35m[1mScanning dependencies of target serial_test[0m
[0.080s] [ 33%] [32mBuilding CXX object CMakeFiles/serial_test.dir/src/serial_test.cpp.o[0m
[1.661s] [01m[K/home/fzq614/My_ROS_Robot/ROS-WorkSpace/ROS2-Robot-WS/src/serial_test/src/serial_test.cpp:[m[K In member function â€˜[01m[Kvoid SerialNode::timer_callback()[m[Kâ€™:
[1.661s] [01m[K/home/fzq614/My_ROS_Robot/ROS-WorkSpace/ROS2-Robot-WS/src/serial_test/src/serial_test.cpp:37:72:[m[K [01;31m[Kerror: [m[Kâ€˜[01m[Kio_service_[m[Kâ€™ was not declared in this scope
[1.661s]          auto serial_port_ = std::make_shared<boost::asio::serial_port>([01;31m[Kio_service_[m[K, "/dev/ttyUSB0");
[1.661s]                                                                         [01;31m[K^~~~~~~~~~~[m[K
[1.664s] [01m[K/home/fzq614/My_ROS_Robot/ROS-WorkSpace/ROS2-Robot-WS/src/serial_test/src/serial_test.cpp:37:72:[m[K [01;36m[Knote: [m[Ksuggested alternative: â€˜[01m[Knode_services_[m[Kâ€™
[1.664s]          auto serial_port_ = std::make_shared<boost::asio::serial_port>([01;36m[Kio_service_[m[K, "/dev/ttyUSB0");
[1.664s]                                                                         [01;36m[K^~~~~~~~~~~[m[K
[1.664s]                                                                         [32m[Knode_services_[m[K
[2.104s] make[2]: *** [CMakeFiles/serial_test.dir/build.make:63: CMakeFiles/serial_test.dir/src/serial_test.cpp.o] Error 1
[2.104s] make[1]: *** [CMakeFiles/Makefile2:78: CMakeFiles/serial_test.dir/all] Error 2
[2.104s] make: *** [Makefile:141: all] Error 2
[2.106s] Invoked command in '/home/fzq614/My_ROS_Robot/ROS-WorkSpace/ROS2-Robot-WS/build/serial_test' returned '2': CMAKE_PREFIX_PATH=${CMAKE_PREFIX_PATH}:/opt/ros/galactic /usr/bin/cmake --build /home/fzq614/My_ROS_Robot/ROS-WorkSpace/ROS2-Robot-WS/build/serial_test -- -j4 -l4
