[0.011s] Invoking command in '/home/fzq614/My_ROS_Robot/ROS-WorkSpace/ROS2-Robot-WS/build/serial_test': CMAKE_PREFIX_PATH=${CMAKE_PREFIX_PATH}:/opt/ros/galactic /usr/bin/cmake --build /home/fzq614/My_ROS_Robot/ROS-WorkSpace/ROS2-Robot-WS/build/serial_test -- -j4 -l4
[0.054s] [35m[1mScanning dependencies of target serial_test[0m
[0.078s] [ 33%] [32mBuilding CXX object CMakeFiles/serial_test.dir/src/serial_test.cpp.o[0m
[1.601s] [01m[K/home/fzq614/My_ROS_Robot/ROS-WorkSpace/ROS2-Robot-WS/src/serial_test/src/serial_test.cpp:[m[K In member function â€˜[01m[Kvoid SerialNode::timer_callback()[m[Kâ€™:
[1.601s] [01m[K/home/fzq614/My_ROS_Robot/ROS-WorkSpace/ROS2-Robot-WS/src/serial_test/src/serial_test.cpp:37:37:[m[K [01;31m[Kerror: [m[Kâ€˜[01m[Kstd::shared_ptr<boost::asio::basic_serial_port<> > Serial::serial_port_[m[Kâ€™ is private within this context
[1.601s]          boost::asio::write(*Serial::[01;31m[Kserial_port_[m[K.get(), boost::asio::buffer("Hello world", 12));
[1.601s]                                      [01;31m[K^~~~~~~~~~~~[m[K
[1.601s] In file included from [01m[K/home/fzq614/My_ROS_Robot/ROS-WorkSpace/ROS2-Robot-WS/src/serial_test/src/serial_test.cpp:2[m[K:
[1.601s] [01m[K/home/fzq614/My_ROS_Robot/ROS-WorkSpace/ROS2-Robot-WS/src/serial_test/src/serial_linux.hpp:26:47:[m[K [01;36m[Knote: [m[Kdeclared private here
[1.601s]      std::shared_ptr<boost::asio::serial_port> [01;36m[Kserial_port_[m[K;
[1.601s]                                                [01;36m[K^~~~~~~~~~~~[m[K
[1.601s] [01m[K/home/fzq614/My_ROS_Robot/ROS-WorkSpace/ROS2-Robot-WS/src/serial_test/src/serial_test.cpp:37:37:[m[K [01;31m[Kerror: [m[Kinvalid use of non-static data member â€˜[01m[KSerial::serial_port_[m[Kâ€™
[1.601s]          boost::asio::write(*Serial::[01;31m[Kserial_port_[m[K.get(), boost::asio::buffer("Hello world", 12));
[1.601s]                                      [01;31m[K^~~~~~~~~~~~[m[K
[1.601s] In file included from [01m[K/home/fzq614/My_ROS_Robot/ROS-WorkSpace/ROS2-Robot-WS/src/serial_test/src/serial_test.cpp:2[m[K:
[1.601s] [01m[K/home/fzq614/My_ROS_Robot/ROS-WorkSpace/ROS2-Robot-WS/src/serial_test/src/serial_linux.hpp:26:47:[m[K [01;36m[Knote: [m[Kdeclared here
[1.601s]      std::shared_ptr<boost::asio::serial_port> [01;36m[Kserial_port_[m[K;
[1.601s]                                                [01;36m[K^~~~~~~~~~~~[m[K
[2.044s] make[2]: *** [CMakeFiles/serial_test.dir/build.make:63: CMakeFiles/serial_test.dir/src/serial_test.cpp.o] Error 1
[2.044s] make[1]: *** [CMakeFiles/Makefile2:78: CMakeFiles/serial_test.dir/all] Error 2
[2.044s] make: *** [Makefile:141: all] Error 2
[2.048s] Invoked command in '/home/fzq614/My_ROS_Robot/ROS-WorkSpace/ROS2-Robot-WS/build/serial_test' returned '2': CMAKE_PREFIX_PATH=${CMAKE_PREFIX_PATH}:/opt/ros/galactic /usr/bin/cmake --build /home/fzq614/My_ROS_Robot/ROS-WorkSpace/ROS2-Robot-WS/build/serial_test -- -j4 -l4
