[0.012s] Invoking command in '/home/fzq614/My_ROS_Robot/ROS-WorkSpace/ROS2-Robot-WS/build/serial_test': CMAKE_PREFIX_PATH=${CMAKE_PREFIX_PATH}:/opt/ros/galactic /usr/bin/cmake --build /home/fzq614/My_ROS_Robot/ROS-WorkSpace/ROS2-Robot-WS/build/serial_test -- -j4 -l4
[0.054s] [35m[1mScanning dependencies of target serial_test[0m
[0.078s] [ 33%] [32mBuilding CXX object CMakeFiles/serial_test.dir/src/serial_linux.cpp.o[0m
[1.636s] [01m[K/home/fzq614/My_ROS_Robot/ROS-WorkSpace/ROS2-Robot-WS/src/serial_test/src/serial_linux.cpp:[m[K In member function ‚Äò[01m[Kbool Serial::SerialRead(short int*, unsigned int*)[m[K‚Äô:
[1.637s] [01m[K/home/fzq614/My_ROS_Robot/ROS-WorkSpace/ROS2-Robot-WS/src/serial_test/src/serial_linux.cpp:229:35:[m[K [01;31m[Kerror: [m[Kcast from ‚Äò[01m[Kunsigned char*[m[K‚Äô to ‚Äò[01m[Kunsigned int[m[K‚Äô loses precision [[01;31m[K-fpermissive[m[K]
[1.637s]      CrcNum = CalCrc((unsigned int)[01;31m[KReceiveBuf[m[K, ReceiveLength + 4); //Ê±ÇÂæóÊ†°È™åÁ†Å
[1.637s]                                    [01;31m[K^~~~~~~~~~[m[K
[1.637s] [01m[K/home/fzq614/My_ROS_Robot/ROS-WorkSpace/ROS2-Robot-WS/src/serial_test/src/serial_linux.cpp:229:21:[m[K [01;31m[Kerror: [m[Kinvalid conversion from ‚Äò[01m[Kunsigned int[m[K‚Äô to ‚Äò[01m[Kunsigned char*[m[K‚Äô [[01;31m[K-fpermissive[m[K]
[1.637s]      CrcNum = CalCrc([01;31m[K(unsigned int)ReceiveBuf[m[K, ReceiveLength + 4); //Ê±ÇÂæóÊ†°È™åÁ†Å
[1.637s]                      [01;31m[K^~~~~~~~~~~~~~~~~~~~~~~~[m[K
[1.637s] In file included from [01m[K/home/fzq614/My_ROS_Robot/ROS-WorkSpace/ROS2-Robot-WS/src/serial_test/src/serial_linux.cpp:1[m[K:
[1.637s] [01m[K/home/fzq614/My_ROS_Robot/ROS-WorkSpace/ROS2-Robot-WS/src/serial_test/src/serial_linux.hpp:25:42:[m[K [01;36m[Knote: [m[K  initializing argument 1 of ‚Äò[01m[Kunsigned char Serial::CalCrc(unsigned char*, short unsigned int)[m[K‚Äô
[1.637s]      unsigned char CalCrc([01;36m[Kunsigned char * VectorData[m[K, unsigned short len);
[1.637s]                           [01;36m[K~~~~~~~~~~~~~~~~^~~~~~~~~~[m[K
[2.079s] make[2]: *** [CMakeFiles/serial_test.dir/build.make:76: CMakeFiles/serial_test.dir/src/serial_linux.cpp.o] Error 1
[2.079s] make[1]: *** [CMakeFiles/Makefile2:78: CMakeFiles/serial_test.dir/all] Error 2
[2.079s] make: *** [Makefile:141: all] Error 2
[2.081s] Invoked command in '/home/fzq614/My_ROS_Robot/ROS-WorkSpace/ROS2-Robot-WS/build/serial_test' returned '2': CMAKE_PREFIX_PATH=${CMAKE_PREFIX_PATH}:/opt/ros/galactic /usr/bin/cmake --build /home/fzq614/My_ROS_Robot/ROS-WorkSpace/ROS2-Robot-WS/build/serial_test -- -j4 -l4
