[0.014s] Invoking command in '/home/fzq614/My_ROS_Robot/ROS-WorkSpace/ROS2-Robot-WS/build/serial_test': CMAKE_PREFIX_PATH=${CMAKE_PREFIX_PATH}:/opt/ros/galactic /usr/bin/cmake --build /home/fzq614/My_ROS_Robot/ROS-WorkSpace/ROS2-Robot-WS/build/serial_test -- -j4 -l4
[0.054s] [35m[1mScanning dependencies of target serial_test[0m
[0.078s] [ 33%] [32mBuilding CXX object CMakeFiles/serial_test.dir/src/serial_test.cpp.o[0m
[0.078s] [ 66%] [32mBuilding CXX object CMakeFiles/serial_test.dir/src/serial_linux.cpp.o[0m
[1.612s] In file included from [01m[K/home/fzq614/My_ROS_Robot/ROS-WorkSpace/ROS2-Robot-WS/src/serial_test/src/serial_linux.cpp:1[m[K:
[1.612s] [01m[K/home/fzq614/My_ROS_Robot/ROS-WorkSpace/ROS2-Robot-WS/src/serial_test/src/serial_linux.hpp:25:43:[m[K [01;31m[Kerror: [m[Kâ€˜[01m[Kio_service_[m[Kâ€™ is not a type
[1.612s]      boost::asio::serial_port serial_port_([01;31m[Kio_service_[m[K);
[1.613s]                                            [01;31m[K^~~~~~~~~~~[m[K
[1.613s] [01m[K/home/fzq614/My_ROS_Robot/ROS-WorkSpace/ROS2-Robot-WS/src/serial_test/src/serial_linux.cpp:[m[K In member function â€˜[01m[Kvoid Serial::SerialInit(std::__cxx11::string&)[m[Kâ€™:
[1.613s] [01m[K/home/fzq614/My_ROS_Robot/ROS-WorkSpace/ROS2-Robot-WS/src/serial_test/src/serial_linux.cpp:20:5:[m[K [01;31m[Kerror: [m[Kinvalid use of member function â€˜[01m[Kboost::asio::serial_port Serial::serial_port_(int)[m[Kâ€™ (did you forget the â€˜[01m[K()[m[Kâ€™ ?)
[1.613s]      [01;31m[Kserial_port_[m[K.open(port_name_, error_code_);
[1.613s]      [01;31m[K^~~~~~~~~~~~[m[K
[1.613s] [01m[K/home/fzq614/My_ROS_Robot/ROS-WorkSpace/ROS2-Robot-WS/src/serial_test/src/serial_linux.cpp:21:5:[m[K [01;31m[Kerror: [m[Kinvalid use of member function â€˜[01m[Kboost::asio::serial_port Serial::serial_port_(int)[m[Kâ€™ (did you forget the â€˜[01m[K()[m[Kâ€™ ?)
[1.613s]      [01;31m[Kserial_port_[m[K.set_option(boost::asio::serial_port::baud_rate(115200));
[1.613s]      [01;31m[K^~~~~~~~~~~~[m[K
[1.613s] [01m[K/home/fzq614/My_ROS_Robot/ROS-WorkSpace/ROS2-Robot-WS/src/serial_test/src/serial_linux.cpp:22:5:[m[K [01;31m[Kerror: [m[Kinvalid use of member function â€˜[01m[Kboost::asio::serial_port Serial::serial_port_(int)[m[Kâ€™ (did you forget the â€˜[01m[K()[m[Kâ€™ ?)
[1.613s]      [01;31m[Kserial_port_[m[K.set_option(boost::asio::serial_port::flow_control(boost::asio::serial_port::flow_control::none));
[1.613s]      [01;31m[K^~~~~~~~~~~~[m[K
[1.613s] [01m[K/home/fzq614/My_ROS_Robot/ROS-WorkSpace/ROS2-Robot-WS/src/serial_test/src/serial_linux.cpp:23:5:[m[K [01;31m[Kerror: [m[Kinvalid use of member function â€˜[01m[Kboost::asio::serial_port Serial::serial_port_(int)[m[Kâ€™ (did you forget the â€˜[01m[K()[m[Kâ€™ ?)
[1.613s]      [01;31m[Kserial_port_[m[K.set_option(boost::asio::serial_port::parity(boost::asio::serial_port::parity::none));
[1.613s]      [01;31m[K^~~~~~~~~~~~[m[K
[1.613s] [01m[K/home/fzq614/My_ROS_Robot/ROS-WorkSpace/ROS2-Robot-WS/src/serial_test/src/serial_linux.cpp:24:5:[m[K [01;31m[Kerror: [m[Kinvalid use of member function â€˜[01m[Kboost::asio::serial_port Serial::serial_port_(int)[m[Kâ€™ (did you forget the â€˜[01m[K()[m[Kâ€™ ?)
[1.613s]      [01;31m[Kserial_port_[m[K.set_option(boost::asio::serial_port::stop_bits(boost::asio::serial_port::stop_bits::one));
[1.613s]      [01;31m[K^~~~~~~~~~~~[m[K
[1.613s] [01m[K/home/fzq614/My_ROS_Robot/ROS-WorkSpace/ROS2-Robot-WS/src/serial_test/src/serial_linux.cpp:25:5:[m[K [01;31m[Kerror: [m[Kinvalid use of member function â€˜[01m[Kboost::asio::serial_port Serial::serial_port_(int)[m[Kâ€™ (did you forget the â€˜[01m[K()[m[Kâ€™ ?)
[1.613s]      [01;31m[Kserial_port_[m[K.set_option(boost::asio::serial_port::character_size(8));
[1.613s]      [01;31m[K^~~~~~~~~~~~[m[K
[1.613s] [01m[K/home/fzq614/My_ROS_Robot/ROS-WorkSpace/ROS2-Robot-WS/src/serial_test/src/serial_linux.cpp:26:76:[m[K [01;31m[Kerror: [m[Kinvalid use of non-static member function â€˜[01m[Kboost::asio::serial_port Serial::serial_port_(int)[m[Kâ€™
[1.613s]      boost::asio::write(serial_port_, boost::asio::buffer("Hello world", 12)[01;31m[K)[m[K;
[1.613s]                                                                             [01;31m[K^[m[K
[1.613s] In file included from [01m[K/home/fzq614/My_ROS_Robot/ROS-WorkSpace/ROS2-Robot-WS/src/serial_test/src/serial_linux.cpp:1[m[K:
[1.614s] [01m[K/home/fzq614/My_ROS_Robot/ROS-WorkSpace/ROS2-Robot-WS/src/serial_test/src/serial_linux.hpp:25:30:[m[K [01;36m[Knote: [m[Kdeclared here
[1.614s]      boost::asio::serial_port [01;36m[Kserial_port_[m[K(io_service_);
[1.614s]                               [01;36m[K^~~~~~~~~~~~[m[K
[1.614s] [01m[K/home/fzq614/My_ROS_Robot/ROS-WorkSpace/ROS2-Robot-WS/src/serial_test/src/serial_linux.cpp:17:39:[m[K [01;35m[Kwarning: [m[Kunused parameter â€˜[01m[Kport_name_[m[Kâ€™ [[01;35m[K-Wunused-parameter[m[K]
[1.614s]  void Serial::SerialInit([01;35m[Kstd::string & port_name_[m[K)
[1.614s]                          [01;35m[K~~~~~~~~~~~~~~^~~~~~~~~~[m[K
[1.615s] [01m[K/home/fzq614/My_ROS_Robot/ROS-WorkSpace/ROS2-Robot-WS/src/serial_test/src/serial_linux.cpp:[m[K In member function â€˜[01m[Kvoid Serial::SerialWrite(double*, unsigned char, unsigned char)[m[Kâ€™:
[1.615s] [01m[K/home/fzq614/My_ROS_Robot/ROS-WorkSpace/ROS2-Robot-WS/src/serial_test/src/serial_linux.cpp:115:25:[m[K [01;31m[Kerror: [m[Kinvalid use of member function â€˜[01m[Kboost::asio::serial_port Serial::serial_port_(int)[m[Kâ€™ (did you forget the â€˜[01m[K()[m[Kâ€™ ?)
[1.615s]      boost::asio::write(*[01;31m[Kserial_port_[m[K.get(), boost::asio::buffer(SendBuf, (unsigned int)SendLength), error_code_);
[1.615s]                          [01;31m[K^~~~~~~~~~~~[m[K
[1.615s] [01m[K/home/fzq614/My_ROS_Robot/ROS-WorkSpace/ROS2-Robot-WS/src/serial_test/src/serial_linux.cpp:[m[K In member function â€˜[01m[Kbool Serial::SerialRead(double*, unsigned char*)[m[Kâ€™:
[1.615s] [01m[K/home/fzq614/My_ROS_Robot/ROS-WorkSpace/ROS2-Robot-WS/src/serial_test/src/serial_linux.cpp:136:34:[m[K [01;31m[Kerror: [m[Kinvalid use of member function â€˜[01m[Kboost::asio::serial_port Serial::serial_port_(int)[m[Kâ€™ (did you forget the â€˜[01m[K()[m[Kâ€™ ?)
[1.615s]          boost::asio::read_until(*[01;31m[Kserial_port_[m[K.get(), response, "\r\n", error_code_);
[1.615s]                                   [01;31m[K^~~~~~~~~~~~[m[K
[1.619s] In file included from [01m[K/home/fzq614/My_ROS_Robot/ROS-WorkSpace/ROS2-Robot-WS/src/serial_test/src/serial_test.cpp:2[m[K:
[1.619s] [01m[K/home/fzq614/My_ROS_Robot/ROS-WorkSpace/ROS2-Robot-WS/src/serial_test/src/serial_linux.hpp:25:43:[m[K [01;31m[Kerror: [m[Kâ€˜[01m[Kio_service_[m[Kâ€™ is not a type
[1.619s]      boost::asio::serial_port serial_port_([01;31m[Kio_service_[m[K);
[1.619s]                                            [01;31m[K^~~~~~~~~~~[m[K
[2.017s] make[2]: *** [CMakeFiles/serial_test.dir/build.make:76: CMakeFiles/serial_test.dir/src/serial_linux.cpp.o] Error 1
[2.017s] make[2]: *** Waiting for unfinished jobs....
[2.074s] make[2]: *** [CMakeFiles/serial_test.dir/build.make:63: CMakeFiles/serial_test.dir/src/serial_test.cpp.o] Error 1
[2.074s] make[1]: *** [CMakeFiles/Makefile2:78: CMakeFiles/serial_test.dir/all] Error 2
[2.074s] make: *** [Makefile:141: all] Error 2
[2.078s] Invoked command in '/home/fzq614/My_ROS_Robot/ROS-WorkSpace/ROS2-Robot-WS/build/serial_test' returned '2': CMAKE_PREFIX_PATH=${CMAKE_PREFIX_PATH}:/opt/ros/galactic /usr/bin/cmake --build /home/fzq614/My_ROS_Robot/ROS-WorkSpace/ROS2-Robot-WS/build/serial_test -- -j4 -l4
