[0.054s] Invoking command in '/home/fzq614/My_ROS_Robot/ROS-WorkSpace/ROS2-Robot-WS/build/serial_test': CMAKE_PREFIX_PATH=${CMAKE_PREFIX_PATH}:/opt/ros/galactic /usr/bin/cmake --build /home/fzq614/My_ROS_Robot/ROS-WorkSpace/ROS2-Robot-WS/build/serial_test -- -j4 -l4
[0.230s] [35m[1mScanning dependencies of target serial_test[0m
[0.343s] [ 33%] [32mBuilding CXX object CMakeFiles/serial_test.dir/src/serial_linux.cpp.o[0m
[7.325s] [01m[K/home/fzq614/My_ROS_Robot/ROS-WorkSpace/ROS2-Robot-WS/src/third_pkg/Serial_Linux/src/serial_linux.cpp:[m[K In member function â€˜[01m[Kvoid Serial::read_from_serial()[m[Kâ€™:
[7.326s] [01m[K/home/fzq614/My_ROS_Robot/ROS-WorkSpace/ROS2-Robot-WS/src/third_pkg/Serial_Linux/src/serial_linux.cpp:76:52:[m[K [01;31m[Kerror: [m[Kâ€˜[01m[K_1[m[Kâ€™ is not a member of â€˜[01m[Kboost::asio::placeholders[m[Kâ€™
[7.326s]                          boost::asio::placeholders::[01;31m[K_1[m[K,
[7.326s]                                                     [01;31m[K^~[m[K
[7.327s] [01m[K/home/fzq614/My_ROS_Robot/ROS-WorkSpace/ROS2-Robot-WS/src/third_pkg/Serial_Linux/src/serial_linux.cpp:76:52:[m[K [01;36m[Knote: [m[Ksuggested alternative:
[7.328s] In file included from [01m[K/opt/ros/galactic/include/rclcpp/context.hpp:19[m[K,
[7.328s]                  from [01m[K/opt/ros/galactic/include/rclcpp/executor.hpp:33[m[K,
[7.329s]                  from [01m[K/opt/ros/galactic/include/rclcpp/executors/multi_threaded_executor.hpp:26[m[K,
[7.329s]                  from [01m[K/opt/ros/galactic/include/rclcpp/executors.hpp:21[m[K,
[7.330s]                  from [01m[K/opt/ros/galactic/include/rclcpp/rclcpp.hpp:156[m[K,
[7.330s]                  from [01m[K/home/fzq614/My_ROS_Robot/ROS-WorkSpace/ROS2-Robot-WS/src/third_pkg/Serial_Linux/src/serial_linux.hpp:4[m[K,
[7.330s]                  from [01m[K/home/fzq614/My_ROS_Robot/ROS-WorkSpace/ROS2-Robot-WS/src/third_pkg/Serial_Linux/src/serial_linux.cpp:1[m[K:
[7.330s] [01m[K/usr/include/c++/8/functional:211:34:[m[K [01;36m[Knote: [m[K  â€˜[01m[Kstd::placeholders::_1[m[Kâ€™
[7.331s]      extern const _Placeholder<1> [01;36m[K_1[m[K;
[7.331s]                                   [01;36m[K^~[m[K
[7.331s] [01m[K/home/fzq614/My_ROS_Robot/ROS-WorkSpace/ROS2-Robot-WS/src/third_pkg/Serial_Linux/src/serial_linux.cpp:77:52:[m[K [01;31m[Kerror: [m[Kâ€˜[01m[K_2[m[Kâ€™ is not a member of â€˜[01m[Kboost::asio::placeholders[m[Kâ€™
[7.331s]                          boost::asio::placeholders::[01;31m[K_2[m[K));
[7.332s]                                                     [01;31m[K^~[m[K
[7.332s] [01m[K/home/fzq614/My_ROS_Robot/ROS-WorkSpace/ROS2-Robot-WS/src/third_pkg/Serial_Linux/src/serial_linux.cpp:77:52:[m[K [01;36m[Knote: [m[Ksuggested alternative:
[7.332s] In file included from [01m[K/opt/ros/galactic/include/rclcpp/context.hpp:19[m[K,
[7.332s]                  from [01m[K/opt/ros/galactic/include/rclcpp/executor.hpp:33[m[K,
[7.332s]                  from [01m[K/opt/ros/galactic/include/rclcpp/executors/multi_threaded_executor.hpp:26[m[K,
[7.333s]                  from [01m[K/opt/ros/galactic/include/rclcpp/executors.hpp:21[m[K,
[7.333s]                  from [01m[K/opt/ros/galactic/include/rclcpp/rclcpp.hpp:156[m[K,
[7.334s]                  from [01m[K/home/fzq614/My_ROS_Robot/ROS-WorkSpace/ROS2-Robot-WS/src/third_pkg/Serial_Linux/src/serial_linux.hpp:4[m[K,
[7.334s]                  from [01m[K/home/fzq614/My_ROS_Robot/ROS-WorkSpace/ROS2-Robot-WS/src/third_pkg/Serial_Linux/src/serial_linux.cpp:1[m[K:
[7.334s] [01m[K/usr/include/c++/8/functional:212:34:[m[K [01;36m[Knote: [m[K  â€˜[01m[Kstd::placeholders::_2[m[Kâ€™
[7.336s]      extern const _Placeholder<2> [01;36m[K_2[m[K;
[7.336s]                                   [01;36m[K^~[m[K
[7.337s] [01m[K/home/fzq614/My_ROS_Robot/ROS-WorkSpace/ROS2-Robot-WS/src/third_pkg/Serial_Linux/src/serial_linux.cpp:[m[K In static member function â€˜[01m[Kstatic void Serial::readHandler(const boost::system::error_code&, std::size_t)[m[Kâ€™:
[7.337s] [01m[K/home/fzq614/My_ROS_Robot/ROS-WorkSpace/ROS2-Robot-WS/src/third_pkg/Serial_Linux/src/serial_linux.cpp:93:59:[m[K [01;35m[Kwarning: [m[Kunused parameter â€˜[01m[Kerror[m[Kâ€™ [[01;35m[K-Wunused-parameter[m[K]
[7.337s]  void Serial::readHandler([01;35m[Kconst boost::system::error_code& error[m[K,std::size_t bytes_transferred)
[7.337s]                           [01;35m[K~~~~~~~~~~~~~~~~~~~~~~~~~~~~~~~~~^~~~~[m[K
[7.337s] [01m[K/home/fzq614/My_ROS_Robot/ROS-WorkSpace/ROS2-Robot-WS/src/third_pkg/Serial_Linux/src/serial_linux.cpp:93:77:[m[K [01;35m[Kwarning: [m[Kunused parameter â€˜[01m[Kbytes_transferred[m[Kâ€™ [[01;35m[K-Wunused-parameter[m[K]
[7.338s]   Serial::readHandler(const boost::system::error_code& error,[01;35m[Kstd::size_t bytes_transferred[m[K)
[7.338s]                                                              [01;35m[K~~~~~~~~~~~~^~~~~~~~~~~~~~~~~[m[K
[7.338s] 
[9.158s] make[2]: *** [CMakeFiles/serial_test.dir/build.make:76: CMakeFiles/serial_test.dir/src/serial_linux.cpp.o] Error 1
[9.159s] make[1]: *** [CMakeFiles/Makefile2:78: CMakeFiles/serial_test.dir/all] Error 2
[9.160s] make: *** [Makefile:141: all] Error 2
[9.171s] Invoked command in '/home/fzq614/My_ROS_Robot/ROS-WorkSpace/ROS2-Robot-WS/build/serial_test' returned '2': CMAKE_PREFIX_PATH=${CMAKE_PREFIX_PATH}:/opt/ros/galactic /usr/bin/cmake --build /home/fzq614/My_ROS_Robot/ROS-WorkSpace/ROS2-Robot-WS/build/serial_test -- -j4 -l4
