[0.012s] Invoking command in '/home/fzq614/My_ROS_Robot/ROS-WorkSpace/ROS2-Robot-WS/build/serial_test': CMAKE_PREFIX_PATH=${CMAKE_PREFIX_PATH}:/opt/ros/galactic /usr/bin/cmake --build /home/fzq614/My_ROS_Robot/ROS-WorkSpace/ROS2-Robot-WS/build/serial_test -- -j4 -l4
[0.055s] [35m[1mScanning dependencies of target serial_test[0m
[0.083s] [ 33%] [32mBuilding CXX object CMakeFiles/serial_test.dir/src/serial_test.cpp.o[0m
[0.083s] [ 66%] [32mBuilding CXX object CMakeFiles/serial_test.dir/src/serial_linux.cpp.o[0m
[1.652s] [01m[K/home/fzq614/My_ROS_Robot/ROS-WorkSpace/ROS2-Robot-WS/src/serial_test/src/serial_test.cpp:[m[K In constructor â€˜[01m[KSerialNode::SerialNode()[m[Kâ€™:
[1.652s] [01m[K/home/fzq614/My_ROS_Robot/ROS-WorkSpace/ROS2-Robot-WS/src/serial_test/src/serial_test.cpp:25:30:[m[K [01;31m[Kerror: [m[Kno matching function for call to â€˜[01m[KSerial::Serial(std::__cxx11::string&)[m[Kâ€™
[1.652s]          Serial my_serial(port[01;31m[K)[m[K;
[1.652s]                               [01;31m[K^[m[K
[1.652s] In file included from [01m[K/home/fzq614/My_ROS_Robot/ROS-WorkSpace/ROS2-Robot-WS/src/serial_test/src/serial_test.cpp:2[m[K:
[1.652s] [01m[K/home/fzq614/My_ROS_Robot/ROS-WorkSpace/ROS2-Robot-WS/src/serial_test/src/serial_linux.hpp:16:7:[m[K [01;36m[Knote: [m[Kcandidate: â€˜[01m[KSerial::Serial()[m[Kâ€™
[1.652s]  class [01;36m[KSerial[m[K
[1.652s]        [01;36m[K^~~~~~[m[K
[1.652s] [01m[K/home/fzq614/My_ROS_Robot/ROS-WorkSpace/ROS2-Robot-WS/src/serial_test/src/serial_linux.hpp:16:7:[m[K [01;36m[Knote: [m[K  candidate expects 0 arguments, 1 provided
[1.655s] [01m[K/home/fzq614/My_ROS_Robot/ROS-WorkSpace/ROS2-Robot-WS/src/serial_test/src/serial_linux.cpp:13:1:[m[K [01;31m[Kerror: [m[Kno declaration matches â€˜[01m[KSerial::Serial(const string&)[m[Kâ€™
[1.656s]  [01;31m[KSerial[m[K::Serial(const std::string &port_name_):serial_port_( NULL )
[1.656s]  [01;31m[K^~~~~~[m[K
[1.656s] In file included from [01m[K/home/fzq614/My_ROS_Robot/ROS-WorkSpace/ROS2-Robot-WS/src/serial_test/src/serial_linux.cpp:1[m[K:
[1.656s] [01m[K/home/fzq614/My_ROS_Robot/ROS-WorkSpace/ROS2-Robot-WS/src/serial_test/src/serial_linux.hpp:16:7:[m[K [01;36m[Knote: [m[Kcandidates are: â€˜[01m[KSerial::Serial(Serial&&)[m[Kâ€™
[1.656s]  class [01;36m[KSerial[m[K
[1.656s]        [01;36m[K^~~~~~[m[K
[1.656s] [01m[K/home/fzq614/My_ROS_Robot/ROS-WorkSpace/ROS2-Robot-WS/src/serial_test/src/serial_linux.hpp:16:7:[m[K [01;36m[Knote: [m[K                â€˜[01m[KSerial::Serial(const Serial&)[m[Kâ€™
[1.656s] [01m[K/home/fzq614/My_ROS_Robot/ROS-WorkSpace/ROS2-Robot-WS/src/serial_test/src/serial_linux.hpp:16:7:[m[K [01;36m[Knote: [m[K                â€˜[01m[KSerial::Serial()[m[Kâ€™
[1.656s] [01m[K/home/fzq614/My_ROS_Robot/ROS-WorkSpace/ROS2-Robot-WS/src/serial_test/src/serial_linux.hpp:16:7:[m[K [01;36m[Knote: [m[Kâ€˜[01m[Kclass Serial[m[Kâ€™ defined here
[1.656s] [01m[K/home/fzq614/My_ROS_Robot/ROS-WorkSpace/ROS2-Robot-WS/src/serial_test/src/serial_linux.cpp:22:17:[m[K [01;31m[Kerror: [m[Kdefinition of implicitly-declared â€˜[01m[KSerial::~Serial()[m[Kâ€™
[1.656s]  Serial::~Serial([01;31m[K)[m[K
[1.656s]                  [01;31m[K^[m[K
[1.662s] [01m[K/home/fzq614/My_ROS_Robot/ROS-WorkSpace/ROS2-Robot-WS/src/serial_test/src/serial_test.cpp:[m[K In member function â€˜[01m[Kvoid SerialNode::timer_callback()[m[Kâ€™:
[1.663s] [01m[K/home/fzq614/My_ROS_Robot/ROS-WorkSpace/ROS2-Robot-WS/src/serial_test/src/serial_test.cpp:38:29:[m[K [01;31m[Kerror: [m[Kâ€˜[01m[Kmy_serial[m[Kâ€™ was not declared in this scope
[1.663s]          boost::asio::write(*[01;31m[Kmy_serial[m[K.serial_port_, boost::asio::buffer("Hello world", 12));
[1.663s]                              [01;31m[K^~~~~~~~~[m[K
[1.666s] [01m[K/home/fzq614/My_ROS_Robot/ROS-WorkSpace/ROS2-Robot-WS/src/serial_test/src/serial_test.cpp:38:29:[m[K [01;36m[Knote: [m[Ksuggested alternative: â€˜[01m[KSerial[m[Kâ€™
[1.666s]          boost::asio::write(*[01;36m[Kmy_serial[m[K.serial_port_, boost::asio::buffer("Hello world", 12));
[1.666s]                              [01;36m[K^~~~~~~~~[m[K
[1.666s]                              [32m[KSerial[m[K
[2.108s] make[2]: *** [CMakeFiles/serial_test.dir/build.make:63: CMakeFiles/serial_test.dir/src/serial_test.cpp.o] Error 1
[2.108s] make[2]: *** Waiting for unfinished jobs....
[2.112s] make[2]: *** [CMakeFiles/serial_test.dir/build.make:76: CMakeFiles/serial_test.dir/src/serial_linux.cpp.o] Error 1
[2.112s] make[1]: *** [CMakeFiles/Makefile2:78: CMakeFiles/serial_test.dir/all] Error 2
[2.112s] make: *** [Makefile:141: all] Error 2
[2.114s] Invoked command in '/home/fzq614/My_ROS_Robot/ROS-WorkSpace/ROS2-Robot-WS/build/serial_test' returned '2': CMAKE_PREFIX_PATH=${CMAKE_PREFIX_PATH}:/opt/ros/galactic /usr/bin/cmake --build /home/fzq614/My_ROS_Robot/ROS-WorkSpace/ROS2-Robot-WS/build/serial_test -- -j4 -l4
