[0.013s] Invoking command in '/home/fzq614/My_ROS_Robot/ROS-WorkSpace/ROS2-Robot-WS/build/serial_test': CMAKE_PREFIX_PATH=${CMAKE_PREFIX_PATH}:/opt/ros/galactic /usr/bin/cmake --build /home/fzq614/My_ROS_Robot/ROS-WorkSpace/ROS2-Robot-WS/build/serial_test -- -j4 -l4
[0.053s] [35m[1mScanning dependencies of target serial_test[0m
[0.076s] [ 33%] [32mBuilding CXX object CMakeFiles/serial_test.dir/src/serial_linux.cpp.o[0m
[1.622s] [01m[K/home/fzq614/My_ROS_Robot/ROS-WorkSpace/ROS2-Robot-WS/src/serial_test/src/serial_linux.cpp:15:37:[m[K [01;31m[Kerror: [m[Kâ€˜[01m[Kany_type[m[Kâ€™ does not name a type; did you mean â€˜[01m[Kisfdtype[m[Kâ€™?
[1.622s]  void Serial::write_to_serial( const [01;31m[Kany_type[m[K data )
[1.622s]                                      [01;31m[K^~~~~~~~[m[K
[1.622s]                                      [32m[Kisfdtype[m[K
[1.622s] [01m[K/home/fzq614/My_ROS_Robot/ROS-WorkSpace/ROS2-Robot-WS/src/serial_test/src/serial_linux.cpp:15:6:[m[K [01;31m[Kerror: [m[Kno declaration matches â€˜[01m[Kvoid Serial::write_to_serial(int)[m[Kâ€™
[1.622s]  void [01;31m[KSerial[m[K::write_to_serial( const any_type data )
[1.622s]       [01;31m[K^~~~~~[m[K
[1.622s] [01m[K/home/fzq614/My_ROS_Robot/ROS-WorkSpace/ROS2-Robot-WS/src/serial_test/src/serial_linux.cpp:15:6:[m[K [01;36m[Knote: [m[Kno functions named â€˜[01m[Kvoid Serial::write_to_serial(int)[m[Kâ€™
[1.622s] In file included from [01m[K/home/fzq614/My_ROS_Robot/ROS-WorkSpace/ROS2-Robot-WS/src/serial_test/src/serial_linux.cpp:1[m[K:
[1.622s] [01m[K/home/fzq614/My_ROS_Robot/ROS-WorkSpace/ROS2-Robot-WS/src/serial_test/src/serial_linux.hpp:14:7:[m[K [01;36m[Knote: [m[Kâ€˜[01m[Kclass Serial[m[Kâ€™ defined here
[1.622s]  class [01;36m[KSerial[m[K
[1.622s]        [01;36m[K^~~~~~[m[K
[1.622s] [01m[K/home/fzq614/My_ROS_Robot/ROS-WorkSpace/ROS2-Robot-WS/src/serial_test/src/serial_linux.cpp:[m[K In member function â€˜[01m[Kvoid Serial::SerialInit(std::__cxx11::string&)[m[Kâ€™:
[1.622s] [01m[K/home/fzq614/My_ROS_Robot/ROS-WorkSpace/ROS2-Robot-WS/src/serial_test/src/serial_linux.cpp:38:17:[m[K [01;31m[Kerror: [m[Kâ€˜[01m[Kwrite_to_serial[m[Kâ€™ is not a member of â€˜[01m[KSerial[m[Kâ€™
[1.622s]          Serial::[01;31m[Kwrite_to_serial[m[K("Hello world" );
[1.623s]                  [01;31m[K^~~~~~~~~~~~~~~[m[K
[2.062s] make[2]: *** [CMakeFiles/serial_test.dir/build.make:76: CMakeFiles/serial_test.dir/src/serial_linux.cpp.o] Error 1
[2.062s] make[1]: *** [CMakeFiles/Makefile2:78: CMakeFiles/serial_test.dir/all] Error 2
[2.062s] make: *** [Makefile:141: all] Error 2
[2.065s] Invoked command in '/home/fzq614/My_ROS_Robot/ROS-WorkSpace/ROS2-Robot-WS/build/serial_test' returned '2': CMAKE_PREFIX_PATH=${CMAKE_PREFIX_PATH}:/opt/ros/galactic /usr/bin/cmake --build /home/fzq614/My_ROS_Robot/ROS-WorkSpace/ROS2-Robot-WS/build/serial_test -- -j4 -l4
