[0.000000] (-) TimerEvent: {}
[0.000772] (-) JobUnselected: {'identifier': 'astra_camera'}
[0.000826] (-) JobUnselected: {'identifier': 'robot'}
[0.000857] (-) JobUnselected: {'identifier': 'robot_sim'}
[0.000874] (-) JobUnselected: {'identifier': 'robot_sim_2'}
[0.000885] (-) JobUnselected: {'identifier': 'rplidar_ros2'}
[0.000899] (-) JobUnselected: {'identifier': 'teleop_twist_keyboard'}
[0.000919] (serial_test) JobQueued: {'identifier': 'serial_test', 'dependencies': OrderedDict()}
[0.000933] (serial_test) JobStarted: {'identifier': 'serial_test'}
[0.010782] (serial_test) JobProgress: {'identifier': 'serial_test', 'progress': 'cmake'}
[0.011651] (serial_test) JobProgress: {'identifier': 'serial_test', 'progress': 'build'}
[0.011719] (serial_test) Command: {'cmd': ['/usr/bin/cmake', '--build', '/home/fzq614/My_ROS_Robot/ROS-WorkSpace/ROS2-Robot-WS/build/serial_test', '--', '-j4', '-l4'], 'cwd': '/home/fzq614/My_ROS_Robot/ROS-WorkSpace/ROS2-Robot-WS/build/serial_test', 'env': OrderedDict([('GJS_DEBUG_TOPICS', 'JS ERROR;JS LOG'), ('LESSOPEN', '| /usr/bin/lesspipe %s'), ('USER', 'fzq614'), ('SSH_AGENT_PID', '1672'), ('XDG_SESSION_TYPE', 'x11'), ('SHLVL', '1'), ('LD_LIBRARY_PATH', '/home/fzq614/My_ROS_Robot/ROS-WorkSpace/ROS2-Robot-WS/install/lib:/opt/ros/galactic/opt/yaml_cpp_vendor/lib:/opt/ros/galactic/opt/rviz_ogre_vendor/lib:/opt/ros/galactic/lib/x86_64-linux-gnu:/opt/ros/galactic/lib'), ('HOME', '/home/fzq614'), ('OLDPWD', '/home/fzq614'), ('DESKTOP_SESSION', 'ubuntu'), ('ROS_PYTHON_VERSION', '3'), ('GNOME_SHELL_SESSION_MODE', 'ubuntu'), ('GTK_MODULES', 'gail:atk-bridge'), ('MANAGERPID', '1500'), ('DBUS_SESSION_BUS_ADDRESS', 'unix:path=/run/user/1000/bus'), ('COLORTERM', 'truecolor'), ('IM_CONFIG_PHASE', '1'), ('COLCON_PREFIX_PATH', '/home/fzq614/My_ROS_Robot/ROS-WorkSpace/ROS2-Robot-WS/install'), ('ROS_DISTRO', 'galactic'), ('LOGNAME', 'fzq614'), ('JOURNAL_STREAM', '8:58135'), ('_', '/usr/bin/colcon'), ('ROS_VERSION', '2'), ('XDG_SESSION_CLASS', 'user'), ('USERNAME', 'fzq614'), ('TERM', 'xterm-256color'), ('GNOME_DESKTOP_SESSION_ID', 'this-is-deprecated'), ('ROS_LOCALHOST_ONLY', '0'), ('WINDOWPATH', '2'), ('PATH', '/opt/ros/galactic/bin:/usr/local/sbin:/usr/local/bin:/usr/sbin:/usr/bin:/sbin:/bin:/usr/games:/usr/local/games:/snap/bin'), ('SESSION_MANAGER', 'local/ubuntu:@/tmp/.ICE-unix/1707,unix/ubuntu:/tmp/.ICE-unix/1707'), ('INVOCATION_ID', '082eb5c616bc4b0cb35bf0b2c2453f6c'), ('XDG_MENU_PREFIX', 'gnome-'), ('GNOME_TERMINAL_SCREEN', '/org/gnome/Terminal/screen/084a1afb_2a9e_46b7_bbf1_1988db2c29e6'), ('XDG_RUNTIME_DIR', '/run/user/1000'), ('DISPLAY', ':0'), ('LANG', 'en_US.UTF-8'), ('XDG_CURRENT_DESKTOP', 'ubuntu:GNOME'), ('XMODIFIERS', '@im=ibus'), ('XDG_SESSION_DESKTOP', 'ubuntu'), ('XAUTHORITY', '/run/user/1000/gdm/Xauthority'), ('LS_COLORS', 'rs=0:di=01;34:ln=01;36:mh=00:pi=40;33:so=01;35:do=01;35:bd=40;33;01:cd=40;33;01:or=40;31;01:mi=00:su=37;41:sg=30;43:ca=30;41:tw=30;42:ow=34;42:st=37;44:ex=01;32:*.tar=01;31:*.tgz=01;31:*.arc=01;31:*.arj=01;31:*.taz=01;31:*.lha=01;31:*.lz4=01;31:*.lzh=01;31:*.lzma=01;31:*.tlz=01;31:*.txz=01;31:*.tzo=01;31:*.t7z=01;31:*.zip=01;31:*.z=01;31:*.dz=01;31:*.gz=01;31:*.lrz=01;31:*.lz=01;31:*.lzo=01;31:*.xz=01;31:*.zst=01;31:*.tzst=01;31:*.bz2=01;31:*.bz=01;31:*.tbz=01;31:*.tbz2=01;31:*.tz=01;31:*.deb=01;31:*.rpm=01;31:*.jar=01;31:*.war=01;31:*.ear=01;31:*.sar=01;31:*.rar=01;31:*.alz=01;31:*.ace=01;31:*.zoo=01;31:*.cpio=01;31:*.7z=01;31:*.rz=01;31:*.cab=01;31:*.wim=01;31:*.swm=01;31:*.dwm=01;31:*.esd=01;31:*.jpg=01;35:*.jpeg=01;35:*.mjpg=01;35:*.mjpeg=01;35:*.gif=01;35:*.bmp=01;35:*.pbm=01;35:*.pgm=01;35:*.ppm=01;35:*.tga=01;35:*.xbm=01;35:*.xpm=01;35:*.tif=01;35:*.tiff=01;35:*.png=01;35:*.svg=01;35:*.svgz=01;35:*.mng=01;35:*.pcx=01;35:*.mov=01;35:*.mpg=01;35:*.mpeg=01;35:*.m2v=01;35:*.mkv=01;35:*.webm=01;35:*.ogm=01;35:*.mp4=01;35:*.m4v=01;35:*.mp4v=01;35:*.vob=01;35:*.qt=01;35:*.nuv=01;35:*.wmv=01;35:*.asf=01;35:*.rm=01;35:*.rmvb=01;35:*.flc=01;35:*.avi=01;35:*.fli=01;35:*.flv=01;35:*.gl=01;35:*.dl=01;35:*.xcf=01;35:*.xwd=01;35:*.yuv=01;35:*.cgm=01;35:*.emf=01;35:*.ogv=01;35:*.ogx=01;35:*.aac=00;36:*.au=00;36:*.flac=00;36:*.m4a=00;36:*.mid=00;36:*.midi=00;36:*.mka=00;36:*.mp3=00;36:*.mpc=00;36:*.ogg=00;36:*.ra=00;36:*.wav=00;36:*.oga=00;36:*.opus=00;36:*.spx=00;36:*.xspf=00;36:'), ('GNOME_TERMINAL_SERVICE', ':1.106'), ('SSH_AUTH_SOCK', '/run/user/1000/keyring/ssh'), ('AMENT_PREFIX_PATH', '/home/fzq614/My_ROS_Robot/ROS-WorkSpace/ROS2-Robot-WS/install:/opt/ros/galactic'), ('SHELL', '/bin/bash'), ('QT_ACCESSIBILITY', '1'), ('GDMSESSION', 'ubuntu'), ('LESSCLOSE', '/usr/bin/lesspipe %s %s'), ('GPG_AGENT_INFO', '/run/user/1000/gnupg/S.gpg-agent:0:1'), ('GJS_DEBUG_OUTPUT', 'stderr'), ('QT_IM_MODULE', 'ibus'), ('PWD', '/home/fzq614/My_ROS_Robot/ROS-WorkSpace/ROS2-Robot-WS/build/serial_test'), ('XDG_CONFIG_DIRS', '/etc/xdg/xdg-ubuntu:/etc/xdg'), ('XDG_DATA_DIRS', '/usr/share/ubuntu:/usr/local/share/:/usr/share/:/var/lib/snapd/desktop'), ('PYTHONPATH', '/home/fzq614/My_ROS_Robot/ROS-WorkSpace/ROS2-Robot-WS/build/teleop_twist_keyboard:/home/fzq614/My_ROS_Robot/ROS-WorkSpace/ROS2-Robot-WS/install/lib/python3.8/site-packages:/opt/ros/galactic/lib/python3.8/site-packages'), ('COLCON', '1'), ('VTE_VERSION', '6003'), ('CMAKE_PREFIX_PATH', '/home/fzq614/My_ROS_Robot/ROS-WorkSpace/ROS2-Robot-WS/install:/opt/ros/galactic')]), 'shell': False}
[0.053108] (serial_test) StdoutLine: {'line': b'\x1b[35m\x1b[1mScanning dependencies of target serial_test\x1b[0m\n'}
[0.077645] (serial_test) StdoutLine: {'line': b'[ 66%] \x1b[32mBuilding CXX object CMakeFiles/serial_test.dir/src/serial_test.cpp.o\x1b[0m\n'}
[0.077825] (serial_test) StdoutLine: {'line': b'[ 66%] \x1b[32mBuilding CXX object CMakeFiles/serial_test.dir/src/serial_linux.cpp.o\x1b[0m\n'}
[0.099965] (-) TimerEvent: {}
[0.200599] (-) TimerEvent: {}
[0.301279] (-) TimerEvent: {}
[0.401937] (-) TimerEvent: {}
[0.502616] (-) TimerEvent: {}
[0.603320] (-) TimerEvent: {}
[0.704437] (-) TimerEvent: {}
[0.805112] (-) TimerEvent: {}
[0.905779] (-) TimerEvent: {}
[1.006443] (-) TimerEvent: {}
[1.107088] (-) TimerEvent: {}
[1.207771] (-) TimerEvent: {}
[1.308408] (-) TimerEvent: {}
[1.409077] (-) TimerEvent: {}
[1.509740] (-) TimerEvent: {}
[1.610414] (-) TimerEvent: {}
[1.627040] (serial_test) StderrLine: {'line': b'\x1b[01m\x1b[K/home/fzq614/My_ROS_Robot/ROS-WorkSpace/ROS2-Robot-WS/src/serial_test/src/serial_linux.cpp:\x1b[m\x1b[K In member function \xe2\x80\x98\x1b[01m\x1b[Kvoid Serial::SerialInit(std::__cxx11::string&)\x1b[m\x1b[K\xe2\x80\x99:\n'}
[1.627248] (serial_test) StderrLine: {'line': b'\x1b[01m\x1b[K/home/fzq614/My_ROS_Robot/ROS-WorkSpace/ROS2-Robot-WS/src/serial_test/src/serial_linux.cpp:22:18:\x1b[m\x1b[K \x1b[01;31m\x1b[Kerror: \x1b[m\x1b[K\xe2\x80\x98\x1b[01m\x1b[Kclass std::shared_ptr<boost::asio::basic_serial_port<> >\x1b[m\x1b[K\xe2\x80\x99 has no member named \xe2\x80\x98\x1b[01m\x1b[Kset_option\x1b[m\x1b[K\xe2\x80\x99\n'}
[1.627312] (serial_test) StderrLine: {'line': b'     serial_port_.\x1b[01;31m\x1b[Kset_option\x1b[m\x1b[K(boost::asio::serial_port::baud_rate(115200));\n'}
[1.627488] (serial_test) StderrLine: {'line': b'                  \x1b[01;31m\x1b[K^~~~~~~~~~\x1b[m\x1b[K\n'}
[1.627775] (serial_test) StderrLine: {'line': b'\x1b[01m\x1b[K/home/fzq614/My_ROS_Robot/ROS-WorkSpace/ROS2-Robot-WS/src/serial_test/src/serial_linux.cpp:23:18:\x1b[m\x1b[K \x1b[01;31m\x1b[Kerror: \x1b[m\x1b[K\xe2\x80\x98\x1b[01m\x1b[Kclass std::shared_ptr<boost::asio::basic_serial_port<> >\x1b[m\x1b[K\xe2\x80\x99 has no member named \xe2\x80\x98\x1b[01m\x1b[Kset_option\x1b[m\x1b[K\xe2\x80\x99\n'}
[1.627874] (serial_test) StderrLine: {'line': b'     serial_port_.\x1b[01;31m\x1b[Kset_option\x1b[m\x1b[K(boost::asio::serial_port::flow_control(boost::asio::serial_port::flow_control::none));\n'}
[1.627919] (serial_test) StderrLine: {'line': b'                  \x1b[01;31m\x1b[K^~~~~~~~~~\x1b[m\x1b[K\n'}
[1.627959] (serial_test) StderrLine: {'line': b'\x1b[01m\x1b[K/home/fzq614/My_ROS_Robot/ROS-WorkSpace/ROS2-Robot-WS/src/serial_test/src/serial_linux.cpp:24:18:\x1b[m\x1b[K \x1b[01;31m\x1b[Kerror: \x1b[m\x1b[K\xe2\x80\x98\x1b[01m\x1b[Kclass std::shared_ptr<boost::asio::basic_serial_port<> >\x1b[m\x1b[K\xe2\x80\x99 has no member named \xe2\x80\x98\x1b[01m\x1b[Kset_option\x1b[m\x1b[K\xe2\x80\x99\n'}
[1.628009] (serial_test) StderrLine: {'line': b'     serial_port_.\x1b[01;31m\x1b[Kset_option\x1b[m\x1b[K(boost::asio::serial_port::parity(boost::asio::serial_port::parity::none));\n'}
[1.628048] (serial_test) StderrLine: {'line': b'                  \x1b[01;31m\x1b[K^~~~~~~~~~\x1b[m\x1b[K\n'}
[1.628087] (serial_test) StderrLine: {'line': b'\x1b[01m\x1b[K/home/fzq614/My_ROS_Robot/ROS-WorkSpace/ROS2-Robot-WS/src/serial_test/src/serial_linux.cpp:25:18:\x1b[m\x1b[K \x1b[01;31m\x1b[Kerror: \x1b[m\x1b[K\xe2\x80\x98\x1b[01m\x1b[Kclass std::shared_ptr<boost::asio::basic_serial_port<> >\x1b[m\x1b[K\xe2\x80\x99 has no member named \xe2\x80\x98\x1b[01m\x1b[Kset_option\x1b[m\x1b[K\xe2\x80\x99\n'}
[1.628126] (serial_test) StderrLine: {'line': b'     serial_port_.\x1b[01;31m\x1b[Kset_option\x1b[m\x1b[K(boost::asio::serial_port::stop_bits(boost::asio::serial_port::stop_bits::one));\n'}
[1.628165] (serial_test) StderrLine: {'line': b'                  \x1b[01;31m\x1b[K^~~~~~~~~~\x1b[m\x1b[K\n'}
[1.628202] (serial_test) StderrLine: {'line': b'\x1b[01m\x1b[K/home/fzq614/My_ROS_Robot/ROS-WorkSpace/ROS2-Robot-WS/src/serial_test/src/serial_linux.cpp:26:18:\x1b[m\x1b[K \x1b[01;31m\x1b[Kerror: \x1b[m\x1b[K\xe2\x80\x98\x1b[01m\x1b[Kclass std::shared_ptr<boost::asio::basic_serial_port<> >\x1b[m\x1b[K\xe2\x80\x99 has no member named \xe2\x80\x98\x1b[01m\x1b[Kset_option\x1b[m\x1b[K\xe2\x80\x99\n'}
[1.628242] (serial_test) StderrLine: {'line': b'     serial_port_.\x1b[01;31m\x1b[Kset_option\x1b[m\x1b[K(boost::asio::serial_port::character_size(8));\n'}
[1.628280] (serial_test) StderrLine: {'line': b'                  \x1b[01;31m\x1b[K^~~~~~~~~~\x1b[m\x1b[K\n'}
[1.710609] (-) TimerEvent: {}
[1.811295] (-) TimerEvent: {}
[1.854554] (serial_test) StderrLine: {'line': b'In file included from \x1b[01m\x1b[K/usr/include/boost/asio/write.hpp:1217\x1b[m\x1b[K,\n'}
[1.854758] (serial_test) StderrLine: {'line': b'                 from \x1b[01m\x1b[K/usr/include/boost/asio/buffered_write_stream.hpp:28\x1b[m\x1b[K,\n'}
[1.854807] (serial_test) StderrLine: {'line': b'                 from \x1b[01m\x1b[K/usr/include/boost/asio/buffered_stream.hpp:22\x1b[m\x1b[K,\n'}
[1.854847] (serial_test) StderrLine: {'line': b'                 from \x1b[01m\x1b[K/usr/include/boost/asio.hpp:43\x1b[m\x1b[K,\n'}
[1.854887] (serial_test) StderrLine: {'line': b'                 from \x1b[01m\x1b[K/home/fzq614/My_ROS_Robot/ROS-WorkSpace/ROS2-Robot-WS/src/serial_test/src/serial_linux.hpp:5\x1b[m\x1b[K,\n'}
[1.854933] (serial_test) StderrLine: {'line': b'                 from \x1b[01m\x1b[K/home/fzq614/My_ROS_Robot/ROS-WorkSpace/ROS2-Robot-WS/src/serial_test/src/serial_linux.cpp:1\x1b[m\x1b[K:\n'}
[1.854972] (serial_test) StderrLine: {'line': b'/usr/include/boost/asio/impl/write.hpp: In instantiation of \xe2\x80\x98\x1b[01m\x1b[Kstd::size_t boost::asio::detail::write_buffer_sequence(SyncWriteStream&, const ConstBufferSequence&, const ConstBufferIterator&, CompletionCondition, boost::system::error_code&) [with SyncWriteStream = std::shared_ptr<boost::asio::basic_serial_port<> >; ConstBufferSequence = boost::asio::const_buffers_1; ConstBufferIterator = const boost::asio::const_buffer*; CompletionCondition = boost::asio::detail::transfer_all_t; std::size_t = long unsigned int]\x1b[m\x1b[K\xe2\x80\x99:\n'}
[1.855027] (serial_test) StderrLine: {'line': b'\x1b[01m\x1b[K/usr/include/boost/asio/impl/write.hpp:70:39:\x1b[m\x1b[K   required from \xe2\x80\x98\x1b[01m\x1b[Kstd::size_t boost::asio::write(SyncWriteStream&, const ConstBufferSequence&, CompletionCondition, boost::system::error_code&, typename std::enable_if<boost::asio::is_const_buffer_sequence<ConstBufferSequence>::value>::type*) [with SyncWriteStream = std::shared_ptr<boost::asio::basic_serial_port<> >; ConstBufferSequence = boost::asio::const_buffers_1; CompletionCondition = boost::asio::detail::transfer_all_t; std::size_t = long unsigned int; typename std::enable_if<boost::asio::is_const_buffer_sequence<ConstBufferSequence>::value>::type = void]\x1b[m\x1b[K\xe2\x80\x99\n'}
[1.855076] (serial_test) StderrLine: {'line': b'\x1b[01m\x1b[K/usr/include/boost/asio/impl/write.hpp:82:40:\x1b[m\x1b[K   required from \xe2\x80\x98\x1b[01m\x1b[Kstd::size_t boost::asio::write(SyncWriteStream&, const ConstBufferSequence&, typename std::enable_if<boost::asio::is_const_buffer_sequence<ConstBufferSequence>::value>::type*) [with SyncWriteStream = std::shared_ptr<boost::asio::basic_serial_port<> >; ConstBufferSequence = boost::asio::const_buffers_1; std::size_t = long unsigned int; typename std::enable_if<boost::asio::is_const_buffer_sequence<ConstBufferSequence>::value>::type = void]\x1b[m\x1b[K\xe2\x80\x99\n'}
[1.855119] (serial_test) StderrLine: {'line': b'\x1b[01m\x1b[K/home/fzq614/My_ROS_Robot/ROS-WorkSpace/ROS2-Robot-WS/src/serial_test/src/serial_linux.cpp:27:76:\x1b[m\x1b[K   required from here\n'}
[1.855160] (serial_test) StderrLine: {'line': b'\x1b[01m\x1b[K/usr/include/boost/asio/impl/write.hpp:54:23:\x1b[m\x1b[K \x1b[01;31m\x1b[Kerror: \x1b[m\x1b[K\xe2\x80\x98\x1b[01m\x1b[Kclass std::shared_ptr<boost::asio::basic_serial_port<> >\x1b[m\x1b[K\xe2\x80\x99 has no member named \xe2\x80\x98\x1b[01m\x1b[Kwrite_some\x1b[m\x1b[K\xe2\x80\x99\n'}
[1.855221] (serial_test) StderrLine: {'line': b'         tmp.consume(\x1b[01;31m\x1b[Ks.write_some\x1b[m\x1b[K(tmp.prepare(max_size), ec));\n'}
[1.855261] (serial_test) StderrLine: {'line': b'                     \x1b[01;31m\x1b[K~~^~~~~~~~~~\x1b[m\x1b[K\n'}
[1.911891] (-) TimerEvent: {}
[2.012614] (-) TimerEvent: {}
[2.069712] (serial_test) StderrLine: {'line': b'make[2]: *** [CMakeFiles/serial_test.dir/build.make:76: CMakeFiles/serial_test.dir/src/serial_linux.cpp.o] Error 1\n'}
[2.069894] (serial_test) StderrLine: {'line': b'make[2]: *** Waiting for unfinished jobs....\n'}
[2.113224] (-) TimerEvent: {}
[2.213896] (-) TimerEvent: {}
[2.314552] (-) TimerEvent: {}
[2.415213] (-) TimerEvent: {}
[2.515892] (-) TimerEvent: {}
[2.616556] (-) TimerEvent: {}
[2.717242] (-) TimerEvent: {}
[2.797009] (serial_test) StderrLine: {'line': b'make[1]: *** [CMakeFiles/Makefile2:78: CMakeFiles/serial_test.dir/all] Error 2\n'}
[2.797337] (serial_test) StderrLine: {'line': b'make: *** [Makefile:141: all] Error 2\n'}
[2.799147] (serial_test) CommandEnded: {'returncode': 2}
[2.817409] (-) TimerEvent: {}
[2.841577] (serial_test) JobEnded: {'identifier': 'serial_test', 'rc': 2}
[2.852430] (-) EventReactorShutdown: {}
