[0.014s] Invoking command in '/home/fzq614/My_ROS_Robot/ROS-WorkSpace/ROS2-Robot-WS/build/serial_test': CMAKE_PREFIX_PATH=${CMAKE_PREFIX_PATH}:/opt/ros/galactic /usr/bin/cmake --build /home/fzq614/My_ROS_Robot/ROS-WorkSpace/ROS2-Robot-WS/build/serial_test -- -j4 -l4
[0.053s] [35m[1mScanning dependencies of target serial_test[0m
[0.078s] [ 33%] [32mBuilding CXX object CMakeFiles/serial_test.dir/src/serial_linux.cpp.o[0m
[1.604s] [01m[K/home/fzq614/My_ROS_Robot/ROS-WorkSpace/ROS2-Robot-WS/src/serial_test/src/serial_linux.cpp:[m[K In member function â€˜[01m[Kbool Serial::SerialRead(double*, unsigned char*)[m[Kâ€™:
[1.605s] [01m[K/home/fzq614/My_ROS_Robot/ROS-WorkSpace/ROS2-Robot-WS/src/serial_test/src/serial_linux.cpp:207:31:[m[K [01;31m[Kerror: [m[Kinvalid conversion from â€˜[01m[Kunsigned char[m[Kâ€™ to â€˜[01m[Kunsigned char*[m[Kâ€™ [[01;31m[K-fpermissive[m[K]
[1.605s]      ReceiveCode = [01;31m[KReceiveBuf[3][m[K;
[1.605s]                    [01;31m[K~~~~~~~~~~~~^[m[K
[2.021s] make[2]: *** [CMakeFiles/serial_test.dir/build.make:76: CMakeFiles/serial_test.dir/src/serial_linux.cpp.o] Error 1
[2.021s] make[1]: *** [CMakeFiles/Makefile2:78: CMakeFiles/serial_test.dir/all] Error 2
[2.021s] make: *** [Makefile:141: all] Error 2
[2.023s] Invoked command in '/home/fzq614/My_ROS_Robot/ROS-WorkSpace/ROS2-Robot-WS/build/serial_test' returned '2': CMAKE_PREFIX_PATH=${CMAKE_PREFIX_PATH}:/opt/ros/galactic /usr/bin/cmake --build /home/fzq614/My_ROS_Robot/ROS-WorkSpace/ROS2-Robot-WS/build/serial_test -- -j4 -l4
