[0.012s] Invoking command in '/home/fzq614/My_ROS_Robot/ROS-WorkSpace/ROS2-Robot-WS/build/serial_test': CMAKE_PREFIX_PATH=${CMAKE_PREFIX_PATH}:/opt/ros/galactic /usr/bin/cmake --build /home/fzq614/My_ROS_Robot/ROS-WorkSpace/ROS2-Robot-WS/build/serial_test -- -j4 -l4
[0.055s] [35m[1mScanning dependencies of target serial_test[0m
[0.079s] [ 66%] [32mBuilding CXX object CMakeFiles/serial_test.dir/src/serial_test.cpp.o[0m
[0.079s] [ 66%] [32mBuilding CXX object CMakeFiles/serial_test.dir/src/serial_linux.cpp.o[0m
[1.633s] [01m[K/home/fzq614/My_ROS_Robot/ROS-WorkSpace/ROS2-Robot-WS/src/serial_test/src/serial_test.cpp:[m[K In member function â€˜[01m[Kvoid SerialNode::timer_callback()[m[Kâ€™:
[1.633s] [01m[K/home/fzq614/My_ROS_Robot/ROS-WorkSpace/ROS2-Robot-WS/src/serial_test/src/serial_test.cpp:44:56:[m[K [01;31m[Kerror: [m[Kno matching function for call to â€˜[01m[KSerial::SerialWrite(short int [4], int, unsigned char&)[m[Kâ€™
[1.633s]          my_serial.SerialWrite(SendTest, 4, SendCodeTest[01;31m[K)[m[K;
[1.633s]                                                         [01;31m[K^[m[K
[1.633s] In file included from [01m[K/home/fzq614/My_ROS_Robot/ROS-WorkSpace/ROS2-Robot-WS/src/serial_test/src/serial_test.cpp:2[m[K:
[1.633s] [01m[K/home/fzq614/My_ROS_Robot/ROS-WorkSpace/ROS2-Robot-WS/src/serial_test/src/serial_linux.hpp:23:10:[m[K [01;36m[Knote: [m[Kcandidate: â€˜[01m[Kvoid Serial::SerialWrite(double*, unsigned char, unsigned char)[m[Kâ€™
[1.633s]      void [01;36m[KSerialWrite[m[K(double * WriteData, unsigned char MessageLenth, unsigned char MessageCode);
[1.633s]           [01;36m[K^~~~~~~~~~~[m[K
[1.633s] [01m[K/home/fzq614/My_ROS_Robot/ROS-WorkSpace/ROS2-Robot-WS/src/serial_test/src/serial_linux.hpp:23:10:[m[K [01;36m[Knote: [m[K  no known conversion for argument 1 from â€˜[01m[Kshort int [4][m[Kâ€™ to â€˜[01m[Kdouble*[m[Kâ€™
[1.634s] [01m[K/home/fzq614/My_ROS_Robot/ROS-WorkSpace/ROS2-Robot-WS/src/serial_test/src/serial_test.cpp:49:59:[m[K [01;31m[Kerror: [m[Kno matching function for call to â€˜[01m[KSerial::SerialRead(short int [4], unsigned char*)[m[Kâ€™
[1.634s]          my_serial.SerialRead(ReceiveTest, &ReceiveCodeTest[01;31m[K)[m[K;
[1.634s]                                                            [01;31m[K^[m[K
[1.634s] In file included from [01m[K/home/fzq614/My_ROS_Robot/ROS-WorkSpace/ROS2-Robot-WS/src/serial_test/src/serial_test.cpp:2[m[K:
[1.634s] [01m[K/home/fzq614/My_ROS_Robot/ROS-WorkSpace/ROS2-Robot-WS/src/serial_test/src/serial_linux.hpp:24:10:[m[K [01;36m[Knote: [m[Kcandidate: â€˜[01m[Kbool Serial::SerialRead(double*, unsigned char*)[m[Kâ€™
[1.634s]      bool [01;36m[KSerialRead[m[K(double * ReceiveData, unsigned char * ReceiveCode);
[1.634s]           [01;36m[K^~~~~~~~~~[m[K
[1.634s] [01m[K/home/fzq614/My_ROS_Robot/ROS-WorkSpace/ROS2-Robot-WS/src/serial_test/src/serial_linux.hpp:24:10:[m[K [01;36m[Knote: [m[K  no known conversion for argument 1 from â€˜[01m[Kshort int [4][m[Kâ€™ to â€˜[01m[Kdouble*[m[Kâ€™
[1.651s] [01m[K/home/fzq614/My_ROS_Robot/ROS-WorkSpace/ROS2-Robot-WS/src/serial_test/src/serial_linux.cpp:165:6:[m[K [01;31m[Kerror: [m[Kno declaration matches â€˜[01m[Kbool Serial::SerialRead(short int*, unsigned char*)[m[Kâ€™
[1.651s]  bool [01;31m[KSerial[m[K::SerialRead(short * ReceiveData, unsigned char * ReceiveCode)
[1.651s]       [01;31m[K^~~~~~[m[K
[1.651s] In file included from [01m[K/home/fzq614/My_ROS_Robot/ROS-WorkSpace/ROS2-Robot-WS/src/serial_test/src/serial_linux.cpp:1[m[K:
[1.651s] [01m[K/home/fzq614/My_ROS_Robot/ROS-WorkSpace/ROS2-Robot-WS/src/serial_test/src/serial_linux.hpp:24:10:[m[K [01;36m[Knote: [m[Kcandidate is: â€˜[01m[Kbool Serial::SerialRead(double*, unsigned char*)[m[Kâ€™
[1.651s]      bool [01;36m[KSerialRead[m[K(double * ReceiveData, unsigned char * ReceiveCode);
[1.652s]           [01;36m[K^~~~~~~~~~[m[K
[1.652s] [01m[K/home/fzq614/My_ROS_Robot/ROS-WorkSpace/ROS2-Robot-WS/src/serial_test/src/serial_linux.hpp:16:7:[m[K [01;36m[Knote: [m[Kâ€˜[01m[Kclass Serial[m[Kâ€™ defined here
[1.652s]  class [01;36m[KSerial[m[K
[1.652s]        [01;36m[K^~~~~~[m[K
[2.057s] make[2]: *** [CMakeFiles/serial_test.dir/build.make:63: CMakeFiles/serial_test.dir/src/serial_test.cpp.o] Error 1
[2.057s] make[2]: *** Waiting for unfinished jobs....
[2.093s] make[2]: *** [CMakeFiles/serial_test.dir/build.make:76: CMakeFiles/serial_test.dir/src/serial_linux.cpp.o] Error 1
[2.093s] make[1]: *** [CMakeFiles/Makefile2:78: CMakeFiles/serial_test.dir/all] Error 2
[2.093s] make: *** [Makefile:141: all] Error 2
[2.097s] Invoked command in '/home/fzq614/My_ROS_Robot/ROS-WorkSpace/ROS2-Robot-WS/build/serial_test' returned '2': CMAKE_PREFIX_PATH=${CMAKE_PREFIX_PATH}:/opt/ros/galactic /usr/bin/cmake --build /home/fzq614/My_ROS_Robot/ROS-WorkSpace/ROS2-Robot-WS/build/serial_test -- -j4 -l4
