[01m[K/home/fzq614/My_ROS_Robot/ROS-WorkSpace/ROS2-Robot-WS/src/serial_test/src/serial_linux.cpp:[m[K In member function â€˜[01m[Kvoid Serial::write_to_serial(std::__cxx11::string)[m[Kâ€™:
[01m[K/home/fzq614/My_ROS_Robot/ROS-WorkSpace/ROS2-Robot-WS/src/serial_test/src/serial_linux.cpp:37:12:[m[K [01;35m[Kwarning: [m[Kvariable â€˜[01m[Klen[m[Kâ€™ set but not used [[01;35m[K-Wunused-but-set-variable[m[K]
     size_t [01;35m[Klen[m[K;
            [01;35m[K^~~[m[K
[01m[K/home/fzq614/My_ROS_Robot/ROS-WorkSpace/ROS2-Robot-WS/src/serial_test/src/serial_linux.cpp:[m[K In member function â€˜[01m[Kvoid Serial::handle_read(char*, boost::system::error_code, std::size_t)[m[Kâ€™:
[01m[K/home/fzq614/My_ROS_Robot/ROS-WorkSpace/ROS2-Robot-WS/src/serial_test/src/serial_linux.cpp:42:64:[m[K [01;35m[Kwarning: [m[Kunused parameter â€˜[01m[Kec[m[Kâ€™ [[01;35m[K-Wunused-parameter[m[K]
 void Serial::handle_read(char buf[], [01;35m[Kboost::system::error_code ec[m[K, std::size_t bytes_transferred)
                                      [01;35m[K~~~~~~~~~~~~~~~~~~~~~~~~~~^~[m[K
[01m[K/home/fzq614/My_ROS_Robot/ROS-WorkSpace/ROS2-Robot-WS/src/serial_test/src/serial_linux.cpp:[m[K In member function â€˜[01m[Kvoid Serial::read_from_serial()[m[Kâ€™:
[01m[K/home/fzq614/My_ROS_Robot/ROS-WorkSpace/ROS2-Robot-WS/src/serial_test/src/serial_linux.cpp:52:78:[m[K [01;31m[Kerror: [m[Kâ€˜[01m[Kbind[m[Kâ€™ is not a member of â€˜[01m[Kboost[m[Kâ€™
        boost::asio::async_read(*serial_port_, boost::asio::buffer(v), boost::[01;31m[Kbind[m[K(&Serial::handle_read, this, v, std::placeholders::_1, std::placeholders::_2));
                                                                              [01;31m[K^~~~[m[K
[01m[K/home/fzq614/My_ROS_Robot/ROS-WorkSpace/ROS2-Robot-WS/src/serial_test/src/serial_linux.cpp:52:78:[m[K [01;36m[Knote: [m[Ksuggested alternatives:
In file included from [01m[K/usr/include/netinet/in.h:23[m[K,
                 from [01m[K/usr/include/netdb.h:27[m[K,
                 from [01m[K/usr/include/boost/asio/error.hpp:28[m[K,
                 from [01m[K/usr/include/boost/asio/detail/impl/posix_mutex.ipp:24[m[K,
                 from [01m[K/usr/include/boost/asio/detail/posix_mutex.hpp:73[m[K,
                 from [01m[K/usr/include/boost/asio/detail/mutex.hpp:25[m[K,
                 from [01m[K/usr/include/boost/asio/detail/service_registry.hpp:20[m[K,
                 from [01m[K/usr/include/boost/asio/impl/execution_context.hpp:20[m[K,
                 from [01m[K/usr/include/boost/asio/execution_context.hpp:409[m[K,
                 from [01m[K/usr/include/boost/asio/detail/scheduler.hpp:21[m[K,
                 from [01m[K/usr/include/boost/asio/system_context.hpp:19[m[K,
                 from [01m[K/usr/include/boost/asio/impl/system_executor.hpp:22[m[K,
                 from [01m[K/usr/include/boost/asio/system_executor.hpp:129[m[K,
                 from [01m[K/usr/include/boost/asio/associated_executor.hpp:21[m[K,
                 from [01m[K/usr/include/boost/asio.hpp:21[m[K,
                 from [01m[K/home/fzq614/My_ROS_Robot/ROS-WorkSpace/ROS2-Robot-WS/src/serial_test/src/serial_linux.hpp:5[m[K,
                 from [01m[K/home/fzq614/My_ROS_Robot/ROS-WorkSpace/ROS2-Robot-WS/src/serial_test/src/serial_linux.cpp:1[m[K:
[01m[K/usr/include/x86_64-linux-gnu/sys/socket.h:112:12:[m[K [01;36m[Knote: [m[K  â€˜[01m[Kbind[m[Kâ€™
 extern int [01;36m[Kbind[m[K (int __fd, __CONST_SOCKADDR_ARG __addr, socklen_t __len)
            [01;36m[K^~~~[m[K
In file included from [01m[K/opt/ros/galactic/include/rclcpp/context.hpp:19[m[K,
                 from [01m[K/opt/ros/galactic/include/rclcpp/executor.hpp:33[m[K,
                 from [01m[K/opt/ros/galactic/include/rclcpp/executors/multi_threaded_executor.hpp:26[m[K,
                 from [01m[K/opt/ros/galactic/include/rclcpp/executors.hpp:21[m[K,
                 from [01m[K/opt/ros/galactic/include/rclcpp/rclcpp.hpp:156[m[K,
                 from [01m[K/home/fzq614/My_ROS_Robot/ROS-WorkSpace/ROS2-Robot-WS/src/serial_test/src/serial_linux.hpp:4[m[K,
                 from [01m[K/home/fzq614/My_ROS_Robot/ROS-WorkSpace/ROS2-Robot-WS/src/serial_test/src/serial_linux.cpp:1[m[K:
[01m[K/usr/include/c++/8/functional:832:5:[m[K [01;36m[Knote: [m[K  â€˜[01m[Kstd::bind[m[Kâ€™
     [01;36m[Kbind[m[K(_Func&& __f, _BoundArgs&&... __args)
     [01;36m[K^~~~[m[K
In file included from [01m[K/usr/include/boost/asio/detail/socket_ops.hpp:336[m[K,
                 from [01m[K/usr/include/boost/asio/detail/socket_holder.hpp:20[m[K,
                 from [01m[K/usr/include/boost/asio/detail/reactive_socket_accept_op.hpp:24[m[K,
                 from [01m[K/usr/include/boost/asio/detail/reactive_socket_service.hpp:30[m[K,
                 from [01m[K/usr/include/boost/asio/basic_socket.hpp:36[m[K,
                 from [01m[K/usr/include/boost/asio/basic_datagram_socket.hpp:20[m[K,
                 from [01m[K/usr/include/boost/asio.hpp:24[m[K,
                 from [01m[K/home/fzq614/My_ROS_Robot/ROS-WorkSpace/ROS2-Robot-WS/src/serial_test/src/serial_linux.hpp:5[m[K,
                 from [01m[K/home/fzq614/My_ROS_Robot/ROS-WorkSpace/ROS2-Robot-WS/src/serial_test/src/serial_linux.cpp:1[m[K:
[01m[K/usr/include/boost/asio/detail/impl/socket_ops.ipp:277:5:[m[K [01;36m[Knote: [m[K  â€˜[01m[Kboost::asio::detail::socket_ops::bind[m[Kâ€™
 int [01;36m[Kbind[m[K(socket_type s, const socket_addr_type* addr,
     [01;36m[K^~~~[m[K
make[2]: *** [CMakeFiles/serial_test.dir/build.make:76: CMakeFiles/serial_test.dir/src/serial_linux.cpp.o] Error 1
make[2]: *** Waiting for unfinished jobs....
make[1]: *** [CMakeFiles/Makefile2:78: CMakeFiles/serial_test.dir/all] Error 2
make: *** [Makefile:141: all] Error 2
