[01m[K/home/fzq614/My_ROS_Robot/ROS-WorkSpace/ROS2-Robot-WS/src/serial_test/src/serial_test.cpp:[m[K In member function â€˜[01m[Kvoid SerialNode::timer_callback()[m[Kâ€™:
[01m[K/home/fzq614/My_ROS_Robot/ROS-WorkSpace/ROS2-Robot-WS/src/serial_test/src/serial_test.cpp:37:37:[m[K [01;31m[Kerror: [m[Kinvalid use of non-static data member â€˜[01m[KSerial::serial_port_[m[Kâ€™
         boost::asio::write(*Serial::[01;31m[Kserial_port_[m[K.get(), boost::asio::buffer("Hello world", 12));
                                     [01;31m[K^~~~~~~~~~~~[m[K
In file included from [01m[K/home/fzq614/My_ROS_Robot/ROS-WorkSpace/ROS2-Robot-WS/src/serial_test/src/serial_test.cpp:2[m[K:
[01m[K/home/fzq614/My_ROS_Robot/ROS-WorkSpace/ROS2-Robot-WS/src/serial_test/src/serial_linux.hpp:22:47:[m[K [01;36m[Knote: [m[Kdeclared here
     std::shared_ptr<boost::asio::serial_port> [01;36m[Kserial_port_[m[K;
                                               [01;36m[K^~~~~~~~~~~~[m[K
make[2]: *** [CMakeFiles/serial_test.dir/build.make:63: CMakeFiles/serial_test.dir/src/serial_test.cpp.o] Error 1
make[2]: *** Waiting for unfinished jobs....
make[1]: *** [CMakeFiles/Makefile2:78: CMakeFiles/serial_test.dir/all] Error 2
make: *** [Makefile:141: all] Error 2
