[0.000000] (-) TimerEvent: {}
[0.000159] (-) JobUnselected: {'identifier': 'astra_camera'}
[0.000194] (-) JobUnselected: {'identifier': 'robot'}
[0.000223] (-) JobUnselected: {'identifier': 'robot_sim'}
[0.000362] (-) JobUnselected: {'identifier': 'robot_sim_2'}
[0.000378] (-) JobUnselected: {'identifier': 'rplidar_ros2'}
[0.000389] (-) JobUnselected: {'identifier': 'teleop_twist_keyboard'}
[0.000401] (serial_test) JobQueued: {'identifier': 'serial_test', 'dependencies': OrderedDict()}
[0.000415] (serial_test) JobStarted: {'identifier': 'serial_test'}
[0.010577] (serial_test) JobProgress: {'identifier': 'serial_test', 'progress': 'cmake'}
[0.011676] (serial_test) JobProgress: {'identifier': 'serial_test', 'progress': 'build'}
[0.011721] (serial_test) Command: {'cmd': ['/usr/bin/cmake', '--build', '/home/fzq614/My_ROS_Robot/ROS-WorkSpace/ROS2-Robot-WS/build/serial_test', '--', '-j4', '-l4'], 'cwd': '/home/fzq614/My_ROS_Robot/ROS-WorkSpace/ROS2-Robot-WS/build/serial_test', 'env': OrderedDict([('GJS_DEBUG_TOPICS', 'JS ERROR;JS LOG'), ('LESSOPEN', '| /usr/bin/lesspipe %s'), ('USER', 'fzq614'), ('SSH_AGENT_PID', '1672'), ('XDG_SESSION_TYPE', 'x11'), ('SHLVL', '1'), ('LD_LIBRARY_PATH', '/home/fzq614/My_ROS_Robot/ROS-WorkSpace/ROS2-Robot-WS/install/lib:/opt/ros/galactic/opt/yaml_cpp_vendor/lib:/opt/ros/galactic/opt/rviz_ogre_vendor/lib:/opt/ros/galactic/lib/x86_64-linux-gnu:/opt/ros/galactic/lib'), ('HOME', '/home/fzq614'), ('OLDPWD', '/home/fzq614'), ('DESKTOP_SESSION', 'ubuntu'), ('ROS_PYTHON_VERSION', '3'), ('GNOME_SHELL_SESSION_MODE', 'ubuntu'), ('GTK_MODULES', 'gail:atk-bridge'), ('MANAGERPID', '1500'), ('DBUS_SESSION_BUS_ADDRESS', 'unix:path=/run/user/1000/bus'), ('COLORTERM', 'truecolor'), ('IM_CONFIG_PHASE', '1'), ('COLCON_PREFIX_PATH', '/home/fzq614/My_ROS_Robot/ROS-WorkSpace/ROS2-Robot-WS/install'), ('ROS_DISTRO', 'galactic'), ('LOGNAME', 'fzq614'), ('JOURNAL_STREAM', '8:58135'), ('_', '/usr/bin/colcon'), ('ROS_VERSION', '2'), ('XDG_SESSION_CLASS', 'user'), ('USERNAME', 'fzq614'), ('TERM', 'xterm-256color'), ('GNOME_DESKTOP_SESSION_ID', 'this-is-deprecated'), ('ROS_LOCALHOST_ONLY', '0'), ('WINDOWPATH', '2'), ('PATH', '/opt/ros/galactic/bin:/usr/local/sbin:/usr/local/bin:/usr/sbin:/usr/bin:/sbin:/bin:/usr/games:/usr/local/games:/snap/bin'), ('SESSION_MANAGER', 'local/ubuntu:@/tmp/.ICE-unix/1707,unix/ubuntu:/tmp/.ICE-unix/1707'), ('INVOCATION_ID', '082eb5c616bc4b0cb35bf0b2c2453f6c'), ('XDG_MENU_PREFIX', 'gnome-'), ('GNOME_TERMINAL_SCREEN', '/org/gnome/Terminal/screen/084a1afb_2a9e_46b7_bbf1_1988db2c29e6'), ('XDG_RUNTIME_DIR', '/run/user/1000'), ('DISPLAY', ':0'), ('LANG', 'en_US.UTF-8'), ('XDG_CURRENT_DESKTOP', 'ubuntu:GNOME'), ('XMODIFIERS', '@im=ibus'), ('XDG_SESSION_DESKTOP', 'ubuntu'), ('XAUTHORITY', '/run/user/1000/gdm/Xauthority'), ('LS_COLORS', 'rs=0:di=01;34:ln=01;36:mh=00:pi=40;33:so=01;35:do=01;35:bd=40;33;01:cd=40;33;01:or=40;31;01:mi=00:su=37;41:sg=30;43:ca=30;41:tw=30;42:ow=34;42:st=37;44:ex=01;32:*.tar=01;31:*.tgz=01;31:*.arc=01;31:*.arj=01;31:*.taz=01;31:*.lha=01;31:*.lz4=01;31:*.lzh=01;31:*.lzma=01;31:*.tlz=01;31:*.txz=01;31:*.tzo=01;31:*.t7z=01;31:*.zip=01;31:*.z=01;31:*.dz=01;31:*.gz=01;31:*.lrz=01;31:*.lz=01;31:*.lzo=01;31:*.xz=01;31:*.zst=01;31:*.tzst=01;31:*.bz2=01;31:*.bz=01;31:*.tbz=01;31:*.tbz2=01;31:*.tz=01;31:*.deb=01;31:*.rpm=01;31:*.jar=01;31:*.war=01;31:*.ear=01;31:*.sar=01;31:*.rar=01;31:*.alz=01;31:*.ace=01;31:*.zoo=01;31:*.cpio=01;31:*.7z=01;31:*.rz=01;31:*.cab=01;31:*.wim=01;31:*.swm=01;31:*.dwm=01;31:*.esd=01;31:*.jpg=01;35:*.jpeg=01;35:*.mjpg=01;35:*.mjpeg=01;35:*.gif=01;35:*.bmp=01;35:*.pbm=01;35:*.pgm=01;35:*.ppm=01;35:*.tga=01;35:*.xbm=01;35:*.xpm=01;35:*.tif=01;35:*.tiff=01;35:*.png=01;35:*.svg=01;35:*.svgz=01;35:*.mng=01;35:*.pcx=01;35:*.mov=01;35:*.mpg=01;35:*.mpeg=01;35:*.m2v=01;35:*.mkv=01;35:*.webm=01;35:*.ogm=01;35:*.mp4=01;35:*.m4v=01;35:*.mp4v=01;35:*.vob=01;35:*.qt=01;35:*.nuv=01;35:*.wmv=01;35:*.asf=01;35:*.rm=01;35:*.rmvb=01;35:*.flc=01;35:*.avi=01;35:*.fli=01;35:*.flv=01;35:*.gl=01;35:*.dl=01;35:*.xcf=01;35:*.xwd=01;35:*.yuv=01;35:*.cgm=01;35:*.emf=01;35:*.ogv=01;35:*.ogx=01;35:*.aac=00;36:*.au=00;36:*.flac=00;36:*.m4a=00;36:*.mid=00;36:*.midi=00;36:*.mka=00;36:*.mp3=00;36:*.mpc=00;36:*.ogg=00;36:*.ra=00;36:*.wav=00;36:*.oga=00;36:*.opus=00;36:*.spx=00;36:*.xspf=00;36:'), ('GNOME_TERMINAL_SERVICE', ':1.106'), ('SSH_AUTH_SOCK', '/run/user/1000/keyring/ssh'), ('AMENT_PREFIX_PATH', '/home/fzq614/My_ROS_Robot/ROS-WorkSpace/ROS2-Robot-WS/install:/opt/ros/galactic'), ('SHELL', '/bin/bash'), ('QT_ACCESSIBILITY', '1'), ('GDMSESSION', 'ubuntu'), ('LESSCLOSE', '/usr/bin/lesspipe %s %s'), ('GPG_AGENT_INFO', '/run/user/1000/gnupg/S.gpg-agent:0:1'), ('GJS_DEBUG_OUTPUT', 'stderr'), ('QT_IM_MODULE', 'ibus'), ('PWD', '/home/fzq614/My_ROS_Robot/ROS-WorkSpace/ROS2-Robot-WS/build/serial_test'), ('XDG_CONFIG_DIRS', '/etc/xdg/xdg-ubuntu:/etc/xdg'), ('XDG_DATA_DIRS', '/usr/share/ubuntu:/usr/local/share/:/usr/share/:/var/lib/snapd/desktop'), ('PYTHONPATH', '/home/fzq614/My_ROS_Robot/ROS-WorkSpace/ROS2-Robot-WS/build/teleop_twist_keyboard:/home/fzq614/My_ROS_Robot/ROS-WorkSpace/ROS2-Robot-WS/install/lib/python3.8/site-packages:/opt/ros/galactic/lib/python3.8/site-packages'), ('COLCON', '1'), ('VTE_VERSION', '6003'), ('CMAKE_PREFIX_PATH', '/home/fzq614/My_ROS_Robot/ROS-WorkSpace/ROS2-Robot-WS/install:/opt/ros/galactic')]), 'shell': False}
[0.054691] (serial_test) StdoutLine: {'line': b'\x1b[35m\x1b[1mScanning dependencies of target serial_test\x1b[0m\n'}
[0.079778] (serial_test) StdoutLine: {'line': b'[ 66%] \x1b[32mBuilding CXX object CMakeFiles/serial_test.dir/src/serial_linux.cpp.o\x1b[0m\n'}
[0.079954] (serial_test) StdoutLine: {'line': b'[ 66%] \x1b[32mBuilding CXX object CMakeFiles/serial_test.dir/src/serial_test.cpp.o\x1b[0m\n'}
[0.099209] (-) TimerEvent: {}
[0.199835] (-) TimerEvent: {}
[0.300395] (-) TimerEvent: {}
[0.401043] (-) TimerEvent: {}
[0.501634] (-) TimerEvent: {}
[0.602260] (-) TimerEvent: {}
[0.702867] (-) TimerEvent: {}
[0.803505] (-) TimerEvent: {}
[0.904105] (-) TimerEvent: {}
[1.004741] (-) TimerEvent: {}
[1.105317] (-) TimerEvent: {}
[1.205931] (-) TimerEvent: {}
[1.306537] (-) TimerEvent: {}
[1.407182] (-) TimerEvent: {}
[1.507811] (-) TimerEvent: {}
[1.608424] (-) TimerEvent: {}
[1.627665] (serial_test) StderrLine: {'line': b'\x1b[01m\x1b[K/home/fzq614/My_ROS_Robot/ROS-WorkSpace/ROS2-Robot-WS/src/serial_test/src/serial_linux.cpp:\x1b[m\x1b[K In member function \xe2\x80\x98\x1b[01m\x1b[Kvoid Serial::SerialInit(std::__cxx11::string&)\x1b[m\x1b[K\xe2\x80\x99:\n'}
[1.627907] (serial_test) StderrLine: {'line': b'\x1b[01m\x1b[K/home/fzq614/My_ROS_Robot/ROS-WorkSpace/ROS2-Robot-WS/src/serial_test/src/serial_linux.cpp:20:41:\x1b[m\x1b[K \x1b[01;31m\x1b[Kerror: \x1b[m\x1b[Kno match for call to \xe2\x80\x98\x1b[01m\x1b[K(boost::asio::serial_port {aka boost::asio::basic_serial_port<>}) (boost::asio::io_service&, std::__cxx11::string&)\x1b[m\x1b[K\xe2\x80\x99\n'}
[1.627961] (serial_test) StderrLine: {'line': b'     serial_port_(io_service_, port_name_\x1b[01;31m\x1b[K)\x1b[m\x1b[K;\n'}
[1.628005] (serial_test) StderrLine: {'line': b'                                         \x1b[01;31m\x1b[K^\x1b[m\x1b[K\n'}
[1.631077] (serial_test) StderrLine: {'line': b'\x1b[01m\x1b[K/home/fzq614/My_ROS_Robot/ROS-WorkSpace/ROS2-Robot-WS/src/serial_test/src/serial_linux.cpp:\x1b[m\x1b[K In member function \xe2\x80\x98\x1b[01m\x1b[Kvoid Serial::SerialWrite(double*, unsigned char, unsigned char)\x1b[m\x1b[K\xe2\x80\x99:\n'}
[1.631175] (serial_test) StderrLine: {'line': b'\x1b[01m\x1b[K/home/fzq614/My_ROS_Robot/ROS-WorkSpace/ROS2-Robot-WS/src/serial_test/src/serial_linux.cpp:115:38:\x1b[m\x1b[K \x1b[01;31m\x1b[Kerror: \x1b[m\x1b[K\xe2\x80\x98\x1b[01m\x1b[Kboost::asio::serial_port\x1b[m\x1b[K\xe2\x80\x99 {aka \xe2\x80\x98\x1b[01m\x1b[Kclass boost::asio::basic_serial_port<>\x1b[m\x1b[K\xe2\x80\x99} has no member named \xe2\x80\x98\x1b[01m\x1b[Kget\x1b[m\x1b[K\xe2\x80\x99\n'}
[1.631222] (serial_test) StderrLine: {'line': b'     boost::asio::write(*serial_port_.\x1b[01;31m\x1b[Kget\x1b[m\x1b[K(), boost::asio::buffer(SendBuf, (unsigned int)SendLength), error_code_);\n'}
[1.631273] (serial_test) StderrLine: {'line': b'                                      \x1b[01;31m\x1b[K^~~\x1b[m\x1b[K\n'}
[1.631478] (serial_test) StderrLine: {'line': b'\x1b[01m\x1b[K/home/fzq614/My_ROS_Robot/ROS-WorkSpace/ROS2-Robot-WS/src/serial_test/src/serial_linux.cpp:\x1b[m\x1b[K In member function \xe2\x80\x98\x1b[01m\x1b[Kbool Serial::SerialRead(double*, unsigned char*)\x1b[m\x1b[K\xe2\x80\x99:\n'}
[1.631541] (serial_test) StderrLine: {'line': b'\x1b[01m\x1b[K/home/fzq614/My_ROS_Robot/ROS-WorkSpace/ROS2-Robot-WS/src/serial_test/src/serial_linux.cpp:136:47:\x1b[m\x1b[K \x1b[01;31m\x1b[Kerror: \x1b[m\x1b[K\xe2\x80\x98\x1b[01m\x1b[Kboost::asio::serial_port\x1b[m\x1b[K\xe2\x80\x99 {aka \xe2\x80\x98\x1b[01m\x1b[Kclass boost::asio::basic_serial_port<>\x1b[m\x1b[K\xe2\x80\x99} has no member named \xe2\x80\x98\x1b[01m\x1b[Kget\x1b[m\x1b[K\xe2\x80\x99\n'}
[1.631582] (serial_test) StderrLine: {'line': b'         boost::asio::read_until(*serial_port_.\x1b[01;31m\x1b[Kget\x1b[m\x1b[K(), response, "\\r\\n", error_code_);\n'}
[1.631623] (serial_test) StderrLine: {'line': b'                                               \x1b[01;31m\x1b[K^~~\x1b[m\x1b[K\n'}
[1.639566] (serial_test) StderrLine: {'line': b'\x1b[01m\x1b[K/home/fzq614/My_ROS_Robot/ROS-WorkSpace/ROS2-Robot-WS/src/serial_test/src/serial_test.cpp:5:8:\x1b[m\x1b[K \x1b[01;31m\x1b[Kerror: \x1b[m\x1b[Kuse of deleted function \xe2\x80\x98\x1b[01m\x1b[KSerial::Serial()\x1b[m\x1b[K\xe2\x80\x99\n'}
[1.639851] (serial_test) StderrLine: {'line': b' Serial \x1b[01;31m\x1b[Kserial\x1b[m\x1b[K;\n'}
[1.639902] (serial_test) StderrLine: {'line': b'        \x1b[01;31m\x1b[K^~~~~~\x1b[m\x1b[K\n'}
[1.639946] (serial_test) StderrLine: {'line': b'In file included from \x1b[01m\x1b[K/home/fzq614/My_ROS_Robot/ROS-WorkSpace/ROS2-Robot-WS/src/serial_test/src/serial_test.cpp:2\x1b[m\x1b[K:\n'}
[1.639989] (serial_test) StderrLine: {'line': b'\x1b[01m\x1b[K/home/fzq614/My_ROS_Robot/ROS-WorkSpace/ROS2-Robot-WS/src/serial_test/src/serial_linux.hpp:14:7:\x1b[m\x1b[K \x1b[01;36m\x1b[Knote: \x1b[m\x1b[K\xe2\x80\x98\x1b[01m\x1b[KSerial::Serial()\x1b[m\x1b[K\xe2\x80\x99 is implicitly deleted because the default definition would be ill-formed:\n'}
[1.640163] (serial_test) StderrLine: {'line': b' class \x1b[01;36m\x1b[KSerial\x1b[m\x1b[K\n'}
[1.640212] (serial_test) StderrLine: {'line': b'       \x1b[01;36m\x1b[K^~~~~~\x1b[m\x1b[K\n'}
[1.640254] (serial_test) StderrLine: {'line': b'\x1b[01m\x1b[K/home/fzq614/My_ROS_Robot/ROS-WorkSpace/ROS2-Robot-WS/src/serial_test/src/serial_linux.hpp:14:7:\x1b[m\x1b[K \x1b[01;31m\x1b[Kerror: \x1b[m\x1b[Kno matching function for call to \xe2\x80\x98\x1b[01m\x1b[Kboost::asio::basic_serial_port<>::basic_serial_port()\x1b[m\x1b[K\xe2\x80\x99\n'}
[1.640444] (serial_test) StderrLine: {'line': b'In file included from \x1b[01m\x1b[K/usr/include/boost/asio.hpp:29\x1b[m\x1b[K,\n'}
[1.640505] (serial_test) StderrLine: {'line': b'                 from \x1b[01m\x1b[K/home/fzq614/My_ROS_Robot/ROS-WorkSpace/ROS2-Robot-WS/src/serial_test/src/serial_linux.hpp:5\x1b[m\x1b[K,\n'}
[1.640547] (serial_test) StderrLine: {'line': b'                 from \x1b[01m\x1b[K/home/fzq614/My_ROS_Robot/ROS-WorkSpace/ROS2-Robot-WS/src/serial_test/src/serial_test.cpp:2\x1b[m\x1b[K:\n'}
[1.640588] (serial_test) StderrLine: {'line': b'\x1b[01m\x1b[K/usr/include/boost/asio/basic_serial_port.hpp:262:3:\x1b[m\x1b[K \x1b[01;36m\x1b[Knote: \x1b[m\x1b[Kcandidate: \xe2\x80\x98\x1b[01m\x1b[Kboost::asio::basic_serial_port<Executor>::basic_serial_port(boost::asio::basic_serial_port<Executor>&&) [with Executor = boost::asio::executor]\x1b[m\x1b[K\xe2\x80\x99\n'}
[1.640640] (serial_test) StderrLine: {'line': b'   \x1b[01;36m\x1b[Kbasic_serial_port\x1b[m\x1b[K(basic_serial_port&& other)\n'}
[1.640680] (serial_test) StderrLine: {'line': b'   \x1b[01;36m\x1b[K^~~~~~~~~~~~~~~~~\x1b[m\x1b[K\n'}
[1.640720] (serial_test) StderrLine: {'line': b'\x1b[01m\x1b[K/usr/include/boost/asio/basic_serial_port.hpp:262:3:\x1b[m\x1b[K \x1b[01;36m\x1b[Knote: \x1b[m\x1b[K  candidate expects 1 argument, 0 provided\n'}
[1.640767] (serial_test) StderrLine: {'line': b'\x1b[01m\x1b[K/usr/include/boost/asio/basic_serial_port.hpp:237:3:\x1b[m\x1b[K \x1b[01;36m\x1b[Knote: \x1b[m\x1b[Kcandidate: \xe2\x80\x98\x1b[01m\x1b[Ktemplate<class ExecutionContext> boost::asio::basic_serial_port<Executor>::basic_serial_port(ExecutionContext&, const native_handle_type&, typename std::enable_if<std::is_convertible<ExecutionContext&, boost::asio::execution_context&>::value>::type*)\x1b[m\x1b[K\xe2\x80\x99\n'}
[1.640837] (serial_test) StderrLine: {'line': b'   \x1b[01;36m\x1b[Kbasic_serial_port\x1b[m\x1b[K(ExecutionContext& context,\n'}
[1.641051] (serial_test) StderrLine: {'line': b'   \x1b[01;36m\x1b[K^~~~~~~~~~~~~~~~~\x1b[m\x1b[K\n'}
[1.641102] (serial_test) StderrLine: {'line': b'\x1b[01m\x1b[K/usr/include/boost/asio/basic_serial_port.hpp:237:3:\x1b[m\x1b[K \x1b[01;36m\x1b[Knote: \x1b[m\x1b[K  template argument deduction/substitution failed:\n'}
[1.641144] (serial_test) StderrLine: {'line': b'In file included from \x1b[01m\x1b[K/home/fzq614/My_ROS_Robot/ROS-WorkSpace/ROS2-Robot-WS/src/serial_test/src/serial_test.cpp:2\x1b[m\x1b[K:\n'}
[1.641184] (serial_test) StderrLine: {'line': b'\x1b[01m\x1b[K/home/fzq614/My_ROS_Robot/ROS-WorkSpace/ROS2-Robot-WS/src/serial_test/src/serial_linux.hpp:14:7:\x1b[m\x1b[K \x1b[01;36m\x1b[Knote: \x1b[m\x1b[K  candidate expects 3 arguments, 0 provided\n'}
[1.641224] (serial_test) StderrLine: {'line': b' class \x1b[01;36m\x1b[KSerial\x1b[m\x1b[K\n'}
[1.641264] (serial_test) StderrLine: {'line': b'       \x1b[01;36m\x1b[K^~~~~~\x1b[m\x1b[K\n'}
[1.641422] (serial_test) StderrLine: {'line': b'In file included from \x1b[01m\x1b[K/usr/include/boost/asio.hpp:29\x1b[m\x1b[K,\n'}
[1.641468] (serial_test) StderrLine: {'line': b'                 from \x1b[01m\x1b[K/home/fzq614/My_ROS_Robot/ROS-WorkSpace/ROS2-Robot-WS/src/serial_test/src/serial_linux.hpp:5\x1b[m\x1b[K,\n'}
[1.641510] (serial_test) StderrLine: {'line': b'                 from \x1b[01m\x1b[K/home/fzq614/My_ROS_Robot/ROS-WorkSpace/ROS2-Robot-WS/src/serial_test/src/serial_test.cpp:2\x1b[m\x1b[K:\n'}
[1.641551] (serial_test) StderrLine: {'line': b'\x1b[01m\x1b[K/usr/include/boost/asio/basic_serial_port.hpp:213:3:\x1b[m\x1b[K \x1b[01;36m\x1b[Knote: \x1b[m\x1b[Kcandidate: \xe2\x80\x98\x1b[01m\x1b[Kboost::asio::basic_serial_port<Executor>::basic_serial_port(const executor_type&, const native_handle_type&) [with Executor = boost::asio::executor; boost::asio::basic_serial_port<Executor>::executor_type = boost::asio::executor; boost::asio::basic_serial_port<Executor>::native_handle_type = int]\x1b[m\x1b[K\xe2\x80\x99\n'}
[1.641593] (serial_test) StderrLine: {'line': b'   \x1b[01;36m\x1b[Kbasic_serial_port\x1b[m\x1b[K(const executor_type& ex,\n'}
[1.641633] (serial_test) StderrLine: {'line': b'   \x1b[01;36m\x1b[K^~~~~~~~~~~~~~~~~\x1b[m\x1b[K\n'}
[1.641673] (serial_test) StderrLine: {'line': b'\x1b[01m\x1b[K/usr/include/boost/asio/basic_serial_port.hpp:213:3:\x1b[m\x1b[K \x1b[01;36m\x1b[Knote: \x1b[m\x1b[K  candidate expects 2 arguments, 0 provided\n'}
[1.641713] (serial_test) StderrLine: {'line': b'\x1b[01m\x1b[K/usr/include/boost/asio/basic_serial_port.hpp:189:3:\x1b[m\x1b[K \x1b[01;36m\x1b[Knote: \x1b[m\x1b[Kcandidate: \xe2\x80\x98\x1b[01m\x1b[Ktemplate<class ExecutionContext> boost::asio::basic_serial_port<Executor>::basic_serial_port(ExecutionContext&, const string&, typename std::enable_if<std::is_convertible<ExecutionContext&, boost::asio::execution_context&>::value>::type*)\x1b[m\x1b[K\xe2\x80\x99\n'}
[1.641754] (serial_test) StderrLine: {'line': b'   \x1b[01;36m\x1b[Kbasic_serial_port\x1b[m\x1b[K(ExecutionContext& context, const std::string& device,\n'}
[1.641813] (serial_test) StderrLine: {'line': b'   \x1b[01;36m\x1b[K^~~~~~~~~~~~~~~~~\x1b[m\x1b[K\n'}
[1.641857] (serial_test) StderrLine: {'line': b'\x1b[01m\x1b[K/usr/include/boost/asio/basic_serial_port.hpp:189:3:\x1b[m\x1b[K \x1b[01;36m\x1b[Knote: \x1b[m\x1b[K  template argument deduction/substitution failed:\n'}
[1.641897] (serial_test) StderrLine: {'line': b'In file included from \x1b[01m\x1b[K/home/fzq614/My_ROS_Robot/ROS-WorkSpace/ROS2-Robot-WS/src/serial_test/src/serial_test.cpp:2\x1b[m\x1b[K:\n'}
[1.641944] (serial_test) StderrLine: {'line': b'\x1b[01m\x1b[K/home/fzq614/My_ROS_Robot/ROS-WorkSpace/ROS2-Robot-WS/src/serial_test/src/serial_linux.hpp:14:7:\x1b[m\x1b[K \x1b[01;36m\x1b[Knote: \x1b[m\x1b[K  candidate expects 3 arguments, 0 provided\n'}
[1.641984] (serial_test) StderrLine: {'line': b' class \x1b[01;36m\x1b[KSerial\x1b[m\x1b[K\n'}
[1.642023] (serial_test) StderrLine: {'line': b'       \x1b[01;36m\x1b[K^~~~~~\x1b[m\x1b[K\n'}
[1.642061] (serial_test) StderrLine: {'line': b'In file included from \x1b[01m\x1b[K/usr/include/boost/asio.hpp:29\x1b[m\x1b[K,\n'}
[1.642101] (serial_test) StderrLine: {'line': b'                 from \x1b[01m\x1b[K/home/fzq614/My_ROS_Robot/ROS-WorkSpace/ROS2-Robot-WS/src/serial_test/src/serial_linux.hpp:5\x1b[m\x1b[K,\n'}
[1.642141] (serial_test) StderrLine: {'line': b'                 from \x1b[01m\x1b[K/home/fzq614/My_ROS_Robot/ROS-WorkSpace/ROS2-Robot-WS/src/serial_test/src/serial_test.cpp:2\x1b[m\x1b[K:\n'}
[1.642179] (serial_test) StderrLine: {'line': b'\x1b[01m\x1b[K/usr/include/boost/asio/basic_serial_port.hpp:168:3:\x1b[m\x1b[K \x1b[01;36m\x1b[Knote: \x1b[m\x1b[Kcandidate: \xe2\x80\x98\x1b[01m\x1b[Kboost::asio::basic_serial_port<Executor>::basic_serial_port(const executor_type&, const string&) [with Executor = boost::asio::executor; boost::asio::basic_serial_port<Executor>::executor_type = boost::asio::executor; std::__cxx11::string = std::__cxx11::basic_string<char>]\x1b[m\x1b[K\xe2\x80\x99\n'}
[1.642228] (serial_test) StderrLine: {'line': b'   \x1b[01;36m\x1b[Kbasic_serial_port\x1b[m\x1b[K(const executor_type& ex, const std::string& device)\n'}
[1.642269] (serial_test) StderrLine: {'line': b'   \x1b[01;36m\x1b[K^~~~~~~~~~~~~~~~~\x1b[m\x1b[K\n'}
[1.642324] (serial_test) StderrLine: {'line': b'\x1b[01m\x1b[K/usr/include/boost/asio/basic_serial_port.hpp:168:3:\x1b[m\x1b[K \x1b[01;36m\x1b[Knote: \x1b[m\x1b[K  candidate expects 2 arguments, 0 provided\n'}
[1.642366] (serial_test) StderrLine: {'line': b'\x1b[01m\x1b[K/usr/include/boost/asio/basic_serial_port.hpp:145:3:\x1b[m\x1b[K \x1b[01;36m\x1b[Knote: \x1b[m\x1b[Kcandidate: \xe2\x80\x98\x1b[01m\x1b[Ktemplate<class ExecutionContext> boost::asio::basic_serial_port<Executor>::basic_serial_port(ExecutionContext&, const char*, typename std::enable_if<std::is_convertible<ExecutionContext&, boost::asio::execution_context&>::value>::type*)\x1b[m\x1b[K\xe2\x80\x99\n'}
[1.642410] (serial_test) StderrLine: {'line': b'   \x1b[01;36m\x1b[Kbasic_serial_port\x1b[m\x1b[K(ExecutionContext& context, const char* device,\n'}
[1.642451] (serial_test) StderrLine: {'line': b'   \x1b[01;36m\x1b[K^~~~~~~~~~~~~~~~~\x1b[m\x1b[K\n'}
[1.642491] (serial_test) StderrLine: {'line': b'\x1b[01m\x1b[K/usr/include/boost/asio/basic_serial_port.hpp:145:3:\x1b[m\x1b[K \x1b[01;36m\x1b[Knote: \x1b[m\x1b[K  template argument deduction/substitution failed:\n'}
[1.642534] (serial_test) StderrLine: {'line': b'In file included from \x1b[01m\x1b[K/home/fzq614/My_ROS_Robot/ROS-WorkSpace/ROS2-Robot-WS/src/serial_test/src/serial_test.cpp:2\x1b[m\x1b[K:\n'}
[1.642573] (serial_test) StderrLine: {'line': b'\x1b[01m\x1b[K/home/fzq614/My_ROS_Robot/ROS-WorkSpace/ROS2-Robot-WS/src/serial_test/src/serial_linux.hpp:14:7:\x1b[m\x1b[K \x1b[01;36m\x1b[Knote: \x1b[m\x1b[K  candidate expects 3 arguments, 0 provided\n'}
[1.642614] (serial_test) StderrLine: {'line': b' class \x1b[01;36m\x1b[KSerial\x1b[m\x1b[K\n'}
[1.642654] (serial_test) StderrLine: {'line': b'       \x1b[01;36m\x1b[K^~~~~~\x1b[m\x1b[K\n'}
[1.642694] (serial_test) StderrLine: {'line': b'In file included from \x1b[01m\x1b[K/usr/include/boost/asio.hpp:29\x1b[m\x1b[K,\n'}
[1.642732] (serial_test) StderrLine: {'line': b'                 from \x1b[01m\x1b[K/home/fzq614/My_ROS_Robot/ROS-WorkSpace/ROS2-Robot-WS/src/serial_test/src/serial_linux.hpp:5\x1b[m\x1b[K,\n'}
[1.642771] (serial_test) StderrLine: {'line': b'                 from \x1b[01m\x1b[K/home/fzq614/My_ROS_Robot/ROS-WorkSpace/ROS2-Robot-WS/src/serial_test/src/serial_test.cpp:2\x1b[m\x1b[K:\n'}
[1.642826] (serial_test) StderrLine: {'line': b'\x1b[01m\x1b[K/usr/include/boost/asio/basic_serial_port.hpp:124:3:\x1b[m\x1b[K \x1b[01;36m\x1b[Knote: \x1b[m\x1b[Kcandidate: \xe2\x80\x98\x1b[01m\x1b[Kboost::asio::basic_serial_port<Executor>::basic_serial_port(const executor_type&, const char*) [with Executor = boost::asio::executor; boost::asio::basic_serial_port<Executor>::executor_type = boost::asio::executor]\x1b[m\x1b[K\xe2\x80\x99\n'}
[1.642874] (serial_test) StderrLine: {'line': b'   \x1b[01;36m\x1b[Kbasic_serial_port\x1b[m\x1b[K(const executor_type& ex, const char* device)\n'}
[1.642913] (serial_test) StderrLine: {'line': b'   \x1b[01;36m\x1b[K^~~~~~~~~~~~~~~~~\x1b[m\x1b[K\n'}
[1.642954] (serial_test) StderrLine: {'line': b'\x1b[01m\x1b[K/usr/include/boost/asio/basic_serial_port.hpp:124:3:\x1b[m\x1b[K \x1b[01;36m\x1b[Knote: \x1b[m\x1b[K  candidate expects 2 arguments, 0 provided\n'}
[1.642994] (serial_test) StderrLine: {'line': b'\x1b[01m\x1b[K/usr/include/boost/asio/basic_serial_port.hpp:103:12:\x1b[m\x1b[K \x1b[01;36m\x1b[Knote: \x1b[m\x1b[Kcandidate: \xe2\x80\x98\x1b[01m\x1b[Ktemplate<class ExecutionContext> boost::asio::basic_serial_port<Executor>::basic_serial_port(ExecutionContext&, typename std::enable_if<std::is_convertible<ExecutionContext&, boost::asio::execution_context&>::value, boost::asio::basic_serial_port<Executor> >::type*)\x1b[m\x1b[K\xe2\x80\x99\n'}
[1.643039] (serial_test) StderrLine: {'line': b'   explicit \x1b[01;36m\x1b[Kbasic_serial_port\x1b[m\x1b[K(ExecutionContext& context,\n'}
[1.643079] (serial_test) StderrLine: {'line': b'            \x1b[01;36m\x1b[K^~~~~~~~~~~~~~~~~\x1b[m\x1b[K\n'}
[1.643119] (serial_test) StderrLine: {'line': b'\x1b[01m\x1b[K/usr/include/boost/asio/basic_serial_port.hpp:103:12:\x1b[m\x1b[K \x1b[01;36m\x1b[Knote: \x1b[m\x1b[K  template argument deduction/substitution failed:\n'}
[1.643158] (serial_test) StderrLine: {'line': b'In file included from \x1b[01m\x1b[K/home/fzq614/My_ROS_Robot/ROS-WorkSpace/ROS2-Robot-WS/src/serial_test/src/serial_test.cpp:2\x1b[m\x1b[K:\n'}
[1.643197] (serial_test) StderrLine: {'line': b'\x1b[01m\x1b[K/home/fzq614/My_ROS_Robot/ROS-WorkSpace/ROS2-Robot-WS/src/serial_test/src/serial_linux.hpp:14:7:\x1b[m\x1b[K \x1b[01;36m\x1b[Knote: \x1b[m\x1b[K  candidate expects 2 arguments, 0 provided\n'}
[1.643236] (serial_test) StderrLine: {'line': b' class \x1b[01;36m\x1b[KSerial\x1b[m\x1b[K\n'}
[1.643274] (serial_test) StderrLine: {'line': b'       \x1b[01;36m\x1b[K^~~~~~\x1b[m\x1b[K\n'}
[1.643329] (serial_test) StderrLine: {'line': b'In file included from \x1b[01m\x1b[K/usr/include/boost/asio.hpp:29\x1b[m\x1b[K,\n'}
[1.643371] (serial_test) StderrLine: {'line': b'                 from \x1b[01m\x1b[K/home/fzq614/My_ROS_Robot/ROS-WorkSpace/ROS2-Robot-WS/src/serial_test/src/serial_linux.hpp:5\x1b[m\x1b[K,\n'}
[1.643412] (serial_test) StderrLine: {'line': b'                 from \x1b[01m\x1b[K/home/fzq614/My_ROS_Robot/ROS-WorkSpace/ROS2-Robot-WS/src/serial_test/src/serial_test.cpp:2\x1b[m\x1b[K:\n'}
[1.643453] (serial_test) StderrLine: {'line': b'\x1b[01m\x1b[K/usr/include/boost/asio/basic_serial_port.hpp:89:12:\x1b[m\x1b[K \x1b[01;36m\x1b[Knote: \x1b[m\x1b[Kcandidate: \xe2\x80\x98\x1b[01m\x1b[Kboost::asio::basic_serial_port<Executor>::basic_serial_port(const executor_type&) [with Executor = boost::asio::executor; boost::asio::basic_serial_port<Executor>::executor_type = boost::asio::executor]\x1b[m\x1b[K\xe2\x80\x99\n'}
[1.643498] (serial_test) StderrLine: {'line': b'   explicit \x1b[01;36m\x1b[Kbasic_serial_port\x1b[m\x1b[K(const executor_type& ex)\n'}
[1.643538] (serial_test) StderrLine: {'line': b'            \x1b[01;36m\x1b[K^~~~~~~~~~~~~~~~~\x1b[m\x1b[K\n'}
[1.643578] (serial_test) StderrLine: {'line': b'\x1b[01m\x1b[K/usr/include/boost/asio/basic_serial_port.hpp:89:12:\x1b[m\x1b[K \x1b[01;36m\x1b[Knote: \x1b[m\x1b[K  candidate expects 1 argument, 0 provided\n'}
[1.709040] (-) TimerEvent: {}
[1.809660] (-) TimerEvent: {}
[1.910233] (-) TimerEvent: {}
[2.010879] (-) TimerEvent: {}
[2.050889] (serial_test) StderrLine: {'line': b'make[2]: *** [CMakeFiles/serial_test.dir/build.make:76: CMakeFiles/serial_test.dir/src/serial_linux.cpp.o] Error 1\n'}
[2.051066] (serial_test) StderrLine: {'line': b'make[2]: *** Waiting for unfinished jobs....\n'}
[2.091912] (serial_test) StderrLine: {'line': b'make[2]: *** [CMakeFiles/serial_test.dir/build.make:63: CMakeFiles/serial_test.dir/src/serial_test.cpp.o] Error 1\n'}
[2.092533] (serial_test) StderrLine: {'line': b'make[1]: *** [CMakeFiles/Makefile2:78: CMakeFiles/serial_test.dir/all] Error 2\n'}
[2.092594] (serial_test) StderrLine: {'line': b'make: *** [Makefile:141: all] Error 2\n'}
[2.094625] (serial_test) CommandEnded: {'returncode': 2}
[2.111496] (-) TimerEvent: {}
[2.141333] (serial_test) JobEnded: {'identifier': 'serial_test', 'rc': 2}
[2.151918] (-) EventReactorShutdown: {}
