[0.011s] Invoking command in '/home/fzq614/My_ROS_Robot/ROS-WorkSpace/ROS2-Robot-WS/build/serial_test': CMAKE_PREFIX_PATH=${CMAKE_PREFIX_PATH}:/opt/ros/galactic /usr/bin/cmake --build /home/fzq614/My_ROS_Robot/ROS-WorkSpace/ROS2-Robot-WS/build/serial_test -- -j4 -l4
[0.053s] [35m[1mScanning dependencies of target serial_test[0m
[0.077s] [ 33%] [32mBuilding CXX object CMakeFiles/serial_test.dir/src/serial_linux.cpp.o[0m
[1.651s] [01m[K/home/fzq614/My_ROS_Robot/ROS-WorkSpace/ROS2-Robot-WS/src/serial_test/src/serial_linux.cpp:[m[K In member function â€˜[01m[Kvoid Serial::write_to_serial(std::__cxx11::string)[m[Kâ€™:
[1.651s] [01m[K/home/fzq614/My_ROS_Robot/ROS-WorkSpace/ROS2-Robot-WS/src/serial_test/src/serial_linux.cpp:17:12:[m[K [01;35m[Kwarning: [m[Kvariable â€˜[01m[Klen[m[Kâ€™ set but not used [[01;35m[K-Wunused-but-set-variable[m[K]
[1.652s]      size_t [01;35m[Klen[m[K;
[1.652s]             [01;35m[K^~~[m[K
[1.652s] [01m[K/home/fzq614/My_ROS_Robot/ROS-WorkSpace/ROS2-Robot-WS/src/serial_test/src/serial_linux.cpp:[m[K In member function â€˜[01m[Kvoid Serial::SerialInit(std::__cxx11::string&)[m[Kâ€™:
[1.652s] [01m[K/home/fzq614/My_ROS_Robot/ROS-WorkSpace/ROS2-Robot-WS/src/serial_test/src/serial_linux.cpp:31:17:[m[K [01;31m[Kerror: [m[Kbase operand of â€˜[01m[K->[m[Kâ€™ has non-pointer type â€˜[01m[Kboost::asio::serial_port[m[Kâ€™ {aka â€˜[01m[Kboost::asio::basic_serial_port<>[m[Kâ€™}
[1.652s]      serial_port_[01;31m[K->[m[Kopen(port_name_, error_code_);
[1.652s]                  [01;31m[K^~[m[K
[1.652s] [01m[K/home/fzq614/My_ROS_Robot/ROS-WorkSpace/ROS2-Robot-WS/src/serial_test/src/serial_linux.cpp:39:17:[m[K [01;31m[Kerror: [m[Kbase operand of â€˜[01m[K->[m[Kâ€™ has non-pointer type â€˜[01m[Kboost::asio::serial_port[m[Kâ€™ {aka â€˜[01m[Kboost::asio::basic_serial_port<>[m[Kâ€™}
[1.652s]      serial_port_[01;31m[K->[m[Kset_option(boost::asio::serial_port::baud_rate(115200));
[1.652s]                  [01;31m[K^~[m[K
[1.652s] [01m[K/home/fzq614/My_ROS_Robot/ROS-WorkSpace/ROS2-Robot-WS/src/serial_test/src/serial_linux.cpp:40:17:[m[K [01;31m[Kerror: [m[Kbase operand of â€˜[01m[K->[m[Kâ€™ has non-pointer type â€˜[01m[Kboost::asio::serial_port[m[Kâ€™ {aka â€˜[01m[Kboost::asio::basic_serial_port<>[m[Kâ€™}
[1.652s]      serial_port_[01;31m[K->[m[Kset_option(boost::asio::serial_port::flow_control(boost::asio::serial_port::flow_control::none));
[1.653s]                  [01;31m[K^~[m[K
[1.653s] [01m[K/home/fzq614/My_ROS_Robot/ROS-WorkSpace/ROS2-Robot-WS/src/serial_test/src/serial_linux.cpp:41:17:[m[K [01;31m[Kerror: [m[Kbase operand of â€˜[01m[K->[m[Kâ€™ has non-pointer type â€˜[01m[Kboost::asio::serial_port[m[Kâ€™ {aka â€˜[01m[Kboost::asio::basic_serial_port<>[m[Kâ€™}
[1.653s]      serial_port_[01;31m[K->[m[Kset_option(boost::asio::serial_port::parity(boost::asio::serial_port::parity::none));
[1.653s]                  [01;31m[K^~[m[K
[1.653s] [01m[K/home/fzq614/My_ROS_Robot/ROS-WorkSpace/ROS2-Robot-WS/src/serial_test/src/serial_linux.cpp:42:17:[m[K [01;31m[Kerror: [m[Kbase operand of â€˜[01m[K->[m[Kâ€™ has non-pointer type â€˜[01m[Kboost::asio::serial_port[m[Kâ€™ {aka â€˜[01m[Kboost::asio::basic_serial_port<>[m[Kâ€™}
[1.653s]      serial_port_[01;31m[K->[m[Kset_option(boost::asio::serial_port::stop_bits(boost::asio::serial_port::stop_bits::one));
[1.653s]                  [01;31m[K^~[m[K
[1.653s] [01m[K/home/fzq614/My_ROS_Robot/ROS-WorkSpace/ROS2-Robot-WS/src/serial_test/src/serial_linux.cpp:43:17:[m[K [01;31m[Kerror: [m[Kbase operand of â€˜[01m[K->[m[Kâ€™ has non-pointer type â€˜[01m[Kboost::asio::serial_port[m[Kâ€™ {aka â€˜[01m[Kboost::asio::basic_serial_port<>[m[Kâ€™}
[1.653s]      serial_port_[01;31m[K->[m[Kset_option(boost::asio::serial_port::character_size(8));
[1.653s]                  [01;31m[K^~[m[K
[2.090s] make[2]: *** [CMakeFiles/serial_test.dir/build.make:76: CMakeFiles/serial_test.dir/src/serial_linux.cpp.o] Error 1
[2.090s] make[1]: *** [CMakeFiles/Makefile2:78: CMakeFiles/serial_test.dir/all] Error 2
[2.090s] make: *** [Makefile:141: all] Error 2
[2.094s] Invoked command in '/home/fzq614/My_ROS_Robot/ROS-WorkSpace/ROS2-Robot-WS/build/serial_test' returned '2': CMAKE_PREFIX_PATH=${CMAKE_PREFIX_PATH}:/opt/ros/galactic /usr/bin/cmake --build /home/fzq614/My_ROS_Robot/ROS-WorkSpace/ROS2-Robot-WS/build/serial_test -- -j4 -l4
