[0.036s] Invoking command in '/home/fzq614/My_ROS_Robot/ROS-WorkSpace/ROS2-Robot-WS/build/serial_test': CMAKE_PREFIX_PATH=${CMAKE_PREFIX_PATH}:/opt/ros/galactic /usr/bin/cmake --build /home/fzq614/My_ROS_Robot/ROS-WorkSpace/ROS2-Robot-WS/build/serial_test -- -j4 -l4
[0.071s] [35m[1mScanning dependencies of target serial_test[0m
[0.096s] [ 33%] [32mBuilding CXX object CMakeFiles/serial_test.dir/src/serial_test.cpp.o[0m
[0.100s] [ 66%] [32mBuilding CXX object CMakeFiles/serial_test.dir/src/serial_linux.cpp.o[0m
[1.694s] [01m[K/home/fzq614/My_ROS_Robot/ROS-WorkSpace/ROS2-Robot-WS/src/third_pkg/Serial_Linux/src/serial_linux.cpp:[m[K In member function â€˜[01m[Kvoid Serial::handle_read(char*, boost::system::error_code, std::size_t)[m[Kâ€™:
[1.694s] [01m[K/home/fzq614/My_ROS_Robot/ROS-WorkSpace/ROS2-Robot-WS/src/third_pkg/Serial_Linux/src/serial_linux.cpp:74:2:[m[K [01;31m[Kerror: [m[Kâ€˜[01m[Kcout[m[Kâ€™ was not declared in this scope
[1.694s]   [01;31m[Kcout[m[K << "\nhandle_read: ";
[1.694s]   [01;31m[K^~~~[m[K
[1.694s] [01m[K/home/fzq614/My_ROS_Robot/ROS-WorkSpace/ROS2-Robot-WS/src/third_pkg/Serial_Linux/src/serial_linux.cpp:74:2:[m[K [01;36m[Knote: [m[Ksuggested alternative:
[1.695s] In file included from [01m[K/opt/ros/galactic/include/rclcpp/executor.hpp:22[m[K,
[1.695s]                  from [01m[K/opt/ros/galactic/include/rclcpp/executors/multi_threaded_executor.hpp:26[m[K,
[1.695s]                  from [01m[K/opt/ros/galactic/include/rclcpp/executors.hpp:21[m[K,
[1.695s]                  from [01m[K/opt/ros/galactic/include/rclcpp/rclcpp.hpp:156[m[K,
[1.695s]                  from [01m[K/home/fzq614/My_ROS_Robot/ROS-WorkSpace/ROS2-Robot-WS/src/third_pkg/Serial_Linux/src/serial_linux.hpp:4[m[K,
[1.695s]                  from [01m[K/home/fzq614/My_ROS_Robot/ROS-WorkSpace/ROS2-Robot-WS/src/third_pkg/Serial_Linux/src/serial_linux.cpp:1[m[K:
[1.695s] [01m[K/usr/include/c++/8/iostream:61:18:[m[K [01;36m[Knote: [m[K  â€˜[01m[Kstd::cout[m[Kâ€™
[1.695s]    extern ostream [01;36m[Kcout[m[K;  /// Linked to standard output
[1.695s]                   [01;36m[K^~~~[m[K
[1.695s] [01m[K/home/fzq614/My_ROS_Robot/ROS-WorkSpace/ROS2-Robot-WS/src/third_pkg/Serial_Linux/src/serial_linux.cpp:72:65:[m[K [01;35m[Kwarning: [m[Kunused parameter â€˜[01m[Kec[m[Kâ€™ [[01;35m[K-Wunused-parameter[m[K]
[1.695s]  void Serial::handle_read( char buf[], [01;35m[Kboost::system::error_code ec[m[K, std::size_t bytes_transferred )
[1.695s]                                        [01;35m[K~~~~~~~~~~~~~~~~~~~~~~~~~~^~[m[K
[1.695s] [01m[K/home/fzq614/My_ROS_Robot/ROS-WorkSpace/ROS2-Robot-WS/src/third_pkg/Serial_Linux/src/serial_linux.cpp:[m[K In member function â€˜[01m[Kvoid Serial::read_from_serial()[m[Kâ€™:
[1.695s] [01m[K/home/fzq614/My_ROS_Robot/ROS-WorkSpace/ROS2-Robot-WS/src/third_pkg/Serial_Linux/src/serial_linux.cpp:83:107:[m[K [01;31m[Kerror: [m[Kâ€˜[01m[Kv[m[Kâ€™ was not declared in this scope
[1.695s]      boost::asio::async_read_until(*serial_port_, response, "\r\n", std::bind( &Serial::handle_read, this, [01;31m[Kv[m[K, std::placeholders::_1, std::placeholders::_2));
[1.695s]                                                                                                            [01;31m[K^[m[K
[2.146s] make[2]: *** [CMakeFiles/serial_test.dir/build.make:76: CMakeFiles/serial_test.dir/src/serial_linux.cpp.o] Error 1
[2.146s] make[2]: *** Waiting for unfinished jobs....
[2.890s] make[1]: *** [CMakeFiles/Makefile2:78: CMakeFiles/serial_test.dir/all] Error 2
[2.890s] make: *** [Makefile:141: all] Error 2
[2.892s] Invoked command in '/home/fzq614/My_ROS_Robot/ROS-WorkSpace/ROS2-Robot-WS/build/serial_test' returned '2': CMAKE_PREFIX_PATH=${CMAKE_PREFIX_PATH}:/opt/ros/galactic /usr/bin/cmake --build /home/fzq614/My_ROS_Robot/ROS-WorkSpace/ROS2-Robot-WS/build/serial_test -- -j4 -l4
