In file included from [01m[K/home/fzq614/My_ROS_Robot/ROS-WorkSpace/ROS2-Robot-WS/src/serial_test/src/serial_linux.cpp:1[m[K:
[01m[K/home/fzq614/My_ROS_Robot/ROS-WorkSpace/ROS2-Robot-WS/src/serial_test/src/serial_linux.hpp:21:33:[m[K [01;31m[Kerror: [m[Kâ€˜[01m[Kany_type[m[Kâ€™ does not name a type; did you mean â€˜[01m[Kisfdtype[m[Kâ€™?
     void write_to_serial( const [01;31m[Kany_type[m[K data )
                                 [01;31m[K^~~~~~~~[m[K
                                 [32m[Kisfdtype[m[K
[01m[K/home/fzq614/My_ROS_Robot/ROS-WorkSpace/ROS2-Robot-WS/src/serial_test/src/serial_linux.hpp:21:47:[m[K [01;31m[Kerror: [m[Kexpected â€˜[01m[K;[m[Kâ€™ at end of member declaration
     void write_to_serial( const any_type data [01;31m[K)[m[K
                                               [01;31m[K^[m[K
                                                [32m[K;[m[K
[01m[K/home/fzq614/My_ROS_Robot/ROS-WorkSpace/ROS2-Robot-WS/src/serial_test/src/serial_linux.cpp:15:37:[m[K [01;31m[Kerror: [m[Kâ€˜[01m[Kany_type[m[Kâ€™ does not name a type; did you mean â€˜[01m[Kisfdtype[m[Kâ€™?
 void Serial::write_to_serial( const [01;31m[Kany_type[m[K data )
                                     [01;31m[K^~~~~~~~[m[K
                                     [32m[Kisfdtype[m[K
[01m[K/home/fzq614/My_ROS_Robot/ROS-WorkSpace/ROS2-Robot-WS/src/serial_test/src/serial_linux.cpp:[m[K In member function â€˜[01m[Kvoid Serial::write_to_serial(int)[m[Kâ€™:
[01m[K/home/fzq614/My_ROS_Robot/ROS-WorkSpace/ROS2-Robot-WS/src/serial_test/src/serial_linux.cpp:17:84:[m[K [01;31m[Kerror: [m[Kno matching function for call to â€˜[01m[Kbuffer(const int&)[m[Kâ€™
     size_t len = boost::asio::write(*serial_port_.get(), boost::asio::buffer( data [01;31m[K)[m[K, error_code_ );
                                                                                    [01;31m[K^[m[K
In file included from [01m[K/usr/include/boost/asio/detail/reactive_socket_service.hpp:22[m[K,
                 from [01m[K/usr/include/boost/asio/basic_socket.hpp:36[m[K,
                 from [01m[K/usr/include/boost/asio/basic_datagram_socket.hpp:20[m[K,
                 from [01m[K/usr/include/boost/asio.hpp:24[m[K,
                 from [01m[K/home/fzq614/My_ROS_Robot/ROS-WorkSpace/ROS2-Robot-WS/src/serial_test/src/serial_linux.hpp:5[m[K,
                 from [01m[K/home/fzq614/My_ROS_Robot/ROS-WorkSpace/ROS2-Robot-WS/src/serial_test/src/serial_linux.cpp:1[m[K:
[01m[K/usr/include/boost/asio/buffer.hpp:908:34:[m[K [01;36m[Knote: [m[Kcandidate: â€˜[01m[Kboost::asio::mutable_buffers_1 boost::asio::buffer(const boost::asio::mutable_buffer&)[m[Kâ€™
 inline BOOST_ASIO_MUTABLE_BUFFER [01;36m[Kbuffer[m[K(
                                  [01;36m[K^~~~~~[m[K
[01m[K/usr/include/boost/asio/buffer.hpp:908:34:[m[K [01;36m[Knote: [m[K  no known conversion for argument 1 from â€˜[01m[Kconst int[m[Kâ€™ to â€˜[01m[Kconst boost::asio::mutable_buffer&[m[Kâ€™
[01m[K/usr/include/boost/asio/buffer.hpp:921:34:[m[K [01;36m[Knote: [m[Kcandidate: â€˜[01m[Kboost::asio::mutable_buffers_1 boost::asio::buffer(const boost::asio::mutable_buffer&, std::size_t)[m[Kâ€™
 inline BOOST_ASIO_MUTABLE_BUFFER [01;36m[Kbuffer[m[K(const mutable_buffer& b,
                                  [01;36m[K^~~~~~[m[K
[01m[K/usr/include/boost/asio/buffer.hpp:921:34:[m[K [01;36m[Knote: [m[K  candidate expects 2 arguments, 1 provided
[01m[K/usr/include/boost/asio/buffer.hpp:938:32:[m[K [01;36m[Knote: [m[Kcandidate: â€˜[01m[Kboost::asio::const_buffers_1 boost::asio::buffer(const boost::asio::const_buffer&)[m[Kâ€™
 inline BOOST_ASIO_CONST_BUFFER [01;36m[Kbuffer[m[K(
                                [01;36m[K^~~~~~[m[K
[01m[K/usr/include/boost/asio/buffer.hpp:938:32:[m[K [01;36m[Knote: [m[K  no known conversion for argument 1 from â€˜[01m[Kconst int[m[Kâ€™ to â€˜[01m[Kconst boost::asio::const_buffer&[m[Kâ€™
[01m[K/usr/include/boost/asio/buffer.hpp:951:32:[m[K [01;36m[Knote: [m[Kcandidate: â€˜[01m[Kboost::asio::const_buffers_1 boost::asio::buffer(const boost::asio::const_buffer&, std::size_t)[m[Kâ€™
 inline BOOST_ASIO_CONST_BUFFER [01;36m[Kbuffer[m[K(const const_buffer& b,
                                [01;36m[K^~~~~~[m[K
[01m[K/usr/include/boost/asio/buffer.hpp:951:32:[m[K [01;36m[Knote: [m[K  candidate expects 2 arguments, 1 provided
[01m[K/usr/include/boost/asio/buffer.hpp:967:34:[m[K [01;36m[Knote: [m[Kcandidate: â€˜[01m[Kboost::asio::mutable_buffers_1 boost::asio::buffer(void*, std::size_t)[m[Kâ€™
 inline BOOST_ASIO_MUTABLE_BUFFER [01;36m[Kbuffer[m[K(void* data,
                                  [01;36m[K^~~~~~[m[K
[01m[K/usr/include/boost/asio/buffer.hpp:967:34:[m[K [01;36m[Knote: [m[K  candidate expects 2 arguments, 1 provided
[01m[K/usr/include/boost/asio/buffer.hpp:977:32:[m[K [01;36m[Knote: [m[Kcandidate: â€˜[01m[Kboost::asio::const_buffers_1 boost::asio::buffer(const void*, std::size_t)[m[Kâ€™
 inline BOOST_ASIO_CONST_BUFFER [01;36m[Kbuffer[m[K(const void* data,
                                [01;36m[K^~~~~~[m[K
[01m[K/usr/include/boost/asio/buffer.hpp:977:32:[m[K [01;36m[Knote: [m[K  candidate expects 2 arguments, 1 provided
[01m[K/usr/include/boost/asio/buffer.hpp:991:34:[m[K [01;36m[Knote: [m[Kcandidate: â€˜[01m[Ktemplate<class PodType, long unsigned int N> boost::asio::mutable_buffers_1 boost::asio::buffer(PodType (&)[N])[m[Kâ€™
 inline BOOST_ASIO_MUTABLE_BUFFER [01;36m[Kbuffer[m[K(PodType (&data)[N]) BOOST_ASIO_NOEXCEPT
                                  [01;36m[K^~~~~~[m[K
[01m[K/usr/include/boost/asio/buffer.hpp:991:34:[m[K [01;36m[Knote: [m[K  template argument deduction/substitution failed:
[01m[K/home/fzq614/My_ROS_Robot/ROS-WorkSpace/ROS2-Robot-WS/src/serial_test/src/serial_linux.cpp:17:84:[m[K [01;36m[Knote: [m[K  mismatched types â€˜[01m[KPodType [N][m[Kâ€™ and â€˜[01m[Kconst int[m[Kâ€™
     size_t len = boost::asio::write(*serial_port_.get(), boost::asio::buffer( data [01;36m[K)[m[K, error_code_ );
                                                                                    [01;36m[K^[m[K
In file included from [01m[K/usr/include/boost/asio/detail/reactive_socket_service.hpp:22[m[K,
                 from [01m[K/usr/include/boost/asio/basic_socket.hpp:36[m[K,
                 from [01m[K/usr/include/boost/asio/basic_datagram_socket.hpp:20[m[K,
                 from [01m[K/usr/include/boost/asio.hpp:24[m[K,
                 from [01m[K/home/fzq614/My_ROS_Robot/ROS-WorkSpace/ROS2-Robot-WS/src/serial_test/src/serial_linux.hpp:5[m[K,
                 from [01m[K/home/fzq614/My_ROS_Robot/ROS-WorkSpace/ROS2-Robot-WS/src/serial_test/src/serial_linux.cpp:1[m[K:
[01m[K/usr/include/boost/asio/buffer.hpp:1004:34:[m[K [01;36m[Knote: [m[Kcandidate: â€˜[01m[Ktemplate<class PodType, long unsigned int N> boost::asio::mutable_buffers_1 boost::asio::buffer(PodType (&)[N], std::size_t)[m[Kâ€™
 inline BOOST_ASIO_MUTABLE_BUFFER [01;36m[Kbuffer[m[K(PodType (&data)[N],
                                  [01;36m[K^~~~~~[m[K
[01m[K/usr/include/boost/asio/buffer.hpp:1004:34:[m[K [01;36m[Knote: [m[K  template argument deduction/substitution failed:
[01m[K/home/fzq614/My_ROS_Robot/ROS-WorkSpace/ROS2-Robot-WS/src/serial_test/src/serial_linux.cpp:17:84:[m[K [01;36m[Knote: [m[K  mismatched types â€˜[01m[KPodType [N][m[Kâ€™ and â€˜[01m[Kconst int[m[Kâ€™
     size_t len = boost::asio::write(*serial_port_.get(), boost::asio::buffer( data [01;36m[K)[m[K, error_code_ );
                                                                                    [01;36m[K^[m[K
In file included from [01m[K/usr/include/boost/asio/detail/reactive_socket_service.hpp:22[m[K,
                 from [01m[K/usr/include/boost/asio/basic_socket.hpp:36[m[K,
                 from [01m[K/usr/include/boost/asio/basic_datagram_socket.hpp:20[m[K,
                 from [01m[K/usr/include/boost/asio.hpp:24[m[K,
                 from [01m[K/home/fzq614/My_ROS_Robot/ROS-WorkSpace/ROS2-Robot-WS/src/serial_test/src/serial_linux.hpp:5[m[K,
                 from [01m[K/home/fzq614/My_ROS_Robot/ROS-WorkSpace/ROS2-Robot-WS/src/serial_test/src/serial_linux.cpp:1[m[K:
[01m[K/usr/include/boost/asio/buffer.hpp:1020:32:[m[K [01;36m[Knote: [m[Kcandidate: â€˜[01m[Ktemplate<class PodType, long unsigned int N> boost::asio::const_buffers_1 boost::asio::buffer(const PodType (&)[N])[m[Kâ€™
 inline BOOST_ASIO_CONST_BUFFER [01;36m[Kbuffer[m[K(
                                [01;36m[K^~~~~~[m[K
[01m[K/usr/include/boost/asio/buffer.hpp:1020:32:[m[K [01;36m[Knote: [m[K  template argument deduction/substitution failed:
[01m[K/home/fzq614/My_ROS_Robot/ROS-WorkSpace/ROS2-Robot-WS/src/serial_test/src/serial_linux.cpp:17:84:[m[K [01;36m[Knote: [m[K  mismatched types â€˜[01m[Kconst PodType [N][m[Kâ€™ and â€˜[01m[Kconst int[m[Kâ€™
     size_t len = boost::asio::write(*serial_port_.get(), boost::asio::buffer( data [01;36m[K)[m[K, error_code_ );
                                                                                    [01;36m[K^[m[K
In file included from [01m[K/usr/include/boost/asio/detail/reactive_socket_service.hpp:22[m[K,
                 from [01m[K/usr/include/boost/asio/basic_socket.hpp:36[m[K,
                 from [01m[K/usr/include/boost/asio/basic_datagram_socket.hpp:20[m[K,
                 from [01m[K/usr/include/boost/asio.hpp:24[m[K,
                 from [01m[K/home/fzq614/My_ROS_Robot/ROS-WorkSpace/ROS2-Robot-WS/src/serial_test/src/serial_linux.hpp:5[m[K,
                 from [01m[K/home/fzq614/My_ROS_Robot/ROS-WorkSpace/ROS2-Robot-WS/src/serial_test/src/serial_linux.cpp:1[m[K:
[01m[K/usr/include/boost/asio/buffer.hpp:1034:32:[m[K [01;36m[Knote: [m[Kcandidate: â€˜[01m[Ktemplate<class PodType, long unsigned int N> boost::asio::const_buffers_1 boost::asio::buffer(const PodType (&)[N], std::size_t)[m[Kâ€™
 inline BOOST_ASIO_CONST_BUFFER [01;36m[Kbuffer[m[K(const PodType (&data)[N],
                                [01;36m[K^~~~~~[m[K
[01m[K/usr/include/boost/asio/buffer.hpp:1034:32:[m[K [01;36m[Knote: [m[K  template argument deduction/substitution failed:
[01m[K/home/fzq614/My_ROS_Robot/ROS-WorkSpace/ROS2-Robot-WS/src/serial_test/src/serial_linux.cpp:17:84:[m[K [01;36m[Knote: [m[K  mismatched types â€˜[01m[Kconst PodType [N][m[Kâ€™ and â€˜[01m[Kconst int[m[Kâ€™
     size_t len = boost::asio::write(*serial_port_.get(), boost::asio::buffer( data [01;36m[K)[m[K, error_code_ );
                                                                                    [01;36m[K^[m[K
In file included from [01m[K/usr/include/boost/asio/detail/reactive_socket_service.hpp:22[m[K,
                 from [01m[K/usr/include/boost/asio/basic_socket.hpp:36[m[K,
                 from [01m[K/usr/include/boost/asio/basic_datagram_socket.hpp:20[m[K,
                 from [01m[K/usr/include/boost/asio.hpp:24[m[K,
                 from [01m[K/home/fzq614/My_ROS_Robot/ROS-WorkSpace/ROS2-Robot-WS/src/serial_test/src/serial_linux.hpp:5[m[K,
                 from [01m[K/home/fzq614/My_ROS_Robot/ROS-WorkSpace/ROS2-Robot-WS/src/serial_test/src/serial_linux.cpp:1[m[K:
[01m[K/usr/include/boost/asio/buffer.hpp:1120:34:[m[K [01;36m[Knote: [m[Kcandidate: â€˜[01m[Ktemplate<class PodType, long unsigned int N> boost::asio::mutable_buffers_1 boost::asio::buffer(boost::array<PodType, N>&)[m[Kâ€™
 inline BOOST_ASIO_MUTABLE_BUFFER [01;36m[Kbuffer[m[K(
                                  [01;36m[K^~~~~~[m[K
[01m[K/usr/include/boost/asio/buffer.hpp:1120:34:[m[K [01;36m[Knote: [m[K  template argument deduction/substitution failed:
[01m[K/home/fzq614/My_ROS_Robot/ROS-WorkSpace/ROS2-Robot-WS/src/serial_test/src/serial_linux.cpp:17:84:[m[K [01;36m[Knote: [m[K  mismatched types â€˜[01m[Kboost::array<PodType, N>[m[Kâ€™ and â€˜[01m[Kconst int[m[Kâ€™
     size_t len = boost::asio::write(*serial_port_.get(), boost::asio::buffer( data [01;36m[K)[m[K, error_code_ );
                                                                                    [01;36m[K^[m[K
In file included from [01m[K/usr/include/boost/asio/detail/reactive_socket_service.hpp:22[m[K,
                 from [01m[K/usr/include/boost/asio/basic_socket.hpp:36[m[K,
                 from [01m[K/usr/include/boost/asio/basic_datagram_socket.hpp:20[m[K,
                 from [01m[K/usr/include/boost/asio.hpp:24[m[K,
                 from [01m[K/home/fzq614/My_ROS_Robot/ROS-WorkSpace/ROS2-Robot-WS/src/serial_test/src/serial_linux.hpp:5[m[K,
                 from [01m[K/home/fzq614/My_ROS_Robot/ROS-WorkSpace/ROS2-Robot-WS/src/serial_test/src/serial_linux.cpp:1[m[K:
[01m[K/usr/include/boost/asio/buffer.hpp:1135:34:[m[K [01;36m[Knote: [m[Kcandidate: â€˜[01m[Ktemplate<class PodType, long unsigned int N> boost::asio::mutable_buffers_1 boost::asio::buffer(boost::array<PodType, N>&, std::size_t)[m[Kâ€™
 inline BOOST_ASIO_MUTABLE_BUFFER [01;36m[Kbuffer[m[K(boost::array<PodType, N>& data,
                                  [01;36m[K^~~~~~[m[K
[01m[K/usr/include/boost/asio/buffer.hpp:1135:34:[m[K [01;36m[Knote: [m[K  template argument deduction/substitution failed:
[01m[K/home/fzq614/My_ROS_Robot/ROS-WorkSpace/ROS2-Robot-WS/src/serial_test/src/serial_linux.cpp:17:84:[m[K [01;36m[Knote: [m[K  mismatched types â€˜[01m[Kboost::array<PodType, N>[m[Kâ€™ and â€˜[01m[Kconst int[m[Kâ€™
     size_t len = boost::asio::write(*serial_port_.get(), boost::asio::buffer( data [01;36m[K)[m[K, error_code_ );
                                                                                    [01;36m[K^[m[K
In file included from [01m[K/usr/include/boost/asio/detail/reactive_socket_service.hpp:22[m[K,
                 from [01m[K/usr/include/boost/asio/basic_socket.hpp:36[m[K,
                 from [01m[K/usr/include/boost/asio/basic_datagram_socket.hpp:20[m[K,
                 from [01m[K/usr/include/boost/asio.hpp:24[m[K,
                 from [01m[K/home/fzq614/My_ROS_Robot/ROS-WorkSpace/ROS2-Robot-WS/src/serial_test/src/serial_linux.hpp:5[m[K,
                 from [01m[K/home/fzq614/My_ROS_Robot/ROS-WorkSpace/ROS2-Robot-WS/src/serial_test/src/serial_linux.cpp:1[m[K:
[01m[K/usr/include/boost/asio/buffer.hpp:1151:32:[m[K [01;36m[Knote: [m[Kcandidate: â€˜[01m[Ktemplate<class PodType, long unsigned int N> boost::asio::const_buffers_1 boost::asio::buffer(boost::array<const PodType, N>&)[m[Kâ€™
 inline BOOST_ASIO_CONST_BUFFER [01;36m[Kbuffer[m[K(
                                [01;36m[K^~~~~~[m[K
[01m[K/usr/include/boost/asio/buffer.hpp:1151:32:[m[K [01;36m[Knote: [m[K  template argument deduction/substitution failed:
[01m[K/home/fzq614/My_ROS_Robot/ROS-WorkSpace/ROS2-Robot-WS/src/serial_test/src/serial_linux.cpp:17:84:[m[K [01;36m[Knote: [m[K  mismatched types â€˜[01m[Kboost::array<const PodType, N>[m[Kâ€™ and â€˜[01m[Kconst int[m[Kâ€™
     size_t len = boost::asio::write(*serial_port_.get(), boost::asio::buffer( data [01;36m[K)[m[K, error_code_ );
                                                                                    [01;36m[K^[m[K
In file included from [01m[K/usr/include/boost/asio/detail/reactive_socket_service.hpp:22[m[K,
                 from [01m[K/usr/include/boost/asio/basic_socket.hpp:36[m[K,
                 from [01m[K/usr/include/boost/asio/basic_datagram_socket.hpp:20[m[K,
                 from [01m[K/usr/include/boost/asio.hpp:24[m[K,
                 from [01m[K/home/fzq614/My_ROS_Robot/ROS-WorkSpace/ROS2-Robot-WS/src/serial_test/src/serial_linux.hpp:5[m[K,
                 from [01m[K/home/fzq614/My_ROS_Robot/ROS-WorkSpace/ROS2-Robot-WS/src/serial_test/src/serial_linux.cpp:1[m[K:
[01m[K/usr/include/boost/asio/buffer.hpp:1165:32:[m[K [01;36m[Knote: [m[Kcandidate: â€˜[01m[Ktemplate<class PodType, long unsigned int N> boost::asio::const_buffers_1 boost::asio::buffer(boost::array<const PodType, N>&, std::size_t)[m[Kâ€™
 inline BOOST_ASIO_CONST_BUFFER [01;36m[Kbuffer[m[K(boost::array<const PodType, N>& data,
                                [01;36m[K^~~~~~[m[K
[01m[K/usr/include/boost/asio/buffer.hpp:1165:32:[m[K [01;36m[Knote: [m[K  template argument deduction/substitution failed:
[01m[K/home/fzq614/My_ROS_Robot/ROS-WorkSpace/ROS2-Robot-WS/src/serial_test/src/serial_linux.cpp:17:84:[m[K [01;36m[Knote: [m[K  mismatched types â€˜[01m[Kboost::array<const PodType, N>[m[Kâ€™ and â€˜[01m[Kconst int[m[Kâ€™
     size_t len = boost::asio::write(*serial_port_.get(), boost::asio::buffer( data [01;36m[K)[m[K, error_code_ );
                                                                                    [01;36m[K^[m[K
In file included from [01m[K/usr/include/boost/asio/detail/reactive_socket_service.hpp:22[m[K,
                 from [01m[K/usr/include/boost/asio/basic_socket.hpp:36[m[K,
                 from [01m[K/usr/include/boost/asio/basic_datagram_socket.hpp:20[m[K,
                 from [01m[K/usr/include/boost/asio.hpp:24[m[K,
                 from [01m[K/home/fzq614/My_ROS_Robot/ROS-WorkSpace/ROS2-Robot-WS/src/serial_test/src/serial_linux.hpp:5[m[K,
                 from [01m[K/home/fzq614/My_ROS_Robot/ROS-WorkSpace/ROS2-Robot-WS/src/serial_test/src/serial_linux.cpp:1[m[K:
[01m[K/usr/include/boost/asio/buffer.hpp:1183:32:[m[K [01;36m[Knote: [m[Kcandidate: â€˜[01m[Ktemplate<class PodType, long unsigned int N> boost::asio::const_buffers_1 boost::asio::buffer(const boost::array<PodType, N>&)[m[Kâ€™
 inline BOOST_ASIO_CONST_BUFFER [01;36m[Kbuffer[m[K(
                                [01;36m[K^~~~~~[m[K
[01m[K/usr/include/boost/asio/buffer.hpp:1183:32:[m[K [01;36m[Knote: [m[K  template argument deduction/substitution failed:
[01m[K/home/fzq614/My_ROS_Robot/ROS-WorkSpace/ROS2-Robot-WS/src/serial_test/src/serial_linux.cpp:17:84:[m[K [01;36m[Knote: [m[K  mismatched types â€˜[01m[Kconst boost::array<PodType, N>[m[Kâ€™ and â€˜[01m[Kconst int[m[Kâ€™
     size_t len = boost::asio::write(*serial_port_.get(), boost::asio::buffer( data [01;36m[K)[m[K, error_code_ );
                                                                                    [01;36m[K^[m[K
In file included from [01m[K/usr/include/boost/asio/detail/reactive_socket_service.hpp:22[m[K,
                 from [01m[K/usr/include/boost/asio/basic_socket.hpp:36[m[K,
                 from [01m[K/usr/include/boost/asio/basic_datagram_socket.hpp:20[m[K,
                 from [01m[K/usr/include/boost/asio.hpp:24[m[K,
                 from [01m[K/home/fzq614/My_ROS_Robot/ROS-WorkSpace/ROS2-Robot-WS/src/serial_test/src/serial_linux.hpp:5[m[K,
                 from [01m[K/home/fzq614/My_ROS_Robot/ROS-WorkSpace/ROS2-Robot-WS/src/serial_test/src/serial_linux.cpp:1[m[K:
[01m[K/usr/include/boost/asio/buffer.hpp:1197:32:[m[K [01;36m[Knote: [m[Kcandidate: â€˜[01m[Ktemplate<class PodType, long unsigned int N> boost::asio::const_buffers_1 boost::asio::buffer(const boost::array<PodType, N>&, std::size_t)[m[Kâ€™
 inline BOOST_ASIO_CONST_BUFFER [01;36m[Kbuffer[m[K(const boost::array<PodType, N>& data,
                                [01;36m[K^~~~~~[m[K
[01m[K/usr/include/boost/asio/buffer.hpp:1197:32:[m[K [01;36m[Knote: [m[K  template argument deduction/substitution failed:
[01m[K/home/fzq614/My_ROS_Robot/ROS-WorkSpace/ROS2-Robot-WS/src/serial_test/src/serial_linux.cpp:17:84:[m[K [01;36m[Knote: [m[K  mismatched types â€˜[01m[Kconst boost::array<PodType, N>[m[Kâ€™ and â€˜[01m[Kconst int[m[Kâ€™
     size_t len = boost::asio::write(*serial_port_.get(), boost::asio::buffer( data [01;36m[K)[m[K, error_code_ );
                                                                                    [01;36m[K^[m[K
In file included from [01m[K/usr/include/boost/asio/detail/reactive_socket_service.hpp:22[m[K,
                 from [01m[K/usr/include/boost/asio/basic_socket.hpp:36[m[K,
                 from [01m[K/usr/include/boost/asio/basic_datagram_socket.hpp:20[m[K,
                 from [01m[K/usr/include/boost/asio.hpp:24[m[K,
                 from [01m[K/home/fzq614/My_ROS_Robot/ROS-WorkSpace/ROS2-Robot-WS/src/serial_test/src/serial_linux.hpp:5[m[K,
                 from [01m[K/home/fzq614/My_ROS_Robot/ROS-WorkSpace/ROS2-Robot-WS/src/serial_test/src/serial_linux.cpp:1[m[K:
[01m[K/usr/include/boost/asio/buffer.hpp:1215:34:[m[K [01;36m[Knote: [m[Kcandidate: â€˜[01m[Ktemplate<class PodType, long unsigned int N> boost::asio::mutable_buffers_1 boost::asio::buffer(std::array<_Tp, _Nm>&)[m[Kâ€™
 inline BOOST_ASIO_MUTABLE_BUFFER [01;36m[Kbuffer[m[K(
                                  [01;36m[K^~~~~~[m[K
[01m[K/usr/include/boost/asio/buffer.hpp:1215:34:[m[K [01;36m[Knote: [m[K  template argument deduction/substitution failed:
[01m[K/home/fzq614/My_ROS_Robot/ROS-WorkSpace/ROS2-Robot-WS/src/serial_test/src/serial_linux.cpp:17:84:[m[K [01;36m[Knote: [m[K  mismatched types â€˜[01m[Kstd::array<_Tp, _Nm>[m[Kâ€™ and â€˜[01m[Kconst int[m[Kâ€™
     size_t len = boost::asio::write(*serial_port_.get(), boost::asio::buffer( data [01;36m[K)[m[K, error_code_ );
                                                                                    [01;36m[K^[m[K
In file included from [01m[K/usr/include/boost/asio/detail/reactive_socket_service.hpp:22[m[K,
                 from [01m[K/usr/include/boost/asio/basic_socket.hpp:36[m[K,
                 from [01m[K/usr/include/boost/asio/basic_datagram_socket.hpp:20[m[K,
                 from [01m[K/usr/include/boost/asio.hpp:24[m[K,
                 from [01m[K/home/fzq614/My_ROS_Robot/ROS-WorkSpace/ROS2-Robot-WS/src/serial_test/src/serial_linux.hpp:5[m[K,
                 from [01m[K/home/fzq614/My_ROS_Robot/ROS-WorkSpace/ROS2-Robot-WS/src/serial_test/src/serial_linux.cpp:1[m[K:
[01m[K/usr/include/boost/asio/buffer.hpp:1229:34:[m[K [01;36m[Knote: [m[Kcandidate: â€˜[01m[Ktemplate<class PodType, long unsigned int N> boost::asio::mutable_buffers_1 boost::asio::buffer(std::array<_Tp, _Nm>&, std::size_t)[m[Kâ€™
 inline BOOST_ASIO_MUTABLE_BUFFER [01;36m[Kbuffer[m[K(std::array<PodType, N>& data,
                                  [01;36m[K^~~~~~[m[K
[01m[K/usr/include/boost/asio/buffer.hpp:1229:34:[m[K [01;36m[Knote: [m[K  template argument deduction/substitution failed:
[01m[K/home/fzq614/My_ROS_Robot/ROS-WorkSpace/ROS2-Robot-WS/src/serial_test/src/serial_linux.cpp:17:84:[m[K [01;36m[Knote: [m[K  mismatched types â€˜[01m[Kstd::array<_Tp, _Nm>[m[Kâ€™ and â€˜[01m[Kconst int[m[Kâ€™
     size_t len = boost::asio::write(*serial_port_.get(), boost::asio::buffer( data [01;36m[K)[m[K, error_code_ );
                                                                                    [01;36m[K^[m[K
In file included from [01m[K/usr/include/boost/asio/detail/reactive_socket_service.hpp:22[m[K,
                 from [01m[K/usr/include/boost/asio/basic_socket.hpp:36[m[K,
                 from [01m[K/usr/include/boost/asio/basic_datagram_socket.hpp:20[m[K,
                 from [01m[K/usr/include/boost/asio.hpp:24[m[K,
                 from [01m[K/home/fzq614/My_ROS_Robot/ROS-WorkSpace/ROS2-Robot-WS/src/serial_test/src/serial_linux.hpp:5[m[K,
                 from [01m[K/home/fzq614/My_ROS_Robot/ROS-WorkSpace/ROS2-Robot-WS/src/serial_test/src/serial_linux.cpp:1[m[K:
[01m[K/usr/include/boost/asio/buffer.hpp:1245:32:[m[K [01;36m[Knote: [m[Kcandidate: â€˜[01m[Ktemplate<class PodType, long unsigned int N> boost::asio::const_buffers_1 boost::asio::buffer(std::array<const PodType, N>&)[m[Kâ€™
 inline BOOST_ASIO_CONST_BUFFER [01;36m[Kbuffer[m[K(
                                [01;36m[K^~~~~~[m[K
[01m[K/usr/include/boost/asio/buffer.hpp:1245:32:[m[K [01;36m[Knote: [m[K  template argument deduction/substitution failed:
[01m[K/home/fzq614/My_ROS_Robot/ROS-WorkSpace/ROS2-Robot-WS/src/serial_test/src/serial_linux.cpp:17:84:[m[K [01;36m[Knote: [m[K  mismatched types â€˜[01m[Kstd::array<const PodType, N>[m[Kâ€™ and â€˜[01m[Kconst int[m[Kâ€™
     size_t len = boost::asio::write(*serial_port_.get(), boost::asio::buffer( data [01;36m[K)[m[K, error_code_ );
                                                                                    [01;36m[K^[m[K
In file included from [01m[K/usr/include/boost/asio/detail/reactive_socket_service.hpp:22[m[K,
                 from [01m[K/usr/include/boost/asio/basic_socket.hpp:36[m[K,
                 from [01m[K/usr/include/boost/asio/basic_datagram_socket.hpp:20[m[K,
                 from [01m[K/usr/include/boost/asio.hpp:24[m[K,
                 from [01m[K/home/fzq614/My_ROS_Robot/ROS-WorkSpace/ROS2-Robot-WS/src/serial_test/src/serial_linux.hpp:5[m[K,
                 from [01m[K/home/fzq614/My_ROS_Robot/ROS-WorkSpace/ROS2-Robot-WS/src/serial_test/src/serial_linux.cpp:1[m[K:
[01m[K/usr/include/boost/asio/buffer.hpp:1259:32:[m[K [01;36m[Knote: [m[Kcandidate: â€˜[01m[Ktemplate<class PodType, long unsigned int N> boost::asio::const_buffers_1 boost::asio::buffer(std::array<const PodType, N>&, std::size_t)[m[Kâ€™
 inline BOOST_ASIO_CONST_BUFFER [01;36m[Kbuffer[m[K(std::array<const PodType, N>& data,
                                [01;36m[K^~~~~~[m[K
[01m[K/usr/include/boost/asio/buffer.hpp:1259:32:[m[K [01;36m[Knote: [m[K  template argument deduction/substitution failed:
[01m[K/home/fzq614/My_ROS_Robot/ROS-WorkSpace/ROS2-Robot-WS/src/serial_test/src/serial_linux.cpp:17:84:[m[K [01;36m[Knote: [m[K  mismatched types â€˜[01m[Kstd::array<const PodType, N>[m[Kâ€™ and â€˜[01m[Kconst int[m[Kâ€™
     size_t len = boost::asio::write(*serial_port_.get(), boost::asio::buffer( data [01;36m[K)[m[K, error_code_ );
                                                                                    [01;36m[K^[m[K
In file included from [01m[K/usr/include/boost/asio/detail/reactive_socket_service.hpp:22[m[K,
                 from [01m[K/usr/include/boost/asio/basic_socket.hpp:36[m[K,
                 from [01m[K/usr/include/boost/asio/basic_datagram_socket.hpp:20[m[K,
                 from [01m[K/usr/include/boost/asio.hpp:24[m[K,
                 from [01m[K/home/fzq614/My_ROS_Robot/ROS-WorkSpace/ROS2-Robot-WS/src/serial_test/src/serial_linux.hpp:5[m[K,
                 from [01m[K/home/fzq614/My_ROS_Robot/ROS-WorkSpace/ROS2-Robot-WS/src/serial_test/src/serial_linux.cpp:1[m[K:
[01m[K/usr/include/boost/asio/buffer.hpp:1275:32:[m[K [01;36m[Knote: [m[Kcandidate: â€˜[01m[Ktemplate<class PodType, long unsigned int N> boost::asio::const_buffers_1 boost::asio::buffer(const std::array<_Tp, _Nm>&)[m[Kâ€™
 inline BOOST_ASIO_CONST_BUFFER [01;36m[Kbuffer[m[K(
                                [01;36m[K^~~~~~[m[K
[01m[K/usr/include/boost/asio/buffer.hpp:1275:32:[m[K [01;36m[Knote: [m[K  template argument deduction/substitution failed:
[01m[K/home/fzq614/My_ROS_Robot/ROS-WorkSpace/ROS2-Robot-WS/src/serial_test/src/serial_linux.cpp:17:84:[m[K [01;36m[Knote: [m[K  mismatched types â€˜[01m[Kconst std::array<_Tp, _Nm>[m[Kâ€™ and â€˜[01m[Kconst int[m[Kâ€™
     size_t len = boost::asio::write(*serial_port_.get(), boost::asio::buffer( data [01;36m[K)[m[K, error_code_ );
                                                                                    [01;36m[K^[m[K
In file included from [01m[K/usr/include/boost/asio/detail/reactive_socket_service.hpp:22[m[K,
                 from [01m[K/usr/include/boost/asio/basic_socket.hpp:36[m[K,
                 from [01m[K/usr/include/boost/asio/basic_datagram_socket.hpp:20[m[K,
                 from [01m[K/usr/include/boost/asio.hpp:24[m[K,
                 from [01m[K/home/fzq614/My_ROS_Robot/ROS-WorkSpace/ROS2-Robot-WS/src/serial_test/src/serial_linux.hpp:5[m[K,
                 from [01m[K/home/fzq614/My_ROS_Robot/ROS-WorkSpace/ROS2-Robot-WS/src/serial_test/src/serial_linux.cpp:1[m[K:
[01m[K/usr/include/boost/asio/buffer.hpp:1289:32:[m[K [01;36m[Knote: [m[Kcandidate: â€˜[01m[Ktemplate<class PodType, long unsigned int N> boost::asio::const_buffers_1 boost::asio::buffer(const std::array<_Tp, _Nm>&, std::size_t)[m[Kâ€™
 inline BOOST_ASIO_CONST_BUFFER [01;36m[Kbuffer[m[K(const std::array<PodType, N>& data,
                                [01;36m[K^~~~~~[m[K
[01m[K/usr/include/boost/asio/buffer.hpp:1289:32:[m[K [01;36m[Knote: [m[K  template argument deduction/substitution failed:
[01m[K/home/fzq614/My_ROS_Robot/ROS-WorkSpace/ROS2-Robot-WS/src/serial_test/src/serial_linux.cpp:17:84:[m[K [01;36m[Knote: [m[K  mismatched types â€˜[01m[Kconst std::array<_Tp, _Nm>[m[Kâ€™ and â€˜[01m[Kconst int[m[Kâ€™
     size_t len = boost::asio::write(*serial_port_.get(), boost::asio::buffer( data [01;36m[K)[m[K, error_code_ );
                                                                                    [01;36m[K^[m[K
In file included from [01m[K/usr/include/boost/asio/detail/reactive_socket_service.hpp:22[m[K,
                 from [01m[K/usr/include/boost/asio/basic_socket.hpp:36[m[K,
                 from [01m[K/usr/include/boost/asio/basic_datagram_socket.hpp:20[m[K,
                 from [01m[K/usr/include/boost/asio.hpp:24[m[K,
                 from [01m[K/home/fzq614/My_ROS_Robot/ROS-WorkSpace/ROS2-Robot-WS/src/serial_test/src/serial_linux.hpp:5[m[K,
                 from [01m[K/home/fzq614/My_ROS_Robot/ROS-WorkSpace/ROS2-Robot-WS/src/serial_test/src/serial_linux.cpp:1[m[K:
[01m[K/usr/include/boost/asio/buffer.hpp:1310:34:[m[K [01;36m[Knote: [m[Kcandidate: â€˜[01m[Ktemplate<class PodType, class Allocator> boost::asio::mutable_buffers_1 boost::asio::buffer(std::vector<_Tp, _Alloc>&)[m[Kâ€™
 inline BOOST_ASIO_MUTABLE_BUFFER [01;36m[Kbuffer[m[K(
                                  [01;36m[K^~~~~~[m[K
[01m[K/usr/include/boost/asio/buffer.hpp:1310:34:[m[K [01;36m[Knote: [m[K  template argument deduction/substitution failed:
[01m[K/home/fzq614/My_ROS_Robot/ROS-WorkSpace/ROS2-Robot-WS/src/serial_test/src/serial_linux.cpp:17:84:[m[K [01;36m[Knote: [m[K  mismatched types â€˜[01m[Kstd::vector<_Tp, _Alloc>[m[Kâ€™ and â€˜[01m[Kconst int[m[Kâ€™
     size_t len = boost::asio::write(*serial_port_.get(), boost::asio::buffer( data [01;36m[K)[m[K, error_code_ );
                                                                                    [01;36m[K^[m[K
In file included from [01m[K/usr/include/boost/asio/detail/reactive_socket_service.hpp:22[m[K,
                 from [01m[K/usr/include/boost/asio/basic_socket.hpp:36[m[K,
                 from [01m[K/usr/include/boost/asio/basic_datagram_socket.hpp:20[m[K,
                 from [01m[K/usr/include/boost/asio.hpp:24[m[K,
                 from [01m[K/home/fzq614/My_ROS_Robot/ROS-WorkSpace/ROS2-Robot-WS/src/serial_test/src/serial_linux.hpp:5[m[K,
                 from [01m[K/home/fzq614/My_ROS_Robot/ROS-WorkSpace/ROS2-Robot-WS/src/serial_test/src/serial_linux.cpp:1[m[K:
[01m[K/usr/include/boost/asio/buffer.hpp:1334:34:[m[K [01;36m[Knote: [m[Kcandidate: â€˜[01m[Ktemplate<class PodType, class Allocator> boost::asio::mutable_buffers_1 boost::asio::buffer(std::vector<_Tp, _Alloc>&, std::size_t)[m[Kâ€™
 inline BOOST_ASIO_MUTABLE_BUFFER [01;36m[Kbuffer[m[K(std::vector<PodType, Allocator>& data,
                                  [01;36m[K^~~~~~[m[K
[01m[K/usr/include/boost/asio/buffer.hpp:1334:34:[m[K [01;36m[Knote: [m[K  template argument deduction/substitution failed:
[01m[K/home/fzq614/My_ROS_Robot/ROS-WorkSpace/ROS2-Robot-WS/src/serial_test/src/serial_linux.cpp:17:84:[m[K [01;36m[Knote: [m[K  mismatched types â€˜[01m[Kstd::vector<_Tp, _Alloc>[m[Kâ€™ and â€˜[01m[Kconst int[m[Kâ€™
     size_t len = boost::asio::write(*serial_port_.get(), boost::asio::buffer( data [01;36m[K)[m[K, error_code_ );
                                                                                    [01;36m[K^[m[K
In file included from [01m[K/usr/include/boost/asio/detail/reactive_socket_service.hpp:22[m[K,
                 from [01m[K/usr/include/boost/asio/basic_socket.hpp:36[m[K,
                 from [01m[K/usr/include/boost/asio/basic_datagram_socket.hpp:20[m[K,
                 from [01m[K/usr/include/boost/asio.hpp:24[m[K,
                 from [01m[K/home/fzq614/My_ROS_Robot/ROS-WorkSpace/ROS2-Robot-WS/src/serial_test/src/serial_linux.hpp:5[m[K,
                 from [01m[K/home/fzq614/My_ROS_Robot/ROS-WorkSpace/ROS2-Robot-WS/src/serial_test/src/serial_linux.cpp:1[m[K:
[01m[K/usr/include/boost/asio/buffer.hpp:1359:32:[m[K [01;36m[Knote: [m[Kcandidate: â€˜[01m[Ktemplate<class PodType, class Allocator> boost::asio::const_buffers_1 boost::asio::buffer(const std::vector<_Tp, _Alloc>&)[m[Kâ€™
 inline BOOST_ASIO_CONST_BUFFER [01;36m[Kbuffer[m[K(
                                [01;36m[K^~~~~~[m[K
[01m[K/usr/include/boost/asio/buffer.hpp:1359:32:[m[K [01;36m[Knote: [m[K  template argument deduction/substitution failed:
[01m[K/home/fzq614/My_ROS_Robot/ROS-WorkSpace/ROS2-Robot-WS/src/serial_test/src/serial_linux.cpp:17:84:[m[K [01;36m[Knote: [m[K  mismatched types â€˜[01m[Kconst std::vector<_Tp, _Alloc>[m[Kâ€™ and â€˜[01m[Kconst int[m[Kâ€™
     size_t len = boost::asio::write(*serial_port_.get(), boost::asio::buffer( data [01;36m[K)[m[K, error_code_ );
                                                                                    [01;36m[K^[m[K
In file included from [01m[K/usr/include/boost/asio/detail/reactive_socket_service.hpp:22[m[K,
                 from [01m[K/usr/include/boost/asio/basic_socket.hpp:36[m[K,
                 from [01m[K/usr/include/boost/asio/basic_datagram_socket.hpp:20[m[K,
                 from [01m[K/usr/include/boost/asio.hpp:24[m[K,
                 from [01m[K/home/fzq614/My_ROS_Robot/ROS-WorkSpace/ROS2-Robot-WS/src/serial_test/src/serial_linux.hpp:5[m[K,
                 from [01m[K/home/fzq614/My_ROS_Robot/ROS-WorkSpace/ROS2-Robot-WS/src/serial_test/src/serial_linux.cpp:1[m[K:
[01m[K/usr/include/boost/asio/buffer.hpp:1383:32:[m[K [01;36m[Knote: [m[Kcandidate: â€˜[01m[Ktemplate<class PodType, class Allocator> boost::asio::const_buffers_1 boost::asio::buffer(const std::vector<_Tp, _Alloc>&, std::size_t)[m[Kâ€™
 inline BOOST_ASIO_CONST_BUFFER [01;36m[Kbuffer[m[K(
                                [01;36m[K^~~~~~[m[K
[01m[K/usr/include/boost/asio/buffer.hpp:1383:32:[m[K [01;36m[Knote: [m[K  template argument deduction/substitution failed:
[01m[K/home/fzq614/My_ROS_Robot/ROS-WorkSpace/ROS2-Robot-WS/src/serial_test/src/serial_linux.cpp:17:84:[m[K [01;36m[Knote: [m[K  mismatched types â€˜[01m[Kconst std::vector<_Tp, _Alloc>[m[Kâ€™ and â€˜[01m[Kconst int[m[Kâ€™
     size_t len = boost::asio::write(*serial_port_.get(), boost::asio::buffer( data [01;36m[K)[m[K, error_code_ );
                                                                                    [01;36m[K^[m[K
In file included from [01m[K/usr/include/boost/asio/detail/reactive_socket_service.hpp:22[m[K,
                 from [01m[K/usr/include/boost/asio/basic_socket.hpp:36[m[K,
                 from [01m[K/usr/include/boost/asio/basic_datagram_socket.hpp:20[m[K,
                 from [01m[K/usr/include/boost/asio.hpp:24[m[K,
                 from [01m[K/home/fzq614/My_ROS_Robot/ROS-WorkSpace/ROS2-Robot-WS/src/serial_test/src/serial_linux.hpp:5[m[K,
                 from [01m[K/home/fzq614/My_ROS_Robot/ROS-WorkSpace/ROS2-Robot-WS/src/serial_test/src/serial_linux.cpp:1[m[K:
[01m[K/usr/include/boost/asio/buffer.hpp:1407:34:[m[K [01;36m[Knote: [m[Kcandidate: â€˜[01m[Ktemplate<class Elem, class Traits, class Allocator> boost::asio::mutable_buffers_1 boost::asio::buffer(std::__cxx11::basic_string<_CharT, _Traits, _Allocator>&)[m[Kâ€™
 inline BOOST_ASIO_MUTABLE_BUFFER [01;36m[Kbuffer[m[K(
                                  [01;36m[K^~~~~~[m[K
[01m[K/usr/include/boost/asio/buffer.hpp:1407:34:[m[K [01;36m[Knote: [m[K  template argument deduction/substitution failed:
[01m[K/home/fzq614/My_ROS_Robot/ROS-WorkSpace/ROS2-Robot-WS/src/serial_test/src/serial_linux.cpp:17:84:[m[K [01;36m[Knote: [m[K  mismatched types â€˜[01m[Kstd::__cxx11::basic_string<_CharT, _Traits, _Allocator>[m[Kâ€™ and â€˜[01m[Kconst int[m[Kâ€™
     size_t len = boost::asio::write(*serial_port_.get(), boost::asio::buffer( data [01;36m[K)[m[K, error_code_ );
                                                                                    [01;36m[K^[m[K
In file included from [01m[K/usr/include/boost/asio/detail/reactive_socket_service.hpp:22[m[K,
                 from [01m[K/usr/include/boost/asio/basic_socket.hpp:36[m[K,
                 from [01m[K/usr/include/boost/asio/basic_datagram_socket.hpp:20[m[K,
                 from [01m[K/usr/include/boost/asio.hpp:24[m[K,
                 from [01m[K/home/fzq614/My_ROS_Robot/ROS-WorkSpace/ROS2-Robot-WS/src/serial_test/src/serial_linux.hpp:5[m[K,
                 from [01m[K/home/fzq614/My_ROS_Robot/ROS-WorkSpace/ROS2-Robot-WS/src/serial_test/src/serial_linux.cpp:1[m[K:
[01m[K/usr/include/boost/asio/buffer.hpp:1431:34:[m[K [01;36m[Knote: [m[Kcandidate: â€˜[01m[Ktemplate<class Elem, class Traits, class Allocator> boost::asio::mutable_buffers_1 boost::asio::buffer(std::__cxx11::basic_string<_CharT, _Traits, _Allocator>&, std::size_t)[m[Kâ€™
 inline BOOST_ASIO_MUTABLE_BUFFER [01;36m[Kbuffer[m[K(
                                  [01;36m[K^~~~~~[m[K
[01m[K/usr/include/boost/asio/buffer.hpp:1431:34:[m[K [01;36m[Knote: [m[K  template argument deduction/substitution failed:
[01m[K/home/fzq614/My_ROS_Robot/ROS-WorkSpace/ROS2-Robot-WS/src/serial_test/src/serial_linux.cpp:17:84:[m[K [01;36m[Knote: [m[K  mismatched types â€˜[01m[Kstd::__cxx11::basic_string<_CharT, _Traits, _Allocator>[m[Kâ€™ and â€˜[01m[Kconst int[m[Kâ€™
     size_t len = boost::asio::write(*serial_port_.get(), boost::asio::buffer( data [01;36m[K)[m[K, error_code_ );
                                                                                    [01;36m[K^[m[K
In file included from [01m[K/usr/include/boost/asio/detail/reactive_socket_service.hpp:22[m[K,
                 from [01m[K/usr/include/boost/asio/basic_socket.hpp:36[m[K,
                 from [01m[K/usr/include/boost/asio/basic_datagram_socket.hpp:20[m[K,
                 from [01m[K/usr/include/boost/asio.hpp:24[m[K,
                 from [01m[K/home/fzq614/My_ROS_Robot/ROS-WorkSpace/ROS2-Robot-WS/src/serial_test/src/serial_linux.hpp:5[m[K,
                 from [01m[K/home/fzq614/My_ROS_Robot/ROS-WorkSpace/ROS2-Robot-WS/src/serial_test/src/serial_linux.cpp:1[m[K:
[01m[K/usr/include/boost/asio/buffer.hpp:1454:32:[m[K [01;36m[Knote: [m[Kcandidate: â€˜[01m[Ktemplate<class Elem, class Traits, class Allocator> boost::asio::const_buffers_1 boost::asio::buffer(const std::__cxx11::basic_string<_CharT, _Traits, _Allocator>&)[m[Kâ€™
 inline BOOST_ASIO_CONST_BUFFER [01;36m[Kbuffer[m[K(
                                [01;36m[K^~~~~~[m[K
[01m[K/usr/include/boost/asio/buffer.hpp:1454:32:[m[K [01;36m[Knote: [m[K  template argument deduction/substitution failed:
[01m[K/home/fzq614/My_ROS_Robot/ROS-WorkSpace/ROS2-Robot-WS/src/serial_test/src/serial_linux.cpp:17:84:[m[K [01;36m[Knote: [m[K  mismatched types â€˜[01m[Kconst std::__cxx11::basic_string<_CharT, _Traits, _Allocator>[m[Kâ€™ and â€˜[01m[Kconst int[m[Kâ€™
     size_t len = boost::asio::write(*serial_port_.get(), boost::asio::buffer( data [01;36m[K)[m[K, error_code_ );
                                                                                    [01;36m[K^[m[K
In file included from [01m[K/usr/include/boost/asio/detail/reactive_socket_service.hpp:22[m[K,
                 from [01m[K/usr/include/boost/asio/basic_socket.hpp:36[m[K,
                 from [01m[K/usr/include/boost/asio/basic_datagram_socket.hpp:20[m[K,
                 from [01m[K/usr/include/boost/asio.hpp:24[m[K,
                 from [01m[K/home/fzq614/My_ROS_Robot/ROS-WorkSpace/ROS2-Robot-WS/src/serial_test/src/serial_linux.hpp:5[m[K,
                 from [01m[K/home/fzq614/My_ROS_Robot/ROS-WorkSpace/ROS2-Robot-WS/src/serial_test/src/serial_linux.cpp:1[m[K:
[01m[K/usr/include/boost/asio/buffer.hpp:1477:32:[m[K [01;36m[Knote: [m[Kcandidate: â€˜[01m[Ktemplate<class Elem, class Traits, class Allocator> boost::asio::const_buffers_1 boost::asio::buffer(const std::__cxx11::basic_string<_CharT, _Traits, _Allocator>&, std::size_t)[m[Kâ€™
 inline BOOST_ASIO_CONST_BUFFER [01;36m[Kbuffer[m[K(
                                [01;36m[K^~~~~~[m[K
[01m[K/usr/include/boost/asio/buffer.hpp:1477:32:[m[K [01;36m[Knote: [m[K  template argument deduction/substitution failed:
[01m[K/home/fzq614/My_ROS_Robot/ROS-WorkSpace/ROS2-Robot-WS/src/serial_test/src/serial_linux.cpp:17:84:[m[K [01;36m[Knote: [m[K  mismatched types â€˜[01m[Kconst std::__cxx11::basic_string<_CharT, _Traits, _Allocator>[m[Kâ€™ and â€˜[01m[Kconst int[m[Kâ€™
     size_t len = boost::asio::write(*serial_port_.get(), boost::asio::buffer( data [01;36m[K)[m[K, error_code_ );
                                                                                    [01;36m[K^[m[K
In file included from [01m[K/usr/include/boost/asio/detail/reactive_socket_service.hpp:22[m[K,
                 from [01m[K/usr/include/boost/asio/basic_socket.hpp:36[m[K,
                 from [01m[K/usr/include/boost/asio/basic_datagram_socket.hpp:20[m[K,
                 from [01m[K/usr/include/boost/asio.hpp:24[m[K,
                 from [01m[K/home/fzq614/My_ROS_Robot/ROS-WorkSpace/ROS2-Robot-WS/src/serial_test/src/serial_linux.hpp:5[m[K,
                 from [01m[K/home/fzq614/My_ROS_Robot/ROS-WorkSpace/ROS2-Robot-WS/src/serial_test/src/serial_linux.cpp:1[m[K:
[01m[K/usr/include/boost/asio/buffer.hpp:1501:32:[m[K [01;36m[Knote: [m[Kcandidate: â€˜[01m[Ktemplate<class Elem, class Traits> boost::asio::const_buffers_1 boost::asio::buffer(std::basic_string_view<_CharT, _Traits>)[m[Kâ€™
 inline BOOST_ASIO_CONST_BUFFER [01;36m[Kbuffer[m[K(
                                [01;36m[K^~~~~~[m[K
[01m[K/usr/include/boost/asio/buffer.hpp:1501:32:[m[K [01;36m[Knote: [m[K  template argument deduction/substitution failed:
[01m[K/home/fzq614/My_ROS_Robot/ROS-WorkSpace/ROS2-Robot-WS/src/serial_test/src/serial_linux.cpp:17:84:[m[K [01;36m[Knote: [m[K  mismatched types â€˜[01m[Kstd::basic_string_view<_CharT, _Traits>[m[Kâ€™ and â€˜[01m[Kint[m[Kâ€™
     size_t len = boost::asio::write(*serial_port_.get(), boost::asio::buffer( data [01;36m[K)[m[K, error_code_ );
                                                                                    [01;36m[K^[m[K
In file included from [01m[K/usr/include/boost/asio/detail/reactive_socket_service.hpp:22[m[K,
                 from [01m[K/usr/include/boost/asio/basic_socket.hpp:36[m[K,
                 from [01m[K/usr/include/boost/asio/basic_datagram_socket.hpp:20[m[K,
                 from [01m[K/usr/include/boost/asio.hpp:24[m[K,
                 from [01m[K/home/fzq614/My_ROS_Robot/ROS-WorkSpace/ROS2-Robot-WS/src/serial_test/src/serial_linux.hpp:5[m[K,
                 from [01m[K/home/fzq614/My_ROS_Robot/ROS-WorkSpace/ROS2-Robot-WS/src/serial_test/src/serial_linux.cpp:1[m[K:
[01m[K/usr/include/boost/asio/buffer.hpp:1522:32:[m[K [01;36m[Knote: [m[Kcandidate: â€˜[01m[Ktemplate<class Elem, class Traits> boost::asio::const_buffers_1 boost::asio::buffer(std::basic_string_view<_CharT, _Traits>, std::size_t)[m[Kâ€™
 inline BOOST_ASIO_CONST_BUFFER [01;36m[Kbuffer[m[K(
                                [01;36m[K^~~~~~[m[K
[01m[K/usr/include/boost/asio/buffer.hpp:1522:32:[m[K [01;36m[Knote: [m[K  template argument deduction/substitution failed:
[01m[K/home/fzq614/My_ROS_Robot/ROS-WorkSpace/ROS2-Robot-WS/src/serial_test/src/serial_linux.cpp:17:84:[m[K [01;36m[Knote: [m[K  mismatched types â€˜[01m[Kstd::basic_string_view<_CharT, _Traits>[m[Kâ€™ and â€˜[01m[Kint[m[Kâ€™
     size_t len = boost::asio::write(*serial_port_.get(), boost::asio::buffer( data [01;36m[K)[m[K, error_code_ );
                                                                                    [01;36m[K^[m[K
[01m[K/home/fzq614/My_ROS_Robot/ROS-WorkSpace/ROS2-Robot-WS/src/serial_test/src/serial_linux.cpp:17:12:[m[K [01;35m[Kwarning: [m[Kunused variable â€˜[01m[Klen[m[Kâ€™ [[01;35m[K-Wunused-variable[m[K]
     size_t [01;35m[Klen[m[K = boost::asio::write(*serial_port_.get(), boost::asio::buffer( data ), error_code_ );
            [01;35m[K^~~[m[K
[01m[K/home/fzq614/My_ROS_Robot/ROS-WorkSpace/ROS2-Robot-WS/src/serial_test/src/serial_linux.cpp:[m[K In member function â€˜[01m[Kvoid Serial::SerialInit(std::__cxx11::string&)[m[Kâ€™:
[01m[K/home/fzq614/My_ROS_Robot/ROS-WorkSpace/ROS2-Robot-WS/src/serial_test/src/serial_linux.cpp:38:33:[m[K [01;31m[Kerror: [m[Kinvalid conversion from â€˜[01m[Kconst char*[m[Kâ€™ to â€˜[01m[Kint[m[Kâ€™ [[01;31m[K-fpermissive[m[K]
         Serial::write_to_serial([01;31m[K"Hello world"[m[K );
                                 [01;31m[K^~~~~~~~~~~~~[m[K
[01m[K/home/fzq614/My_ROS_Robot/ROS-WorkSpace/ROS2-Robot-WS/src/serial_test/src/serial_linux.cpp:15:46:[m[K [01;36m[Knote: [m[K  initializing argument 1 of â€˜[01m[Kvoid Serial::write_to_serial(int)[m[Kâ€™
 void Serial::write_to_serial( [01;36m[Kconst any_type data[m[K )
                               [01;36m[K~~~~~~~~~~~~~~~^~~~[m[K
In file included from [01m[K/home/fzq614/My_ROS_Robot/ROS-WorkSpace/ROS2-Robot-WS/src/serial_test/src/serial_test.cpp:2[m[K:
[01m[K/home/fzq614/My_ROS_Robot/ROS-WorkSpace/ROS2-Robot-WS/src/serial_test/src/serial_linux.hpp:21:33:[m[K [01;31m[Kerror: [m[Kâ€˜[01m[Kany_type[m[Kâ€™ does not name a type; did you mean â€˜[01m[Kisfdtype[m[Kâ€™?
     void write_to_serial( const [01;31m[Kany_type[m[K data )
                                 [01;31m[K^~~~~~~~[m[K
                                 [32m[Kisfdtype[m[K
[01m[K/home/fzq614/My_ROS_Robot/ROS-WorkSpace/ROS2-Robot-WS/src/serial_test/src/serial_linux.hpp:21:47:[m[K [01;31m[Kerror: [m[Kexpected â€˜[01m[K;[m[Kâ€™ at end of member declaration
     void write_to_serial( const any_type data [01;31m[K)[m[K
                                               [01;31m[K^[m[K
                                                [32m[K;[m[K
make[2]: *** [CMakeFiles/serial_test.dir/build.make:76: CMakeFiles/serial_test.dir/src/serial_linux.cpp.o] Error 1
make[2]: *** Waiting for unfinished jobs....
make[2]: *** [CMakeFiles/serial_test.dir/build.make:63: CMakeFiles/serial_test.dir/src/serial_test.cpp.o] Error 1
make[1]: *** [CMakeFiles/Makefile2:78: CMakeFiles/serial_test.dir/all] Error 2
make: *** [Makefile:141: all] Error 2
