[0.000000] (-) TimerEvent: {}
[0.000166] (-) JobUnselected: {'identifier': 'astra_camera'}
[0.000189] (-) JobUnselected: {'identifier': 'robot'}
[0.000201] (-) JobUnselected: {'identifier': 'robot_sim'}
[0.000228] (-) JobUnselected: {'identifier': 'robot_sim_2'}
[0.000241] (-) JobUnselected: {'identifier': 'rplidar_ros2'}
[0.000271] (-) JobUnselected: {'identifier': 'teleop_twist_keyboard'}
[0.000287] (serial_test) JobQueued: {'identifier': 'serial_test', 'dependencies': OrderedDict()}
[0.000940] (serial_test) JobStarted: {'identifier': 'serial_test'}
[0.011170] (serial_test) JobProgress: {'identifier': 'serial_test', 'progress': 'cmake'}
[0.012539] (serial_test) JobProgress: {'identifier': 'serial_test', 'progress': 'build'}
[0.012583] (serial_test) Command: {'cmd': ['/usr/bin/cmake', '--build', '/home/fzq614/My_ROS_Robot/ROS-WorkSpace/ROS2-Robot-WS/build/serial_test', '--', '-j4', '-l4'], 'cwd': '/home/fzq614/My_ROS_Robot/ROS-WorkSpace/ROS2-Robot-WS/build/serial_test', 'env': OrderedDict([('GJS_DEBUG_TOPICS', 'JS ERROR;JS LOG'), ('LESSOPEN', '| /usr/bin/lesspipe %s'), ('USER', 'fzq614'), ('SSH_AGENT_PID', '1672'), ('XDG_SESSION_TYPE', 'x11'), ('SHLVL', '1'), ('LD_LIBRARY_PATH', '/home/fzq614/My_ROS_Robot/ROS-WorkSpace/ROS2-Robot-WS/install/lib:/opt/ros/galactic/opt/yaml_cpp_vendor/lib:/opt/ros/galactic/opt/rviz_ogre_vendor/lib:/opt/ros/galactic/lib/x86_64-linux-gnu:/opt/ros/galactic/lib'), ('HOME', '/home/fzq614'), ('OLDPWD', '/home/fzq614'), ('DESKTOP_SESSION', 'ubuntu'), ('ROS_PYTHON_VERSION', '3'), ('GNOME_SHELL_SESSION_MODE', 'ubuntu'), ('GTK_MODULES', 'gail:atk-bridge'), ('MANAGERPID', '1500'), ('DBUS_SESSION_BUS_ADDRESS', 'unix:path=/run/user/1000/bus'), ('COLORTERM', 'truecolor'), ('IM_CONFIG_PHASE', '1'), ('COLCON_PREFIX_PATH', '/home/fzq614/My_ROS_Robot/ROS-WorkSpace/ROS2-Robot-WS/install'), ('ROS_DISTRO', 'galactic'), ('LOGNAME', 'fzq614'), ('JOURNAL_STREAM', '8:58135'), ('_', '/usr/bin/colcon'), ('ROS_VERSION', '2'), ('XDG_SESSION_CLASS', 'user'), ('USERNAME', 'fzq614'), ('TERM', 'xterm-256color'), ('GNOME_DESKTOP_SESSION_ID', 'this-is-deprecated'), ('ROS_LOCALHOST_ONLY', '0'), ('WINDOWPATH', '2'), ('PATH', '/opt/ros/galactic/bin:/usr/local/sbin:/usr/local/bin:/usr/sbin:/usr/bin:/sbin:/bin:/usr/games:/usr/local/games:/snap/bin'), ('SESSION_MANAGER', 'local/ubuntu:@/tmp/.ICE-unix/1707,unix/ubuntu:/tmp/.ICE-unix/1707'), ('INVOCATION_ID', '082eb5c616bc4b0cb35bf0b2c2453f6c'), ('XDG_MENU_PREFIX', 'gnome-'), ('GNOME_TERMINAL_SCREEN', '/org/gnome/Terminal/screen/084a1afb_2a9e_46b7_bbf1_1988db2c29e6'), ('XDG_RUNTIME_DIR', '/run/user/1000'), ('DISPLAY', ':0'), ('LANG', 'en_US.UTF-8'), ('XDG_CURRENT_DESKTOP', 'ubuntu:GNOME'), ('XMODIFIERS', '@im=ibus'), ('XDG_SESSION_DESKTOP', 'ubuntu'), ('XAUTHORITY', '/run/user/1000/gdm/Xauthority'), ('LS_COLORS', 'rs=0:di=01;34:ln=01;36:mh=00:pi=40;33:so=01;35:do=01;35:bd=40;33;01:cd=40;33;01:or=40;31;01:mi=00:su=37;41:sg=30;43:ca=30;41:tw=30;42:ow=34;42:st=37;44:ex=01;32:*.tar=01;31:*.tgz=01;31:*.arc=01;31:*.arj=01;31:*.taz=01;31:*.lha=01;31:*.lz4=01;31:*.lzh=01;31:*.lzma=01;31:*.tlz=01;31:*.txz=01;31:*.tzo=01;31:*.t7z=01;31:*.zip=01;31:*.z=01;31:*.dz=01;31:*.gz=01;31:*.lrz=01;31:*.lz=01;31:*.lzo=01;31:*.xz=01;31:*.zst=01;31:*.tzst=01;31:*.bz2=01;31:*.bz=01;31:*.tbz=01;31:*.tbz2=01;31:*.tz=01;31:*.deb=01;31:*.rpm=01;31:*.jar=01;31:*.war=01;31:*.ear=01;31:*.sar=01;31:*.rar=01;31:*.alz=01;31:*.ace=01;31:*.zoo=01;31:*.cpio=01;31:*.7z=01;31:*.rz=01;31:*.cab=01;31:*.wim=01;31:*.swm=01;31:*.dwm=01;31:*.esd=01;31:*.jpg=01;35:*.jpeg=01;35:*.mjpg=01;35:*.mjpeg=01;35:*.gif=01;35:*.bmp=01;35:*.pbm=01;35:*.pgm=01;35:*.ppm=01;35:*.tga=01;35:*.xbm=01;35:*.xpm=01;35:*.tif=01;35:*.tiff=01;35:*.png=01;35:*.svg=01;35:*.svgz=01;35:*.mng=01;35:*.pcx=01;35:*.mov=01;35:*.mpg=01;35:*.mpeg=01;35:*.m2v=01;35:*.mkv=01;35:*.webm=01;35:*.ogm=01;35:*.mp4=01;35:*.m4v=01;35:*.mp4v=01;35:*.vob=01;35:*.qt=01;35:*.nuv=01;35:*.wmv=01;35:*.asf=01;35:*.rm=01;35:*.rmvb=01;35:*.flc=01;35:*.avi=01;35:*.fli=01;35:*.flv=01;35:*.gl=01;35:*.dl=01;35:*.xcf=01;35:*.xwd=01;35:*.yuv=01;35:*.cgm=01;35:*.emf=01;35:*.ogv=01;35:*.ogx=01;35:*.aac=00;36:*.au=00;36:*.flac=00;36:*.m4a=00;36:*.mid=00;36:*.midi=00;36:*.mka=00;36:*.mp3=00;36:*.mpc=00;36:*.ogg=00;36:*.ra=00;36:*.wav=00;36:*.oga=00;36:*.opus=00;36:*.spx=00;36:*.xspf=00;36:'), ('GNOME_TERMINAL_SERVICE', ':1.106'), ('SSH_AUTH_SOCK', '/run/user/1000/keyring/ssh'), ('AMENT_PREFIX_PATH', '/home/fzq614/My_ROS_Robot/ROS-WorkSpace/ROS2-Robot-WS/install:/opt/ros/galactic'), ('SHELL', '/bin/bash'), ('QT_ACCESSIBILITY', '1'), ('GDMSESSION', 'ubuntu'), ('LESSCLOSE', '/usr/bin/lesspipe %s %s'), ('GPG_AGENT_INFO', '/run/user/1000/gnupg/S.gpg-agent:0:1'), ('GJS_DEBUG_OUTPUT', 'stderr'), ('QT_IM_MODULE', 'ibus'), ('PWD', '/home/fzq614/My_ROS_Robot/ROS-WorkSpace/ROS2-Robot-WS/build/serial_test'), ('XDG_CONFIG_DIRS', '/etc/xdg/xdg-ubuntu:/etc/xdg'), ('XDG_DATA_DIRS', '/usr/share/ubuntu:/usr/local/share/:/usr/share/:/var/lib/snapd/desktop'), ('PYTHONPATH', '/home/fzq614/My_ROS_Robot/ROS-WorkSpace/ROS2-Robot-WS/build/teleop_twist_keyboard:/home/fzq614/My_ROS_Robot/ROS-WorkSpace/ROS2-Robot-WS/install/lib/python3.8/site-packages:/opt/ros/galactic/lib/python3.8/site-packages'), ('COLCON', '1'), ('VTE_VERSION', '6003'), ('CMAKE_PREFIX_PATH', '/home/fzq614/My_ROS_Robot/ROS-WorkSpace/ROS2-Robot-WS/install:/opt/ros/galactic')]), 'shell': False}
[0.053992] (serial_test) StdoutLine: {'line': b'\x1b[35m\x1b[1mScanning dependencies of target serial_test\x1b[0m\n'}
[0.078167] (serial_test) StdoutLine: {'line': b'[ 33%] \x1b[32mBuilding CXX object CMakeFiles/serial_test.dir/src/serial_linux.cpp.o\x1b[0m\n'}
[0.100125] (-) TimerEvent: {}
[0.200542] (-) TimerEvent: {}
[0.301330] (-) TimerEvent: {}
[0.401716] (-) TimerEvent: {}
[0.502129] (-) TimerEvent: {}
[0.602524] (-) TimerEvent: {}
[0.702943] (-) TimerEvent: {}
[0.803381] (-) TimerEvent: {}
[0.903808] (-) TimerEvent: {}
[1.004560] (-) TimerEvent: {}
[1.104977] (-) TimerEvent: {}
[1.205372] (-) TimerEvent: {}
[1.305779] (-) TimerEvent: {}
[1.406175] (-) TimerEvent: {}
[1.506612] (-) TimerEvent: {}
[1.607004] (-) TimerEvent: {}
[1.635781] (serial_test) StderrLine: {'line': b'In file included from \x1b[01m\x1b[K/opt/ros/galactic/include/rclcpp/service.hpp:34\x1b[m\x1b[K,\n'}
[1.636093] (serial_test) StderrLine: {'line': b'                 from \x1b[01m\x1b[K/opt/ros/galactic/include/rclcpp/callback_group.hpp:25\x1b[m\x1b[K,\n'}
[1.636141] (serial_test) StderrLine: {'line': b'                 from \x1b[01m\x1b[K/opt/ros/galactic/include/rclcpp/any_executable.hpp:20\x1b[m\x1b[K,\n'}
[1.636181] (serial_test) StderrLine: {'line': b'                 from \x1b[01m\x1b[K/opt/ros/galactic/include/rclcpp/memory_strategy.hpp:25\x1b[m\x1b[K,\n'}
[1.636218] (serial_test) StderrLine: {'line': b'                 from \x1b[01m\x1b[K/opt/ros/galactic/include/rclcpp/memory_strategies.hpp:18\x1b[m\x1b[K,\n'}
[1.636255] (serial_test) StderrLine: {'line': b'                 from \x1b[01m\x1b[K/opt/ros/galactic/include/rclcpp/executor_options.hpp:20\x1b[m\x1b[K,\n'}
[1.636291] (serial_test) StderrLine: {'line': b'                 from \x1b[01m\x1b[K/opt/ros/galactic/include/rclcpp/executor.hpp:36\x1b[m\x1b[K,\n'}
[1.636345] (serial_test) StderrLine: {'line': b'                 from \x1b[01m\x1b[K/opt/ros/galactic/include/rclcpp/executors/multi_threaded_executor.hpp:26\x1b[m\x1b[K,\n'}
[1.636386] (serial_test) StderrLine: {'line': b'                 from \x1b[01m\x1b[K/opt/ros/galactic/include/rclcpp/executors.hpp:21\x1b[m\x1b[K,\n'}
[1.636423] (serial_test) StderrLine: {'line': b'                 from \x1b[01m\x1b[K/opt/ros/galactic/include/rclcpp/rclcpp.hpp:156\x1b[m\x1b[K,\n'}
[1.636460] (serial_test) StderrLine: {'line': b'                 from \x1b[01m\x1b[K/home/fzq614/My_ROS_Robot/ROS-WorkSpace/ROS2-Robot-WS/src/serial_test/src/serial_linux.hpp:4\x1b[m\x1b[K,\n'}
[1.636497] (serial_test) StderrLine: {'line': b'                 from \x1b[01m\x1b[K/home/fzq614/My_ROS_Robot/ROS-WorkSpace/ROS2-Robot-WS/src/serial_test/src/serial_linux.cpp:1\x1b[m\x1b[K:\n'}
[1.636534] (serial_test) StderrLine: {'line': b'\x1b[01m\x1b[K/home/fzq614/My_ROS_Robot/ROS-WorkSpace/ROS2-Robot-WS/src/serial_test/src/serial_linux.cpp:\x1b[m\x1b[K In member function \xe2\x80\x98\x1b[01m\x1b[Kvoid Serial::SerialWrite(double*, unsigned char, unsigned char)\x1b[m\x1b[K\xe2\x80\x99:\n'}
[1.636584] (serial_test) StderrLine: {'line': b'\x1b[01m\x1b[K/home/fzq614/My_ROS_Robot/ROS-WorkSpace/ROS2-Robot-WS/src/serial_test/src/serial_linux.cpp:94:24:\x1b[m\x1b[K \x1b[01;31m\x1b[Kerror: \x1b[m\x1b[K\xe2\x80\x98\x1b[01m\x1b[Kclass Serial\x1b[m\x1b[K\xe2\x80\x99 has no member named \xe2\x80\x98\x1b[01m\x1b[Kget_logger\x1b[m\x1b[K\xe2\x80\x99\n'}
[1.636623] (serial_test) StderrLine: {'line': b'     RCLCPP_DEBUG(this->\x1b[01;31m\x1b[Kget_logger\x1b[m\x1b[K(), "Serial Write Debug");\n'}
[1.636661] (serial_test) StderrLine: {'line': b'                        \x1b[01;31m\x1b[K^~~~~~~~~~\x1b[m\x1b[K\n'}
[1.636697] (serial_test) StderrLine: {'line': b'\x1b[01m\x1b[K/home/fzq614/My_ROS_Robot/ROS-WorkSpace/ROS2-Robot-WS/src/serial_test/src/serial_linux.cpp:94:24:\x1b[m\x1b[K \x1b[01;31m\x1b[Kerror: \x1b[m\x1b[K\xe2\x80\x98\x1b[01m\x1b[Kclass Serial\x1b[m\x1b[K\xe2\x80\x99 has no member named \xe2\x80\x98\x1b[01m\x1b[Kget_logger\x1b[m\x1b[K\xe2\x80\x99\n'}
[1.636735] (serial_test) StderrLine: {'line': b'\x1b[01m\x1b[K/home/fzq614/My_ROS_Robot/ROS-WorkSpace/ROS2-Robot-WS/src/serial_test/src/serial_linux.cpp:94:5:\x1b[m\x1b[K \x1b[01;31m\x1b[Kerror: \x1b[m\x1b[Ktemplate argument 1 is invalid\n'}
[1.636772] (serial_test) StderrLine: {'line': b'     \x1b[01;31m\x1b[KRCLCPP_DEBUG\x1b[m\x1b[K(this->get_logger(), "Serial Write Debug");\n'}
[1.636809] (serial_test) StderrLine: {'line': b'     \x1b[01;31m\x1b[K^~~~~~~~~~~~\x1b[m\x1b[K\n'}
[1.636867] (serial_test) StderrLine: {'line': b'\x1b[01m\x1b[K/home/fzq614/My_ROS_Robot/ROS-WorkSpace/ROS2-Robot-WS/src/serial_test/src/serial_linux.cpp:94:5:\x1b[m\x1b[K \x1b[01;31m\x1b[Kerror: \x1b[m\x1b[Ktemplate argument 1 is invalid\n'}
[1.636908] (serial_test) StderrLine: {'line': b'     \x1b[01;31m\x1b[KRCLCPP_DEBUG\x1b[m\x1b[K(this->get_logger(), "Serial Write Debug");\n'}
[1.636946] (serial_test) StderrLine: {'line': b'     \x1b[01;31m\x1b[K^~~~~~~~~~~~\x1b[m\x1b[K\n'}
[1.636985] (serial_test) StderrLine: {'line': b'\x1b[01m\x1b[K/home/fzq614/My_ROS_Robot/ROS-WorkSpace/ROS2-Robot-WS/src/serial_test/src/serial_linux.cpp:94:5:\x1b[m\x1b[K \x1b[01;31m\x1b[Kerror: \x1b[m\x1b[Ktemplate argument 1 is invalid\n'}
[1.637021] (serial_test) StderrLine: {'line': b'     \x1b[01;31m\x1b[KRCLCPP_DEBUG\x1b[m\x1b[K(this->get_logger(), "Serial Write Debug");\n'}
[1.637059] (serial_test) StderrLine: {'line': b'     \x1b[01;31m\x1b[K^~~~~~~~~~~~\x1b[m\x1b[K\n'}
[1.637098] (serial_test) StderrLine: {'line': b'In file included from \x1b[01m\x1b[K/opt/ros/galactic/include/rclcpp/client.hpp:40\x1b[m\x1b[K,\n'}
[1.637151] (serial_test) StderrLine: {'line': b'                 from \x1b[01m\x1b[K/opt/ros/galactic/include/rclcpp/callback_group.hpp:23\x1b[m\x1b[K,\n'}
[1.637188] (serial_test) StderrLine: {'line': b'                 from \x1b[01m\x1b[K/opt/ros/galactic/include/rclcpp/any_executable.hpp:20\x1b[m\x1b[K,\n'}
[1.637225] (serial_test) StderrLine: {'line': b'                 from \x1b[01m\x1b[K/opt/ros/galactic/include/rclcpp/memory_strategy.hpp:25\x1b[m\x1b[K,\n'}
[1.637262] (serial_test) StderrLine: {'line': b'                 from \x1b[01m\x1b[K/opt/ros/galactic/include/rclcpp/memory_strategies.hpp:18\x1b[m\x1b[K,\n'}
[1.637300] (serial_test) StderrLine: {'line': b'                 from \x1b[01m\x1b[K/opt/ros/galactic/include/rclcpp/executor_options.hpp:20\x1b[m\x1b[K,\n'}
[1.637355] (serial_test) StderrLine: {'line': b'                 from \x1b[01m\x1b[K/opt/ros/galactic/include/rclcpp/executor.hpp:36\x1b[m\x1b[K,\n'}
[1.637399] (serial_test) StderrLine: {'line': b'                 from \x1b[01m\x1b[K/opt/ros/galactic/include/rclcpp/executors/multi_threaded_executor.hpp:26\x1b[m\x1b[K,\n'}
[1.637438] (serial_test) StderrLine: {'line': b'                 from \x1b[01m\x1b[K/opt/ros/galactic/include/rclcpp/executors.hpp:21\x1b[m\x1b[K,\n'}
[1.637475] (serial_test) StderrLine: {'line': b'                 from \x1b[01m\x1b[K/opt/ros/galactic/include/rclcpp/rclcpp.hpp:156\x1b[m\x1b[K,\n'}
[1.637517] (serial_test) StderrLine: {'line': b'                 from \x1b[01m\x1b[K/home/fzq614/My_ROS_Robot/ROS-WorkSpace/ROS2-Robot-WS/src/serial_test/src/serial_linux.hpp:4\x1b[m\x1b[K,\n'}
[1.637555] (serial_test) StderrLine: {'line': b'                 from \x1b[01m\x1b[K/home/fzq614/My_ROS_Robot/ROS-WorkSpace/ROS2-Robot-WS/src/serial_test/src/serial_linux.cpp:1\x1b[m\x1b[K:\n'}
[1.637595] (serial_test) StderrLine: {'line': b'\x1b[01m\x1b[K/home/fzq614/My_ROS_Robot/ROS-WorkSpace/ROS2-Robot-WS/src/serial_test/src/serial_linux.cpp:94:24:\x1b[m\x1b[K \x1b[01;31m\x1b[Kerror: \x1b[m\x1b[K\xe2\x80\x98\x1b[01m\x1b[Kclass Serial\x1b[m\x1b[K\xe2\x80\x99 has no member named \xe2\x80\x98\x1b[01m\x1b[Kget_logger\x1b[m\x1b[K\xe2\x80\x99\n'}
[1.637635] (serial_test) StderrLine: {'line': b'     RCLCPP_DEBUG(this->\x1b[01;31m\x1b[Kget_logger\x1b[m\x1b[K(), "Serial Write Debug");\n'}
[1.637672] (serial_test) StderrLine: {'line': b'                        \x1b[01;31m\x1b[K^~~~~~~~~~\x1b[m\x1b[K\n'}
[1.637709] (serial_test) StderrLine: {'line': b'\x1b[01m\x1b[K/home/fzq614/My_ROS_Robot/ROS-WorkSpace/ROS2-Robot-WS/src/serial_test/src/serial_linux.cpp:94:24:\x1b[m\x1b[K \x1b[01;31m\x1b[Kerror: \x1b[m\x1b[K\xe2\x80\x98\x1b[01m\x1b[Kclass Serial\x1b[m\x1b[K\xe2\x80\x99 has no member named \xe2\x80\x98\x1b[01m\x1b[Kget_logger\x1b[m\x1b[K\xe2\x80\x99\n'}
[1.637747] (serial_test) StderrLine: {'line': b'     RCLCPP_DEBUG(this->\x1b[01;31m\x1b[Kget_logger\x1b[m\x1b[K(), "Serial Write Debug");\n'}
[1.637786] (serial_test) StderrLine: {'line': b'                        \x1b[01;31m\x1b[K^~~~~~~~~~\x1b[m\x1b[K\n'}
[1.707476] (-) TimerEvent: {}
[1.808275] (-) TimerEvent: {}
[1.908734] (-) TimerEvent: {}
[2.009088] (-) TimerEvent: {}
[2.068504] (serial_test) StderrLine: {'line': b'make[2]: *** [CMakeFiles/serial_test.dir/build.make:76: CMakeFiles/serial_test.dir/src/serial_linux.cpp.o] Error 1\n'}
[2.068892] (serial_test) StderrLine: {'line': b'make[1]: *** [CMakeFiles/Makefile2:78: CMakeFiles/serial_test.dir/all] Error 2\n'}
[2.068989] (serial_test) StderrLine: {'line': b'make: *** [Makefile:141: all] Error 2\n'}
[2.070821] (serial_test) CommandEnded: {'returncode': 2}
[2.109390] (-) TimerEvent: {}
[2.113835] (serial_test) JobEnded: {'identifier': 'serial_test', 'rc': 2}
[2.124674] (-) EventReactorShutdown: {}
