[0.017s] Invoking command in '/home/fzq614/My_ROS_Robot/ROS-WorkSpace/ROS2-Robot-WS/build/astra_camera': CMAKE_PREFIX_PATH=${CMAKE_PREFIX_PATH}:/opt/ros/galactic /usr/bin/cmake /home/fzq614/My_ROS_Robot/ROS-WorkSpace/ROS2-Robot-WS/src/third_pkg/ros_astra_camera -DAMENT_CMAKE_SYMLINK_INSTALL=1 -DCMAKE_INSTALL_PREFIX=/home/fzq614/My_ROS_Robot/ROS-WorkSpace/ROS2-Robot-WS/install
[0.165s] -- The C compiler identification is GNU 8.4.0
[0.252s] -- The CXX compiler identification is GNU 8.4.0
[0.265s] -- Check for working C compiler: /usr/bin/cc
[0.358s] -- Check for working C compiler: /usr/bin/cc -- works
[0.361s] -- Detecting C compiler ABI info
[0.448s] -- Detecting C compiler ABI info - done
[0.460s] -- Detecting C compile features
[0.461s] -- Detecting C compile features - done
[0.467s] -- Check for working CXX compiler: /usr/bin/c++
[0.565s] -- Check for working CXX compiler: /usr/bin/c++ -- works
[0.566s] -- Detecting CXX compiler ABI info
[0.661s] -- Detecting CXX compiler ABI info - done
[0.672s] -- Detecting CXX compile features
[0.673s] -- Detecting CXX compile features - done
[0.682s] -- Found ament_cmake: 1.1.4 (/opt/ros/galactic/share/ament_cmake/cmake)
[0.723s] -- Found PythonInterp: /usr/bin/python3 (found suitable version "3.8.10", minimum required is "3") 
[0.723s] -- Using PYTHON_EXECUTABLE: /usr/bin/python3
[0.799s] -- Override CMake install command with custom implementation using symlinks instead of copying resources
[0.843s] -- Found rclcpp: 9.2.0 (/opt/ros/galactic/share/rclcpp/cmake)
[0.914s] -- Using all available rosidl_typesupport_c: rosidl_typesupport_fastrtps_c;rosidl_typesupport_introspection_c
[0.923s] -- Found rosidl_adapter: 2.2.1 (/opt/ros/galactic/share/rosidl_adapter/cmake)
[1.045s] -- Found OpenSSL: /usr/lib/x86_64-linux-gnu/libcrypto.so (found version "1.1.1f")  
[1.078s] -- Found FastRTPS: /opt/ros/galactic/include  
[1.182s] -- Using all available rosidl_typesupport_cpp: rosidl_typesupport_fastrtps_cpp;rosidl_typesupport_introspection_cpp
[1.277s] -- Found rmw_implementation_cmake: 3.3.1 (/opt/ros/galactic/share/rmw_implementation_cmake/cmake)
[1.282s] -- Found rmw_cyclonedds_cpp: 0.22.4 (/opt/ros/galactic/share/rmw_cyclonedds_cpp/cmake)
[1.312s] -- Using RMW implementation 'rmw_cyclonedds_cpp' as default
[1.315s] -- Looking for pthread.h
[1.428s] -- Looking for pthread.h - found
[1.428s] -- Performing Test CMAKE_HAVE_LIBC_PTHREAD
[1.521s] -- Performing Test CMAKE_HAVE_LIBC_PTHREAD - Failed
[1.522s] -- Looking for pthread_create in pthreads
[1.598s] -- Looking for pthread_create in pthreads - not found
[1.599s] -- Looking for pthread_create in pthread
[1.703s] -- Looking for pthread_create in pthread - found
[1.704s] -- Found Threads: TRUE  
[1.888s] -- Found sensor_msgs: 2.2.3 (/opt/ros/galactic/share/sensor_msgs/cmake)
[2.028s] -- Found Boost: /usr/lib/x86_64-linux-gnu/cmake/Boost-1.71.0/BoostConfig.cmake (found version "1.71.0") found components: system thread 
[2.159s] -- Configuring done
[2.178s] -- Generating done
[2.180s] -- Build files have been written to: /home/fzq614/My_ROS_Robot/ROS-WorkSpace/ROS2-Robot-WS/build/astra_camera
[2.194s] Invoked command in '/home/fzq614/My_ROS_Robot/ROS-WorkSpace/ROS2-Robot-WS/build/astra_camera' returned '0': CMAKE_PREFIX_PATH=${CMAKE_PREFIX_PATH}:/opt/ros/galactic /usr/bin/cmake /home/fzq614/My_ROS_Robot/ROS-WorkSpace/ROS2-Robot-WS/src/third_pkg/ros_astra_camera -DAMENT_CMAKE_SYMLINK_INSTALL=1 -DCMAKE_INSTALL_PREFIX=/home/fzq614/My_ROS_Robot/ROS-WorkSpace/ROS2-Robot-WS/install
[2.195s] Invoking command in '/home/fzq614/My_ROS_Robot/ROS-WorkSpace/ROS2-Robot-WS/build/astra_camera': CMAKE_PREFIX_PATH=${CMAKE_PREFIX_PATH}:/opt/ros/galactic /usr/bin/cmake --build /home/fzq614/My_ROS_Robot/ROS-WorkSpace/ROS2-Robot-WS/build/astra_camera -- -j4 -l4
[2.254s] [35m[1mScanning dependencies of target astra_openni2[0m
[2.272s] [  4%] [34m[1mCreating directories for 'astra_openni2'[0m
[2.369s] [  9%] [34m[1mPerforming download step (git clone) for 'astra_openni2'[0m
[2.394s] Cloning into 'astra_openni2'...
[7.403s] Switched to a new branch 'orbbec_ros'
[7.404s] Branch 'orbbec_ros' set up to track remote branch 'orbbec_ros' from 'origin'.
[7.510s] [ 14%] [34m[1mPerforming patch step for 'astra_openni2'[0m
[7.511s] [ 19%] [34m[1mPerforming update step for 'astra_openni2'[0m
[7.517s] patching file Source/Drivers/orbbec/Formats/XnFormatsMirror.cpp
[7.517s] patching file Source/Drivers/orbbec/Sensor/XnFrameStreamProcessor.cpp
[7.517s] patching file Source/Drivers/orbbec/Sensor/XnSensorFirmwareParams.cpp
[369.357s] make[2]: *** [CMakeFiles/astra_openni2.dir/build.make:96: astra_openni2/src/astra_openni2-stamp/astra_openni2-update] Interrupt
[369.357s] make[1]: *** [CMakeFiles/Makefile2:168: CMakeFiles/astra_openni2.dir/all] Interrupt
[369.358s] make: *** [Makefile:141: all] Interrupt
[369.361s] Invoked command in '/home/fzq614/My_ROS_Robot/ROS-WorkSpace/ROS2-Robot-WS/build/astra_camera' returned '-2': CMAKE_PREFIX_PATH=${CMAKE_PREFIX_PATH}:/opt/ros/galactic /usr/bin/cmake --build /home/fzq614/My_ROS_Robot/ROS-WorkSpace/ROS2-Robot-WS/build/astra_camera -- -j4 -l4
