[0.013s] Invoking command in '/home/fzq614/My_ROS_Robot/ROS-WorkSpace/ROS2-Robot-WS/build/serial_test': CMAKE_PREFIX_PATH=${CMAKE_PREFIX_PATH}:/opt/ros/galactic /usr/bin/cmake --build /home/fzq614/My_ROS_Robot/ROS-WorkSpace/ROS2-Robot-WS/build/serial_test -- -j4 -l4
[0.057s] [35m[1mScanning dependencies of target serial_test[0m
[0.081s] [ 33%] [32mBuilding CXX object CMakeFiles/serial_test.dir/src/serial_linux.cpp.o[0m
[1.644s] [01m[K/home/fzq614/My_ROS_Robot/ROS-WorkSpace/ROS2-Robot-WS/src/serial_test/src/serial_linux.cpp:[m[K In member function â€˜[01m[Kbool Serial::SerialInit(const string&)[m[Kâ€™:
[1.644s] [01m[K/home/fzq614/My_ROS_Robot/ROS-WorkSpace/ROS2-Robot-WS/src/serial_test/src/serial_linux.cpp:67:9:[m[K [01;31m[Kerror: [m[Kâ€˜[01m[Kfailed[m[Kâ€™ does not name a type; did you mean â€˜[01m[Kfadd[m[Kâ€™?
[1.644s]      new [01;31m[Kfailed[m[K
[1.644s]          [01;31m[K^~~~~~[m[K
[1.645s]          [32m[Kfadd[m[K
[2.080s] make[2]: *** [CMakeFiles/serial_test.dir/build.make:76: CMakeFiles/serial_test.dir/src/serial_linux.cpp.o] Error 1
[2.080s] make[1]: *** [CMakeFiles/Makefile2:78: CMakeFiles/serial_test.dir/all] Error 2
[2.080s] make: *** [Makefile:141: all] Error 2
[2.085s] Invoked command in '/home/fzq614/My_ROS_Robot/ROS-WorkSpace/ROS2-Robot-WS/build/serial_test' returned '2': CMAKE_PREFIX_PATH=${CMAKE_PREFIX_PATH}:/opt/ros/galactic /usr/bin/cmake --build /home/fzq614/My_ROS_Robot/ROS-WorkSpace/ROS2-Robot-WS/build/serial_test -- -j4 -l4
