[01m[K/home/fzq614/My_ROS_Robot/ROS-WorkSpace/ROS2-Robot-WS/src/third_pkg/Serial_Linux/src/serial_test.cpp:[m[K In constructor â€˜[01m[KSerialNode::SerialNode()[m[Kâ€™:
[01m[K/home/fzq614/My_ROS_Robot/ROS-WorkSpace/ROS2-Robot-WS/src/third_pkg/Serial_Linux/src/serial_test.cpp:38:54:[m[K [01;31m[Kerror: [m[KISO C++ forbids taking the address of a bound member function to form a pointer to member function.  Say â€˜[01m[K&Serial::read_from_serial[m[Kâ€™ [[01;31m[K-fpermissive[m[K]
         std::thread recv_thread(std::bind(&my_serial.[01;31m[Kread_from_serial[m[K,this));
                                                      [01;31m[K^~~~~~~~~~~~~~~~[m[K
In file included from [01m[K/usr/include/c++/8/future:39[m[K,
                 from [01m[K/opt/ros/galactic/include/rclcpp/executors.hpp:18[m[K,
                 from [01m[K/opt/ros/galactic/include/rclcpp/rclcpp.hpp:156[m[K,
                 from [01m[K/home/fzq614/My_ROS_Robot/ROS-WorkSpace/ROS2-Robot-WS/src/third_pkg/Serial_Linux/src/serial_test.cpp:1[m[K:
/usr/include/c++/8/thread: In instantiation of â€˜[01m[Kstd::thread::thread(_Callable&&, _Args&& ...) [with _Callable = std::_Bind<void (Serial::*(SerialNode*))()>; _Args = {}; <template-parameter-1-3> = void][m[Kâ€™:
[01m[K/home/fzq614/My_ROS_Robot/ROS-WorkSpace/ROS2-Robot-WS/src/third_pkg/Serial_Linux/src/serial_test.cpp:38:76:[m[K   required from here
[01m[K/usr/include/c++/8/thread:120:17:[m[K [01;31m[Kerror: [m[Kstatic assertion failed: std::thread arguments must be invocable after conversion to rvalues
  static_assert( [01;31m[K__is_invocable<typename decay<_Callable>::type,[m[K
                 [01;31m[K^~~~~~~~~~~~~~~~~~~~~~~~~~~~~~~~~~~~~~~~~~~~~~~[m[K
 [01;31m[K          typename decay<_Args>::type...>[m[K::value,
           [01;31m[K~~~~~~~~~~~~~~~~~~~~~~~~~~~~~~~[m[K
/usr/include/c++/8/thread: In instantiation of â€˜[01m[Kstruct std::thread::_Invoker<std::tuple<std::_Bind<void (Serial::*(SerialNode*))()> > >[m[Kâ€™:
[01m[K/usr/include/c++/8/thread:132:22:[m[K   required from â€˜[01m[Kstd::thread::thread(_Callable&&, _Args&& ...) [with _Callable = std::_Bind<void (Serial::*(SerialNode*))()>; _Args = {}; <template-parameter-1-3> = void][m[Kâ€™
[01m[K/home/fzq614/My_ROS_Robot/ROS-WorkSpace/ROS2-Robot-WS/src/third_pkg/Serial_Linux/src/serial_test.cpp:38:76:[m[K   required from here
[01m[K/usr/include/c++/8/thread:250:2:[m[K [01;31m[Kerror: [m[Kno matching function for call to â€˜[01m[Kstd::thread::_Invoker<std::tuple<std::_Bind<void (Serial::*(SerialNode*))()> > >::_M_invoke(std::thread::_Invoker<std::tuple<std::_Bind<void (Serial::*(SerialNode*))()> > >::_Indices)[m[Kâ€™
  [01;31m[Koperator[m[K()()
  [01;31m[K^~~~~~~~[m[K
[01m[K/usr/include/c++/8/thread:241:4:[m[K [01;36m[Knote: [m[Kcandidate: â€˜[01m[Ktemplate<long unsigned int ..._Ind> decltype (std::__invoke((_S_declval<_Ind>)()...)) std::thread::_Invoker<_Tuple>::_M_invoke(std::_Index_tuple<_Ind ...>) [with long unsigned int ..._Ind = {_Ind ...}; _Tuple = std::tuple<std::_Bind<void (Serial::*(SerialNode*))()> >][m[Kâ€™
    [01;36m[K_M_invoke[m[K(_Index_tuple<_Ind...>)
    [01;36m[K^~~~~~~~~[m[K
[01m[K/usr/include/c++/8/thread:241:4:[m[K [01;36m[Knote: [m[K  template argument deduction/substitution failed:
/usr/include/c++/8/thread: In substitution of â€˜[01m[Ktemplate<long unsigned int ..._Ind> decltype (std::__invoke(_S_declval<_Ind>()...)) std::thread::_Invoker<std::tuple<std::_Bind<void (Serial::*(SerialNode*))()> > >::_M_invoke<_Ind ...>(std::_Index_tuple<_Ind ...>) [with long unsigned int ..._Ind = {0}][m[Kâ€™:
[01m[K/usr/include/c++/8/thread:250:2:[m[K   required from â€˜[01m[Kstruct std::thread::_Invoker<std::tuple<std::_Bind<void (Serial::*(SerialNode*))()> > >[m[Kâ€™
[01m[K/usr/include/c++/8/thread:132:22:[m[K   required from â€˜[01m[Kstd::thread::thread(_Callable&&, _Args&& ...) [with _Callable = std::_Bind<void (Serial::*(SerialNode*))()>; _Args = {}; <template-parameter-1-3> = void][m[Kâ€™
[01m[K/home/fzq614/My_ROS_Robot/ROS-WorkSpace/ROS2-Robot-WS/src/third_pkg/Serial_Linux/src/serial_test.cpp:38:76:[m[K   required from here
[01m[K/usr/include/c++/8/thread:243:29:[m[K [01;31m[Kerror: [m[Kno matching function for call to â€˜[01m[K__invoke(std::__tuple_element_t<0, std::tuple<std::_Bind<void (Serial::*(SerialNode*))()> > >)[m[Kâ€™
    -> decltype([01;31m[Kstd::__invoke(_S_declval<_Ind>()...)[m[K)
                [01;31m[K~~~~~~~~~~~~~^~~~~~~~~~~~~~~~~~~~~~~[m[K
In file included from [01m[K/usr/include/c++/8/tuple:41[m[K,
                 from [01m[K/usr/include/c++/8/bits/unique_ptr.h:37[m[K,
                 from [01m[K/usr/include/c++/8/memory:80[m[K,
                 from [01m[K/opt/ros/galactic/include/rclcpp/rclcpp.hpp:154[m[K,
                 from [01m[K/home/fzq614/My_ROS_Robot/ROS-WorkSpace/ROS2-Robot-WS/src/third_pkg/Serial_Linux/src/serial_test.cpp:1[m[K:
[01m[K/usr/include/c++/8/bits/invoke.h:89:5:[m[K [01;36m[Knote: [m[Kcandidate: â€˜[01m[Ktemplate<class _Callable, class ... _Args> constexpr typename std::__invoke_result<_Functor, _ArgTypes>::type std::__invoke(_Callable&&, _Args&& ...)[m[Kâ€™
     [01;36m[K__invoke[m[K(_Callable&& __fn, _Args&&... __args)
     [01;36m[K^~~~~~~~[m[K
[01m[K/usr/include/c++/8/bits/invoke.h:89:5:[m[K [01;36m[Knote: [m[K  template argument deduction/substitution failed:
/usr/include/c++/8/bits/invoke.h: In substitution of â€˜[01m[Ktemplate<class _Callable, class ... _Args> constexpr typename std::__invoke_result<_Functor, _ArgTypes>::type std::__invoke(_Callable&&, _Args&& ...) [with _Callable = std::_Bind<void (Serial::*(SerialNode*))()>; _Args = {}][m[Kâ€™:
[01m[K/usr/include/c++/8/thread:243:29:[m[K   required by substitution of â€˜[01m[Ktemplate<long unsigned int ..._Ind> decltype (std::__invoke(_S_declval<_Ind>()...)) std::thread::_Invoker<std::tuple<std::_Bind<void (Serial::*(SerialNode*))()> > >::_M_invoke<_Ind ...>(std::_Index_tuple<_Ind ...>) [with long unsigned int ..._Ind = {0}][m[Kâ€™
[01m[K/usr/include/c++/8/thread:250:2:[m[K   required from â€˜[01m[Kstruct std::thread::_Invoker<std::tuple<std::_Bind<void (Serial::*(SerialNode*))()> > >[m[Kâ€™
[01m[K/usr/include/c++/8/thread:132:22:[m[K   required from â€˜[01m[Kstd::thread::thread(_Callable&&, _Args&& ...) [with _Callable = std::_Bind<void (Serial::*(SerialNode*))()>; _Args = {}; <template-parameter-1-3> = void][m[Kâ€™
[01m[K/home/fzq614/My_ROS_Robot/ROS-WorkSpace/ROS2-Robot-WS/src/third_pkg/Serial_Linux/src/serial_test.cpp:38:76:[m[K   required from here
[01m[K/usr/include/c++/8/bits/invoke.h:89:5:[m[K [01;31m[Kerror: [m[Kno type named â€˜[01m[Ktype[m[Kâ€™ in â€˜[01m[Kstruct std::__invoke_result<std::_Bind<void (Serial::*(SerialNode*))()> >[m[Kâ€™
make[2]: *** [CMakeFiles/serial_test.dir/build.make:63: CMakeFiles/serial_test.dir/src/serial_test.cpp.o] Error 1
make[1]: *** [CMakeFiles/Makefile2:78: CMakeFiles/serial_test.dir/all] Error 2
make: *** [Makefile:141: all] Error 2
