[0.059s] Invoking command in '/home/fzq614/My_ROS_Robot/ROS-WorkSpace/ROS2-Robot-WS/build/serial_test': CMAKE_PREFIX_PATH=${CMAKE_PREFIX_PATH}:/opt/ros/galactic /usr/bin/cmake --build /home/fzq614/My_ROS_Robot/ROS-WorkSpace/ROS2-Robot-WS/build/serial_test -- -j4 -l4
[0.198s] [35m[1mScanning dependencies of target serial_test[0m
[0.302s] [ 33%] [32mBuilding CXX object CMakeFiles/serial_test.dir/src/serial_test.cpp.o[0m
[7.134s] [01m[K/home/fzq614/My_ROS_Robot/ROS-WorkSpace/ROS2-Robot-WS/src/third_pkg/Serial_Linux/src/serial_test.cpp:[m[K In constructor â€˜[01m[KSerialNode::SerialNode()[m[Kâ€™:
[7.135s] [01m[K/home/fzq614/My_ROS_Robot/ROS-WorkSpace/ROS2-Robot-WS/src/third_pkg/Serial_Linux/src/serial_test.cpp:38:54:[m[K [01;31m[Kerror: [m[KISO C++ forbids taking the address of a bound member function to form a pointer to member function.  Say â€˜[01m[K&Serial::read_from_serial[m[Kâ€™ [[01;31m[K-fpermissive[m[K]
[7.135s]          std::thread recv_thread(std::bind(&my_serial.[01;31m[Kread_from_serial[m[K,this));
[7.137s]                                                       [01;31m[K^~~~~~~~~~~~~~~~[m[K
[7.488s] In file included from [01m[K/usr/include/c++/8/future:39[m[K,
[7.488s]                  from [01m[K/opt/ros/galactic/include/rclcpp/executors.hpp:18[m[K,
[7.488s]                  from [01m[K/opt/ros/galactic/include/rclcpp/rclcpp.hpp:156[m[K,
[7.489s]                  from [01m[K/home/fzq614/My_ROS_Robot/ROS-WorkSpace/ROS2-Robot-WS/src/third_pkg/Serial_Linux/src/serial_test.cpp:1[m[K:
[7.489s] /usr/include/c++/8/thread: In instantiation of â€˜[01m[Kstd::thread::thread(_Callable&&, _Args&& ...) [with _Callable = std::_Bind<void (Serial::*(SerialNode*))()>; _Args = {}; <template-parameter-1-3> = void][m[Kâ€™:
[7.489s] [01m[K/home/fzq614/My_ROS_Robot/ROS-WorkSpace/ROS2-Robot-WS/src/third_pkg/Serial_Linux/src/serial_test.cpp:38:76:[m[K   required from here
[7.489s] [01m[K/usr/include/c++/8/thread:120:17:[m[K [01;31m[Kerror: [m[Kstatic assertion failed: std::thread arguments must be invocable after conversion to rvalues
[7.489s]   static_assert( [01;31m[K__is_invocable<typename decay<_Callable>::type,[m[K
[7.490s]                  [01;31m[K^~~~~~~~~~~~~~~~~~~~~~~~~~~~~~~~~~~~~~~~~~~~~~~[m[K
[7.490s]  [01;31m[K          typename decay<_Args>::type...>[m[K::value,
[7.490s]            [01;31m[K~~~~~~~~~~~~~~~~~~~~~~~~~~~~~~~[m[K
[7.498s] /usr/include/c++/8/thread: In instantiation of â€˜[01m[Kstruct std::thread::_Invoker<std::tuple<std::_Bind<void (Serial::*(SerialNode*))()> > >[m[Kâ€™:
[7.499s] [01m[K/usr/include/c++/8/thread:132:22:[m[K   required from â€˜[01m[Kstd::thread::thread(_Callable&&, _Args&& ...) [with _Callable = std::_Bind<void (Serial::*(SerialNode*))()>; _Args = {}; <template-parameter-1-3> = void][m[Kâ€™
[7.499s] [01m[K/home/fzq614/My_ROS_Robot/ROS-WorkSpace/ROS2-Robot-WS/src/third_pkg/Serial_Linux/src/serial_test.cpp:38:76:[m[K   required from here
[7.499s] [01m[K/usr/include/c++/8/thread:250:2:[m[K [01;31m[Kerror: [m[Kno matching function for call to â€˜[01m[Kstd::thread::_Invoker<std::tuple<std::_Bind<void (Serial::*(SerialNode*))()> > >::_M_invoke(std::thread::_Invoker<std::tuple<std::_Bind<void (Serial::*(SerialNode*))()> > >::_Indices)[m[Kâ€™
[7.499s]   [01;31m[Koperator[m[K()()
[7.499s]   [01;31m[K^~~~~~~~[m[K
[7.500s] [01m[K/usr/include/c++/8/thread:241:4:[m[K [01;36m[Knote: [m[Kcandidate: â€˜[01m[Ktemplate<long unsigned int ..._Ind> decltype (std::__invoke((_S_declval<_Ind>)()...)) std::thread::_Invoker<_Tuple>::_M_invoke(std::_Index_tuple<_Ind ...>) [with long unsigned int ..._Ind = {_Ind ...}; _Tuple = std::tuple<std::_Bind<void (Serial::*(SerialNode*))()> >][m[Kâ€™
[7.500s]     [01;36m[K_M_invoke[m[K(_Index_tuple<_Ind...>)
[7.500s]     [01;36m[K^~~~~~~~~[m[K
[7.500s] [01m[K/usr/include/c++/8/thread:241:4:[m[K [01;36m[Knote: [m[K  template argument deduction/substitution failed:
[7.500s] /usr/include/c++/8/thread: In substitution of â€˜[01m[Ktemplate<long unsigned int ..._Ind> decltype (std::__invoke(_S_declval<_Ind>()...)) std::thread::_Invoker<std::tuple<std::_Bind<void (Serial::*(SerialNode*))()> > >::_M_invoke<_Ind ...>(std::_Index_tuple<_Ind ...>) [with long unsigned int ..._Ind = {0}][m[Kâ€™:
[7.501s] [01m[K/usr/include/c++/8/thread:250:2:[m[K   required from â€˜[01m[Kstruct std::thread::_Invoker<std::tuple<std::_Bind<void (Serial::*(SerialNode*))()> > >[m[Kâ€™
[7.501s] [01m[K/usr/include/c++/8/thread:132:22:[m[K   required from â€˜[01m[Kstd::thread::thread(_Callable&&, _Args&& ...) [with _Callable = std::_Bind<void (Serial::*(SerialNode*))()>; _Args = {}; <template-parameter-1-3> = void][m[Kâ€™
[7.501s] [01m[K/home/fzq614/My_ROS_Robot/ROS-WorkSpace/ROS2-Robot-WS/src/third_pkg/Serial_Linux/src/serial_test.cpp:38:76:[m[K   required from here
[7.501s] [01m[K/usr/include/c++/8/thread:243:29:[m[K [01;31m[Kerror: [m[Kno matching function for call to â€˜[01m[K__invoke(std::__tuple_element_t<0, std::tuple<std::_Bind<void (Serial::*(SerialNode*))()> > >)[m[Kâ€™
[7.502s]     -> decltype([01;31m[Kstd::__invoke(_S_declval<_Ind>()...)[m[K)
[7.502s]                 [01;31m[K~~~~~~~~~~~~~^~~~~~~~~~~~~~~~~~~~~~~[m[K
[7.502s] In file included from [01m[K/usr/include/c++/8/tuple:41[m[K,
[7.502s]                  from [01m[K/usr/include/c++/8/bits/unique_ptr.h:37[m[K,
[7.503s]                  from [01m[K/usr/include/c++/8/memory:80[m[K,
[7.503s]                  from [01m[K/opt/ros/galactic/include/rclcpp/rclcpp.hpp:154[m[K,
[7.503s]                  from [01m[K/home/fzq614/My_ROS_Robot/ROS-WorkSpace/ROS2-Robot-WS/src/third_pkg/Serial_Linux/src/serial_test.cpp:1[m[K:
[7.503s] [01m[K/usr/include/c++/8/bits/invoke.h:89:5:[m[K [01;36m[Knote: [m[Kcandidate: â€˜[01m[Ktemplate<class _Callable, class ... _Args> constexpr typename std::__invoke_result<_Functor, _ArgTypes>::type std::__invoke(_Callable&&, _Args&& ...)[m[Kâ€™
[7.503s]      [01;36m[K__invoke[m[K(_Callable&& __fn, _Args&&... __args)
[7.504s]      [01;36m[K^~~~~~~~[m[K
[7.504s] [01m[K/usr/include/c++/8/bits/invoke.h:89:5:[m[K [01;36m[Knote: [m[K  template argument deduction/substitution failed:
[7.504s] /usr/include/c++/8/bits/invoke.h: In substitution of â€˜[01m[Ktemplate<class _Callable, class ... _Args> constexpr typename std::__invoke_result<_Functor, _ArgTypes>::type std::__invoke(_Callable&&, _Args&& ...) [with _Callable = std::_Bind<void (Serial::*(SerialNode*))()>; _Args = {}][m[Kâ€™:
[7.504s] [01m[K/usr/include/c++/8/thread:243:29:[m[K   required by substitution of â€˜[01m[Ktemplate<long unsigned int ..._Ind> decltype (std::__invoke(_S_declval<_Ind>()...)) std::thread::_Invoker<std::tuple<std::_Bind<void (Serial::*(SerialNode*))()> > >::_M_invoke<_Ind ...>(std::_Index_tuple<_Ind ...>) [with long unsigned int ..._Ind = {0}][m[Kâ€™
[7.504s] [01m[K/usr/include/c++/8/thread:250:2:[m[K   required from â€˜[01m[Kstruct std::thread::_Invoker<std::tuple<std::_Bind<void (Serial::*(SerialNode*))()> > >[m[Kâ€™
[7.505s] [01m[K/usr/include/c++/8/thread:132:22:[m[K   required from â€˜[01m[Kstd::thread::thread(_Callable&&, _Args&& ...) [with _Callable = std::_Bind<void (Serial::*(SerialNode*))()>; _Args = {}; <template-parameter-1-3> = void][m[Kâ€™
[7.505s] [01m[K/home/fzq614/My_ROS_Robot/ROS-WorkSpace/ROS2-Robot-WS/src/third_pkg/Serial_Linux/src/serial_test.cpp:38:76:[m[K   required from here
[7.505s] [01m[K/usr/include/c++/8/bits/invoke.h:89:5:[m[K [01;31m[Kerror: [m[Kno type named â€˜[01m[Ktype[m[Kâ€™ in â€˜[01m[Kstruct std::__invoke_result<std::_Bind<void (Serial::*(SerialNode*))()> >[m[Kâ€™
[9.024s] make[2]: *** [CMakeFiles/serial_test.dir/build.make:63: CMakeFiles/serial_test.dir/src/serial_test.cpp.o] Error 1
[9.024s] make[1]: *** [CMakeFiles/Makefile2:78: CMakeFiles/serial_test.dir/all] Error 2
[9.025s] make: *** [Makefile:141: all] Error 2
[9.032s] Invoked command in '/home/fzq614/My_ROS_Robot/ROS-WorkSpace/ROS2-Robot-WS/build/serial_test' returned '2': CMAKE_PREFIX_PATH=${CMAKE_PREFIX_PATH}:/opt/ros/galactic /usr/bin/cmake --build /home/fzq614/My_ROS_Robot/ROS-WorkSpace/ROS2-Robot-WS/build/serial_test -- -j4 -l4
