[0.076s] Invoking command in '/home/fzq614/My_ROS_Robot/ROS-WorkSpace/ROS2-Robot-WS/build/serial_test': CMAKE_PREFIX_PATH=${CMAKE_PREFIX_PATH}:/opt/ros/galactic /usr/bin/cmake --build /home/fzq614/My_ROS_Robot/ROS-WorkSpace/ROS2-Robot-WS/build/serial_test -- -j4 -l4
[0.277s] [35m[1mScanning dependencies of target serial_test[0m
[0.385s] [ 33%] [32mBuilding CXX object CMakeFiles/serial_test.dir/src/serial_test.cpp.o[0m
[0.386s] [ 66%] [32mBuilding CXX object CMakeFiles/serial_test.dir/src/serial_linux.cpp.o[0m
[8.952s] [01m[K/home/fzq614/My_ROS_Robot/ROS-WorkSpace/ROS2-Robot-WS/src/third_pkg/Serial_Linux/src/serial_linux.cpp:[m[K In static member function â€˜[01m[Kstatic void Serial::readHandler(const boost::system::error_code&, std::size_t)[m[Kâ€™:
[8.953s] [01m[K/home/fzq614/My_ROS_Robot/ROS-WorkSpace/ROS2-Robot-WS/src/third_pkg/Serial_Linux/src/serial_linux.cpp:84:59:[m[K [01;35m[Kwarning: [m[Kunused parameter â€˜[01m[Kerror[m[Kâ€™ [[01;35m[K-Wunused-parameter[m[K]
[8.953s]  void Serial::readHandler([01;35m[Kconst boost::system::error_code& error[m[K,std::size_t bytes_transferred)
[8.953s]                           [01;35m[K~~~~~~~~~~~~~~~~~~~~~~~~~~~~~~~~~^~~~~[m[K
[8.953s] [01m[K/home/fzq614/My_ROS_Robot/ROS-WorkSpace/ROS2-Robot-WS/src/third_pkg/Serial_Linux/src/serial_linux.cpp:84:77:[m[K [01;35m[Kwarning: [m[Kunused parameter â€˜[01m[Kbytes_transferred[m[Kâ€™ [[01;35m[K-Wunused-parameter[m[K]
[8.954s]  void Serial::readHandler(const boost::system::error_code& error,[01;35m[Kstd::size_t bytes_transferred[m[K)
[8.954s]                                                                  [01;35m[K~~~~~~~~~~~~^~~~~~~~~~~~~~~~~[m[K
[9.109s] [01m[K/home/fzq614/My_ROS_Robot/ROS-WorkSpace/ROS2-Robot-WS/src/third_pkg/Serial_Linux/src/serial_test.cpp:[m[K In constructor â€˜[01m[KSerialNode::SerialNode()[m[Kâ€™:
[9.109s] [01m[K/home/fzq614/My_ROS_Robot/ROS-WorkSpace/ROS2-Robot-WS/src/third_pkg/Serial_Linux/src/serial_test.cpp:38:16:[m[K [01;31m[Kerror: [m[Kâ€˜[01m[Kthread[m[Kâ€™ is not a member of â€˜[01m[Kboost[m[Kâ€™
[9.109s]          boost::[01;31m[Kthread[m[K recv_thread(boost::bind(&my_serial.read_from_serial,this));
[9.110s]                 [01;31m[K^~~~~~[m[K
[9.110s] [01m[K/home/fzq614/My_ROS_Robot/ROS-WorkSpace/ROS2-Robot-WS/src/third_pkg/Serial_Linux/src/serial_test.cpp:38:16:[m[K [01;36m[Knote: [m[Ksuggested alternative: â€˜[01m[Kthrows[m[Kâ€™
[9.110s]          boost::[01;36m[Kthread[m[K recv_thread(boost::bind(&my_serial.read_from_serial,this));
[9.111s]                 [01;36m[K^~~~~~[m[K
[9.111s]                 [32m[Kthrows[m[K
[11.339s] make[2]: *** [CMakeFiles/serial_test.dir/build.make:63: CMakeFiles/serial_test.dir/src/serial_test.cpp.o] Error 1
[11.340s] make[2]: *** Waiting for unfinished jobs....
[13.076s] make[1]: *** [CMakeFiles/Makefile2:78: CMakeFiles/serial_test.dir/all] Error 2
[13.078s] make: *** [Makefile:141: all] Error 2
[13.097s] Invoked command in '/home/fzq614/My_ROS_Robot/ROS-WorkSpace/ROS2-Robot-WS/build/serial_test' returned '2': CMAKE_PREFIX_PATH=${CMAKE_PREFIX_PATH}:/opt/ros/galactic /usr/bin/cmake --build /home/fzq614/My_ROS_Robot/ROS-WorkSpace/ROS2-Robot-WS/build/serial_test -- -j4 -l4
