[01m[K/home/fzq614/My_ROS_Robot/ROS-WorkSpace/ROS2-Robot-WS/src/serial_test/src/serial_linux.cpp:[m[K In function â€˜[01m[Kvoid write_to_serial()[m[Kâ€™:
[01m[K/home/fzq614/My_ROS_Robot/ROS-WorkSpace/ROS2-Robot-WS/src/serial_test/src/serial_linux.cpp:17:25:[m[K [01;31m[Kerror: [m[Kâ€˜[01m[Kserial_port_[m[Kâ€™ was not declared in this scope
     boost::asio::write(*[01;31m[Kserial_port_[m[K.get(), boost::asio::buffer("Hello world", 12));
                         [01;31m[K^~~~~~~~~~~~[m[K
[01m[K/home/fzq614/My_ROS_Robot/ROS-WorkSpace/ROS2-Robot-WS/src/serial_test/src/serial_linux.cpp:17:25:[m[K [01;36m[Knote: [m[Ksuggested alternative: â€˜[01m[Kin_port_t[m[Kâ€™
     boost::asio::write(*[01;36m[Kserial_port_[m[K.get(), boost::asio::buffer("Hello world", 12));
                         [01;36m[K^~~~~~~~~~~~[m[K
                         [32m[Kin_port_t[m[K
make[2]: *** [CMakeFiles/serial_test.dir/build.make:76: CMakeFiles/serial_test.dir/src/serial_linux.cpp.o] Error 1
make[2]: *** Waiting for unfinished jobs....
make[1]: *** [CMakeFiles/Makefile2:78: CMakeFiles/serial_test.dir/all] Error 2
make: *** [Makefile:141: all] Error 2
