[35m[1mScanning dependencies of target serial_test[0m
[ 33%] [32mBuilding CXX object CMakeFiles/serial_test.dir/src/serial_linux.cpp.o[0m
[ 66%] [32mBuilding CXX object CMakeFiles/serial_test.dir/src/serial_test.cpp.o[0m
[01m[K/home/fzq614/My_ROS_Robot/ROS-WorkSpace/ROS2-Robot-WS/src/serial_test/src/serial_test.cpp:[m[K In member function â€˜[01m[Kvoid SerialNode::timer_callback()[m[Kâ€™:
[01m[K/home/fzq614/My_ROS_Robot/ROS-WorkSpace/ROS2-Robot-WS/src/serial_test/src/serial_test.cpp:37:39:[m[K [01;31m[Kerror: [m[Kâ€˜[01m[Kclass Serial[m[Kâ€™ has no member named â€˜[01m[Kserial_port_[m[Kâ€™; did you mean â€˜[01m[KSerialInit[m[Kâ€™?
         boost::asio::write(*my_serial.[01;31m[Kserial_port_[m[K.get(), boost::asio::buffer("Hello world", 12));
                                       [01;31m[K^~~~~~~~~~~~[m[K
                                       [32m[KSerialInit[m[K
make[2]: *** [CMakeFiles/serial_test.dir/build.make:63: CMakeFiles/serial_test.dir/src/serial_test.cpp.o] Error 1
make[2]: *** Waiting for unfinished jobs....
make[1]: *** [CMakeFiles/Makefile2:78: CMakeFiles/serial_test.dir/all] Error 2
make: *** [Makefile:141: all] Error 2
