[0.011s] Invoking command in '/home/fzq614/My_ROS_Robot/ROS-WorkSpace/ROS2-Robot-WS/build/serial_test': CMAKE_PREFIX_PATH=${CMAKE_PREFIX_PATH}:/opt/ros/galactic /usr/bin/cmake --build /home/fzq614/My_ROS_Robot/ROS-WorkSpace/ROS2-Robot-WS/build/serial_test -- -j4 -l4
[0.053s] [35m[1mScanning dependencies of target serial_test[0m
[0.077s] [ 33%] [32mBuilding CXX object CMakeFiles/serial_test.dir/src/serial_test.cpp.o[0m
[1.598s] In file included from [01m[K/opt/ros/galactic/include/rclcpp/service.hpp:34[m[K,
[1.598s]                  from [01m[K/opt/ros/galactic/include/rclcpp/callback_group.hpp:25[m[K,
[1.598s]                  from [01m[K/opt/ros/galactic/include/rclcpp/any_executable.hpp:20[m[K,
[1.598s]                  from [01m[K/opt/ros/galactic/include/rclcpp/memory_strategy.hpp:25[m[K,
[1.598s]                  from [01m[K/opt/ros/galactic/include/rclcpp/memory_strategies.hpp:18[m[K,
[1.598s]                  from [01m[K/opt/ros/galactic/include/rclcpp/executor_options.hpp:20[m[K,
[1.598s]                  from [01m[K/opt/ros/galactic/include/rclcpp/executor.hpp:36[m[K,
[1.599s]                  from [01m[K/opt/ros/galactic/include/rclcpp/executors/multi_threaded_executor.hpp:26[m[K,
[1.599s]                  from [01m[K/opt/ros/galactic/include/rclcpp/executors.hpp:21[m[K,
[1.599s]                  from [01m[K/opt/ros/galactic/include/rclcpp/rclcpp.hpp:156[m[K,
[1.599s]                  from [01m[K/home/fzq614/My_ROS_Robot/ROS-WorkSpace/ROS2-Robot-WS/src/serial_test/src/serial_test.cpp:1[m[K:
[1.599s] [01m[K/home/fzq614/My_ROS_Robot/ROS-WorkSpace/ROS2-Robot-WS/src/serial_test/src/serial_test.cpp:[m[K In member function â€˜[01m[Kvoid SerialNode::timer_callback()[m[Kâ€™:
[1.599s] [01m[K/home/fzq614/My_ROS_Robot/ROS-WorkSpace/ROS2-Robot-WS/src/serial_test/src/serial_test.cpp:39:21:[m[K [01;31m[Kerror: [m[Kâ€˜[01m[Knode[m[Kâ€™ was not declared in this scope
[1.599s]          RCLCPP_INFO([01;31m[Knode[m[K->get_logger(), "ReceiveTest[0] = %f, ReceiveTest[1] = %f, ReceiveCodeTest = %d\n", ReceiveTest[0], ReceiveTest[1], ReceiveCodeTest);
[1.599s]                      [01;31m[K^~~~[m[K
[1.609s] [01m[K/home/fzq614/My_ROS_Robot/ROS-WorkSpace/ROS2-Robot-WS/src/serial_test/src/serial_test.cpp:39:21:[m[K [01;36m[Knote: [m[Ksuggested alternative: â€˜[01m[KNode[m[Kâ€™
[1.609s] [01m[K/home/fzq614/My_ROS_Robot/ROS-WorkSpace/ROS2-Robot-WS/src/serial_test/src/serial_test.cpp:39:9:[m[K [01;31m[Kerror: [m[Ktemplate argument 1 is invalid
[1.609s]          [01;31m[KRCLCPP_INFO[m[K(node->get_logger(), "ReceiveTest[0] = %f, ReceiveTest[1] = %f, ReceiveCodeTest = %d\n", ReceiveTest[0], ReceiveTest[1], ReceiveCodeTest);
[1.609s]          [01;31m[K^~~~~~~~~~~[m[K
[1.609s] [01m[K/home/fzq614/My_ROS_Robot/ROS-WorkSpace/ROS2-Robot-WS/src/serial_test/src/serial_test.cpp:39:9:[m[K [01;31m[Kerror: [m[Ktemplate argument 1 is invalid
[1.609s]          [01;31m[KRCLCPP_INFO[m[K(node->get_logger(), "ReceiveTest[0] = %f, ReceiveTest[1] = %f, ReceiveCodeTest = %d\n", ReceiveTest[0], ReceiveTest[1], ReceiveCodeTest);
[1.609s]          [01;31m[K^~~~~~~~~~~[m[K
[1.609s] [01m[K/home/fzq614/My_ROS_Robot/ROS-WorkSpace/ROS2-Robot-WS/src/serial_test/src/serial_test.cpp:39:9:[m[K [01;31m[Kerror: [m[Ktemplate argument 1 is invalid
[1.609s]          [01;31m[KRCLCPP_INFO[m[K(node->get_logger(), "ReceiveTest[0] = %f, ReceiveTest[1] = %f, ReceiveCodeTest = %d\n", ReceiveTest[0], ReceiveTest[1], ReceiveCodeTest);
[1.609s]          [01;31m[K^~~~~~~~~~~[m[K
[2.022s] make[2]: *** [CMakeFiles/serial_test.dir/build.make:63: CMakeFiles/serial_test.dir/src/serial_test.cpp.o] Error 1
[2.022s] make[1]: *** [CMakeFiles/Makefile2:78: CMakeFiles/serial_test.dir/all] Error 2
[2.022s] make: *** [Makefile:141: all] Error 2
[2.025s] Invoked command in '/home/fzq614/My_ROS_Robot/ROS-WorkSpace/ROS2-Robot-WS/build/serial_test' returned '2': CMAKE_PREFIX_PATH=${CMAKE_PREFIX_PATH}:/opt/ros/galactic /usr/bin/cmake --build /home/fzq614/My_ROS_Robot/ROS-WorkSpace/ROS2-Robot-WS/build/serial_test -- -j4 -l4
