[01m[K/home/fzq614/My_ROS_Robot/ROS-WorkSpace/ROS2-Robot-WS/src/serial_test/src/serial_linux.cpp:[m[K In member function â€˜[01m[Kvoid Serial::SerialInit(std::__cxx11::string&)[m[Kâ€™:
[01m[K/home/fzq614/My_ROS_Robot/ROS-WorkSpace/ROS2-Robot-WS/src/serial_test/src/serial_linux.cpp:26:28:[m[K [01;31m[Kerror: [m[Kâ€˜[01m[Kbuffer[m[Kâ€™ was not declared in this scope
     boost::asio::write(sp, [01;31m[Kbuffer[m[K("Hello world", 12));
                            [01;31m[K^~~~~~[m[K
[01m[K/home/fzq614/My_ROS_Robot/ROS-WorkSpace/ROS2-Robot-WS/src/serial_test/src/serial_linux.cpp:26:28:[m[K [01;36m[Knote: [m[Ksuggested alternative:
In file included from [01m[K/usr/include/boost/asio/detail/reactive_socket_service.hpp:22[m[K,
                 from [01m[K/usr/include/boost/asio/basic_socket.hpp:36[m[K,
                 from [01m[K/usr/include/boost/asio/basic_datagram_socket.hpp:20[m[K,
                 from [01m[K/usr/include/boost/asio.hpp:24[m[K,
                 from [01m[K/home/fzq614/My_ROS_Robot/ROS-WorkSpace/ROS2-Robot-WS/src/serial_test/src/serial_linux.hpp:5[m[K,
                 from [01m[K/home/fzq614/My_ROS_Robot/ROS-WorkSpace/ROS2-Robot-WS/src/serial_test/src/serial_linux.cpp:1[m[K:
[01m[K/usr/include/boost/asio/buffer.hpp:1522:32:[m[K [01;36m[Knote: [m[K  â€˜[01m[Kboost::asio::buffer[m[Kâ€™
 inline BOOST_ASIO_CONST_BUFFER [01;36m[Kbuffer[m[K(
                                [01;36m[K^~~~~~[m[K
[01m[K/home/fzq614/My_ROS_Robot/ROS-WorkSpace/ROS2-Robot-WS/src/serial_test/src/serial_linux.cpp:17:39:[m[K [01;35m[Kwarning: [m[Kunused parameter â€˜[01m[Kport_name_[m[Kâ€™ [[01;35m[K-Wunused-parameter[m[K]
 void Serial::SerialInit([01;35m[Kstd::string & port_name_[m[K)
                         [01;35m[K~~~~~~~~~~~~~~^~~~~~~~~~[m[K
make[2]: *** [CMakeFiles/serial_test.dir/build.make:76: CMakeFiles/serial_test.dir/src/serial_linux.cpp.o] Error 1
make[1]: *** [CMakeFiles/Makefile2:78: CMakeFiles/serial_test.dir/all] Error 2
make: *** [Makefile:141: all] Error 2
