[0.049s] Invoking command in '/home/fzq614/My_ROS_Robot/ROS-WorkSpace/ROS2-Robot-WS/build/serial_test': CMAKE_PREFIX_PATH=${CMAKE_PREFIX_PATH}:/opt/ros/galactic /usr/bin/cmake --build /home/fzq614/My_ROS_Robot/ROS-WorkSpace/ROS2-Robot-WS/build/serial_test -- -j4 -l4
[0.096s] [35m[1mScanning dependencies of target serial_test[0m
[0.120s] [ 33%] [32mBuilding CXX object CMakeFiles/serial_test.dir/src/serial_linux.cpp.o[0m
[1.709s] [01m[K/home/fzq614/My_ROS_Robot/ROS-WorkSpace/ROS2-Robot-WS/src/third_pkg/Serial_Linux/src/serial_linux.cpp:72:6:[m[K [01;31m[Kerror: [m[Kno declaration matches â€˜[01m[Kvoid Serial::handle_read(char*, boost::system::error_code, std::size_t)[m[Kâ€™
[1.709s]  void [01;31m[KSerial[m[K::handle_read( char buf[], boost::system::error_code ec, std::size_t bytes_transferred )
[1.710s]       [01;31m[K^~~~~~[m[K
[1.710s] [01m[K/home/fzq614/My_ROS_Robot/ROS-WorkSpace/ROS2-Robot-WS/src/third_pkg/Serial_Linux/src/serial_linux.cpp:72:6:[m[K [01;36m[Knote: [m[Kno functions named â€˜[01m[Kvoid Serial::handle_read(char*, boost::system::error_code, std::size_t)[m[Kâ€™
[1.710s] In file included from [01m[K/home/fzq614/My_ROS_Robot/ROS-WorkSpace/ROS2-Robot-WS/src/third_pkg/Serial_Linux/src/serial_linux.cpp:1[m[K:
[1.710s] [01m[K/home/fzq614/My_ROS_Robot/ROS-WorkSpace/ROS2-Robot-WS/src/third_pkg/Serial_Linux/src/serial_linux.hpp:16:7:[m[K [01;36m[Knote: [m[Kâ€˜[01m[Kclass Serial[m[Kâ€™ defined here
[1.710s]  class [01;36m[KSerial[m[K
[1.710s]        [01;36m[K^~~~~~[m[K
[1.710s] [01m[K/home/fzq614/My_ROS_Robot/ROS-WorkSpace/ROS2-Robot-WS/src/third_pkg/Serial_Linux/src/serial_linux.cpp:[m[K In member function â€˜[01m[Kvoid Serial::read_from_serial()[m[Kâ€™:
[1.710s] [01m[K/home/fzq614/My_ROS_Robot/ROS-WorkSpace/ROS2-Robot-WS/src/third_pkg/Serial_Linux/src/serial_linux.cpp:83:88:[m[K [01;31m[Kerror: [m[Kâ€˜[01m[Khandle_read[m[Kâ€™ is not a member of â€˜[01m[KSerial[m[Kâ€™
[1.710s]  ync_read_until(*serial_port_, response, "\r\n", std::bind( &Serial::[01;31m[Khandle_read[m[K, this, v, _1, _2));
[1.710s]                                                                      [01;31m[K^~~~~~~~~~~[m[K
[1.710s] 
[1.710s] [01m[K/home/fzq614/My_ROS_Robot/ROS-WorkSpace/ROS2-Robot-WS/src/third_pkg/Serial_Linux/src/serial_linux.cpp:83:107:[m[K [01;31m[Kerror: [m[Kâ€˜[01m[Kv[m[Kâ€™ was not declared in this scope
[1.710s]  ial_port_, response, "\r\n", std::bind( &Serial::handle_read, this, [01;31m[Kv[m[K, _1, _2));
[1.710s]                                                                      [01;31m[K^[m[K
[1.710s] 
[1.712s] [01m[K/home/fzq614/My_ROS_Robot/ROS-WorkSpace/ROS2-Robot-WS/src/third_pkg/Serial_Linux/src/serial_linux.cpp:83:110:[m[K [01;31m[Kerror: [m[Kâ€˜[01m[K_1[m[Kâ€™ was not declared in this scope
[1.712s]  al_port_, response, "\r\n", std::bind( &Serial::handle_read, this, v, [01;31m[K_1[m[K, _2));
[1.712s]                                                                        [01;31m[K^~[m[K
[1.712s] 
[1.712s] [01m[K/home/fzq614/My_ROS_Robot/ROS-WorkSpace/ROS2-Robot-WS/src/third_pkg/Serial_Linux/src/serial_linux.cpp:83:110:[m[K [01;36m[Knote: [m[Ksuggested alternative:
[1.712s] In file included from [01m[K/opt/ros/galactic/include/rclcpp/context.hpp:19[m[K,
[1.712s]                  from [01m[K/opt/ros/galactic/include/rclcpp/executor.hpp:33[m[K,
[1.712s]                  from [01m[K/opt/ros/galactic/include/rclcpp/executors/multi_threaded_executor.hpp:26[m[K,
[1.712s]                  from [01m[K/opt/ros/galactic/include/rclcpp/executors.hpp:21[m[K,
[1.712s]                  from [01m[K/opt/ros/galactic/include/rclcpp/rclcpp.hpp:156[m[K,
[1.713s]                  from [01m[K/home/fzq614/My_ROS_Robot/ROS-WorkSpace/ROS2-Robot-WS/src/third_pkg/Serial_Linux/src/serial_linux.hpp:4[m[K,
[1.713s]                  from [01m[K/home/fzq614/My_ROS_Robot/ROS-WorkSpace/ROS2-Robot-WS/src/third_pkg/Serial_Linux/src/serial_linux.cpp:1[m[K:
[1.713s] [01m[K/usr/include/c++/8/functional:211:34:[m[K [01;36m[Knote: [m[K  â€˜[01m[Kstd::placeholders::_1[m[Kâ€™
[1.713s]      extern const _Placeholder<1> [01;36m[K_1[m[K;
[1.713s]                                   [01;36m[K^~[m[K
[1.713s] [01m[K/home/fzq614/My_ROS_Robot/ROS-WorkSpace/ROS2-Robot-WS/src/third_pkg/Serial_Linux/src/serial_linux.cpp:83:114:[m[K [01;31m[Kerror: [m[Kâ€˜[01m[K_2[m[Kâ€™ was not declared in this scope
[1.713s]  al_port_, response, "\r\n", std::bind( &Serial::handle_read, this, v, _1, [01;31m[K_2[m[K));
[1.713s]                                                                            [01;31m[K^~[m[K
[1.713s] 
[1.713s] [01m[K/home/fzq614/My_ROS_Robot/ROS-WorkSpace/ROS2-Robot-WS/src/third_pkg/Serial_Linux/src/serial_linux.cpp:83:114:[m[K [01;36m[Knote: [m[Ksuggested alternative:
[1.713s] In file included from [01m[K/opt/ros/galactic/include/rclcpp/context.hpp:19[m[K,
[1.713s]                  from [01m[K/opt/ros/galactic/include/rclcpp/executor.hpp:33[m[K,
[1.713s]                  from [01m[K/opt/ros/galactic/include/rclcpp/executors/multi_threaded_executor.hpp:26[m[K,
[1.713s]                  from [01m[K/opt/ros/galactic/include/rclcpp/executors.hpp:21[m[K,
[1.713s]                  from [01m[K/opt/ros/galactic/include/rclcpp/rclcpp.hpp:156[m[K,
[1.713s]                  from [01m[K/home/fzq614/My_ROS_Robot/ROS-WorkSpace/ROS2-Robot-WS/src/third_pkg/Serial_Linux/src/serial_linux.hpp:4[m[K,
[1.713s]                  from [01m[K/home/fzq614/My_ROS_Robot/ROS-WorkSpace/ROS2-Robot-WS/src/third_pkg/Serial_Linux/src/serial_linux.cpp:1[m[K:
[1.713s] [01m[K/usr/include/c++/8/functional:212:34:[m[K [01;36m[Knote: [m[K  â€˜[01m[Kstd::placeholders::_2[m[Kâ€™
[1.713s]      extern const _Placeholder<2> [01;36m[K_2[m[K;
[1.713s]                                   [01;36m[K^~[m[K
[2.151s] make[2]: *** [CMakeFiles/serial_test.dir/build.make:76: CMakeFiles/serial_test.dir/src/serial_linux.cpp.o] Error 1
[2.151s] make[1]: *** [CMakeFiles/Makefile2:78: CMakeFiles/serial_test.dir/all] Error 2
[2.151s] make: *** [Makefile:141: all] Error 2
[2.155s] Invoked command in '/home/fzq614/My_ROS_Robot/ROS-WorkSpace/ROS2-Robot-WS/build/serial_test' returned '2': CMAKE_PREFIX_PATH=${CMAKE_PREFIX_PATH}:/opt/ros/galactic /usr/bin/cmake --build /home/fzq614/My_ROS_Robot/ROS-WorkSpace/ROS2-Robot-WS/build/serial_test -- -j4 -l4
