[01m[K/home/fzq614/My_ROS_Robot/ROS-WorkSpace/ROS2-Robot-WS/src/third_pkg/Serial_Linux/src/serial_test.cpp:[m[K In constructor â€˜[01m[KSerialNode::SerialNode()[m[Kâ€™:
[01m[K/home/fzq614/My_ROS_Robot/ROS-WorkSpace/ROS2-Robot-WS/src/third_pkg/Serial_Linux/src/serial_test.cpp:38:17:[m[K [01;31m[Kerror: [m[Kâ€˜[01m[Kthread[m[Kâ€™ is not a member of â€˜[01m[Krclcpp[m[Kâ€™
         rclcpp::[01;31m[Kthread[m[K recv_thread(std::bind(&my_serial.read_from_serial,this));
                 [01;31m[K^~~~~~[m[K
[01m[K/home/fzq614/My_ROS_Robot/ROS-WorkSpace/ROS2-Robot-WS/src/third_pkg/Serial_Linux/src/serial_test.cpp:38:17:[m[K [01;36m[Knote: [m[Ksuggested alternatives:
In file included from [01m[K/usr/include/c++/8/future:39[m[K,
                 from [01m[K/opt/ros/galactic/include/rclcpp/executors.hpp:18[m[K,
                 from [01m[K/opt/ros/galactic/include/rclcpp/rclcpp.hpp:156[m[K,
                 from [01m[K/home/fzq614/My_ROS_Robot/ROS-WorkSpace/ROS2-Robot-WS/src/third_pkg/Serial_Linux/src/serial_test.cpp:1[m[K:
[01m[K/usr/include/c++/8/thread:62:9:[m[K [01;36m[Knote: [m[K  â€˜[01m[Kstd::thread[m[Kâ€™
   class [01;36m[Kthread[m[K
         [01;36m[K^~~~~~[m[K
In file included from [01m[K/usr/include/boost/asio/detail/scheduler.hpp:28[m[K,
                 from [01m[K/usr/include/boost/asio/system_context.hpp:19[m[K,
                 from [01m[K/usr/include/boost/asio/impl/system_executor.hpp:22[m[K,
                 from [01m[K/usr/include/boost/asio/system_executor.hpp:129[m[K,
                 from [01m[K/usr/include/boost/asio/associated_executor.hpp:21[m[K,
                 from [01m[K/usr/include/boost/asio.hpp:21[m[K,
                 from [01m[K/home/fzq614/My_ROS_Robot/ROS-WorkSpace/ROS2-Robot-WS/src/third_pkg/Serial_Linux/src/serial_linux.hpp:5[m[K,
                 from [01m[K/home/fzq614/My_ROS_Robot/ROS-WorkSpace/ROS2-Robot-WS/src/third_pkg/Serial_Linux/src/serial_test.cpp:2[m[K:
[01m[K/usr/include/boost/asio/detail/thread.hpp:53:22:[m[K [01;36m[Knote: [m[K  â€˜[01m[Kboost::asio::detail::thread[m[Kâ€™
 typedef posix_thread [01;36m[Kthread[m[K;
                      [01;36m[K^~~~~~[m[K
make[2]: *** [CMakeFiles/serial_test.dir/build.make:63: CMakeFiles/serial_test.dir/src/serial_test.cpp.o] Error 1
make[1]: *** [CMakeFiles/Makefile2:78: CMakeFiles/serial_test.dir/all] Error 2
make: *** [Makefile:141: all] Error 2
