[0.056s] Invoking command in '/home/fzq614/My_ROS_Robot/ROS-WorkSpace/ROS2-Robot-WS/build/serial_test': CMAKE_PREFIX_PATH=${CMAKE_PREFIX_PATH}:/opt/ros/galactic /usr/bin/cmake --build /home/fzq614/My_ROS_Robot/ROS-WorkSpace/ROS2-Robot-WS/build/serial_test -- -j4 -l4
[0.234s] [35m[1mScanning dependencies of target serial_test[0m
[0.340s] [ 33%] [32mBuilding CXX object CMakeFiles/serial_test.dir/src/serial_test.cpp.o[0m
[7.092s] [01m[K/home/fzq614/My_ROS_Robot/ROS-WorkSpace/ROS2-Robot-WS/src/third_pkg/Serial_Linux/src/serial_test.cpp:[m[K In constructor â€˜[01m[KSerialNode::SerialNode()[m[Kâ€™:
[7.093s] [01m[K/home/fzq614/My_ROS_Robot/ROS-WorkSpace/ROS2-Robot-WS/src/third_pkg/Serial_Linux/src/serial_test.cpp:38:17:[m[K [01;31m[Kerror: [m[Kâ€˜[01m[Kthread[m[Kâ€™ is not a member of â€˜[01m[Krclcpp[m[Kâ€™
[7.093s]          rclcpp::[01;31m[Kthread[m[K recv_thread(std::bind(&my_serial.read_from_serial,this));
[7.093s]                  [01;31m[K^~~~~~[m[K
[7.094s] [01m[K/home/fzq614/My_ROS_Robot/ROS-WorkSpace/ROS2-Robot-WS/src/third_pkg/Serial_Linux/src/serial_test.cpp:38:17:[m[K [01;36m[Knote: [m[Ksuggested alternatives:
[7.095s] In file included from [01m[K/usr/include/c++/8/future:39[m[K,
[7.095s]                  from [01m[K/opt/ros/galactic/include/rclcpp/executors.hpp:18[m[K,
[7.095s]                  from [01m[K/opt/ros/galactic/include/rclcpp/rclcpp.hpp:156[m[K,
[7.095s]                  from [01m[K/home/fzq614/My_ROS_Robot/ROS-WorkSpace/ROS2-Robot-WS/src/third_pkg/Serial_Linux/src/serial_test.cpp:1[m[K:
[7.095s] [01m[K/usr/include/c++/8/thread:62:9:[m[K [01;36m[Knote: [m[K  â€˜[01m[Kstd::thread[m[Kâ€™
[7.096s]    class [01;36m[Kthread[m[K
[7.096s]          [01;36m[K^~~~~~[m[K
[7.096s] In file included from [01m[K/usr/include/boost/asio/detail/scheduler.hpp:28[m[K,
[7.097s]                  from [01m[K/usr/include/boost/asio/system_context.hpp:19[m[K,
[7.097s]                  from [01m[K/usr/include/boost/asio/impl/system_executor.hpp:22[m[K,
[7.097s]                  from [01m[K/usr/include/boost/asio/system_executor.hpp:129[m[K,
[7.097s]                  from [01m[K/usr/include/boost/asio/associated_executor.hpp:21[m[K,
[7.097s]                  from [01m[K/usr/include/boost/asio.hpp:21[m[K,
[7.098s]                  from [01m[K/home/fzq614/My_ROS_Robot/ROS-WorkSpace/ROS2-Robot-WS/src/third_pkg/Serial_Linux/src/serial_linux.hpp:5[m[K,
[7.099s]                  from [01m[K/home/fzq614/My_ROS_Robot/ROS-WorkSpace/ROS2-Robot-WS/src/third_pkg/Serial_Linux/src/serial_test.cpp:2[m[K:
[7.100s] [01m[K/usr/include/boost/asio/detail/thread.hpp:53:22:[m[K [01;36m[Knote: [m[K  â€˜[01m[Kboost::asio::detail::thread[m[Kâ€™
[7.100s]  typedef posix_thread [01;36m[Kthread[m[K;
[7.100s]                       [01;36m[K^~~~~~[m[K
[8.947s] make[2]: *** [CMakeFiles/serial_test.dir/build.make:63: CMakeFiles/serial_test.dir/src/serial_test.cpp.o] Error 1
[8.948s] make[1]: *** [CMakeFiles/Makefile2:78: CMakeFiles/serial_test.dir/all] Error 2
[8.949s] make: *** [Makefile:141: all] Error 2
[8.959s] Invoked command in '/home/fzq614/My_ROS_Robot/ROS-WorkSpace/ROS2-Robot-WS/build/serial_test' returned '2': CMAKE_PREFIX_PATH=${CMAKE_PREFIX_PATH}:/opt/ros/galactic /usr/bin/cmake --build /home/fzq614/My_ROS_Robot/ROS-WorkSpace/ROS2-Robot-WS/build/serial_test -- -j4 -l4
