[01m[K/home/fzq614/My_ROS_Robot/ROS-WorkSpace/ROS2-Robot-WS/src/serial_test/src/serial_linux.cpp:[m[K In member function â€˜[01m[Kvoid Serial::write_to_serial(std::__cxx11::string)[m[Kâ€™:
[01m[K/home/fzq614/My_ROS_Robot/ROS-WorkSpace/ROS2-Robot-WS/src/serial_test/src/serial_linux.cpp:37:12:[m[K [01;35m[Kwarning: [m[Kvariable â€˜[01m[Klen[m[Kâ€™ set but not used [[01;35m[K-Wunused-but-set-variable[m[K]
     size_t [01;35m[Klen[m[K;
            [01;35m[K^~~[m[K
[01m[K/home/fzq614/My_ROS_Robot/ROS-WorkSpace/ROS2-Robot-WS/src/serial_test/src/serial_linux.cpp:[m[K In member function â€˜[01m[Kvoid Serial::read_from_serial()[m[Kâ€™:
[01m[K/home/fzq614/My_ROS_Robot/ROS-WorkSpace/ROS2-Robot-WS/src/serial_test/src/serial_linux.cpp:50:135:[m[K [01;31m[Kerror: [m[Kâ€˜[01m[KReceiveBuf[m[Kâ€™ was not declared in this scope
 (&response) >> std::noskipws), std::istream_iterator<unsigned char>(), [01;31m[KReceiveBuf[m[K);
                                                                        [01;31m[K^~~~~~~~~~[m[K

[01m[K/home/fzq614/My_ROS_Robot/ROS-WorkSpace/ROS2-Robot-WS/src/serial_test/src/serial_linux.cpp:50:135:[m[K [01;36m[Knote: [m[Ksuggested alternative: â€˜[01m[KReceiveUnion[m[Kâ€™
 (&response) >> std::noskipws), std::istream_iterator<unsigned char>(), [01;36m[KReceiveBuf[m[K);
                                                                        [01;36m[K^~~~~~~~~~[m[K
                                                                        [32m[KReceiveUnion[m[K
make[2]: *** [CMakeFiles/serial_test.dir/build.make:76: CMakeFiles/serial_test.dir/src/serial_linux.cpp.o] Error 1
make[1]: *** [CMakeFiles/Makefile2:78: CMakeFiles/serial_test.dir/all] Error 2
make: *** [Makefile:141: all] Error 2
